<?xml version="1.0" encoding="UTF-8"?>
<coverage generated="1733148634074" clover="3.2.0">
  <project timestamp="1733148634074" name="All files">
    <metrics statements="685" coveredstatements="427" conditionals="384" coveredconditionals="192" methods="38" coveredmethods="21" elements="1107" coveredelements="640" complexity="0" loc="685" ncloc="685" packages="2" files="3" classes="3"/>
    <package name="Server">
      <metrics statements="662" coveredstatements="405" conditionals="382" coveredconditionals="192" methods="37" coveredmethods="21"/>
      <file name="db.js" path="D:\GitHub\Bioscopic-LIS\Server\db.js">
        <metrics statements="9" coveredstatements="4" conditionals="2" coveredconditionals="1" methods="1" coveredmethods="1"/>
        <line num="1" count="10" type="stmt"/>
        <line num="3" count="10" type="stmt"/>
        <line num="4" count="10" type="cond" truecount="1" falsecount="1"/>
        <line num="5" count="0" type="stmt"/>
        <line num="6" count="0" type="stmt"/>
        <line num="7" count="0" type="stmt"/>
        <line num="9" count="0" type="stmt"/>
        <line num="10" count="0" type="stmt"/>
        <line num="15" count="10" type="stmt"/>
      </file>
      <file name="index.js" path="D:\GitHub\Bioscopic-LIS\Server\index.js">
        <metrics statements="653" coveredstatements="401" conditionals="380" coveredconditionals="191" methods="36" coveredmethods="20"/>
        <line num="3" count="10" type="stmt"/>
        <line num="4" count="10" type="stmt"/>
        <line num="5" count="10" type="stmt"/>
        <line num="6" count="10" type="stmt"/>
        <line num="7" count="10" type="stmt"/>
        <line num="8" count="10" type="stmt"/>
        <line num="9" count="10" type="stmt"/>
        <line num="11" count="10" type="stmt"/>
        <line num="12" count="10" type="stmt"/>
        <line num="14" count="10" type="stmt"/>
        <line num="15" count="10" type="stmt"/>
        <line num="30" count="10" type="stmt"/>
        <line num="32" count="10" type="stmt"/>
        <line num="33" count="10" type="stmt"/>
        <line num="34" count="10" type="cond" truecount="2" falsecount="0"/>
        <line num="36" count="10" type="stmt"/>
        <line num="38" count="10" type="stmt"/>
        <line num="43" count="10" type="stmt"/>
        <line num="45" count="10" type="stmt"/>
        <line num="58" count="10" type="stmt"/>
        <line num="59" count="4" type="stmt"/>
        <line num="61" count="4" type="stmt"/>
        <line num="62" count="4" type="stmt"/>
        <line num="63" count="4" type="stmt"/>
        <line num="66" count="4" type="stmt"/>
        <line num="67" count="4" type="stmt"/>
        <line num="69" count="10" type="stmt"/>
        <line num="70" count="47" type="stmt"/>
        <line num="74" count="10" type="stmt"/>
        <line num="75" count="12" type="stmt"/>
        <line num="78" count="12" type="cond" truecount="3" falsecount="1"/>
        <line num="79" count="0" type="stmt"/>
        <line num="83" count="12" type="cond" truecount="2" falsecount="0"/>
        <line num="84" count="9" type="stmt"/>
        <line num="87" count="3" type="stmt"/>
        <line num="90" count="3" type="cond" truecount="3" falsecount="1"/>
        <line num="91" count="0" type="stmt"/>
        <line num="95" count="3" type="cond" truecount="2" falsecount="0"/>
        <line num="101" count="10" type="cond" truecount="2" falsecount="0"/>
        <line num="102" count="9" type="cond" truecount="2" falsecount="0"/>
        <line num="109" count="9" type="stmt"/>
        <line num="116" count="1" type="stmt"/>
        <line num="123" count="10" type="cond" truecount="2" falsecount="0"/>
        <line num="124" count="1" type="stmt"/>
        <line num="125" count="1" type="stmt"/>
        <line num="129" count="4" type="stmt"/>
        <line num="131" count="0" type="stmt"/>
        <line num="132" count="0" type="stmt"/>
        <line num="136" count="10" type="stmt"/>
        <line num="137" count="0" type="stmt"/>
        <line num="138" count="0" type="stmt"/>
        <line num="139" count="0" type="stmt"/>
        <line num="140" count="0" type="stmt"/>
        <line num="141" count="0" type="stmt"/>
        <line num="143" count="0" type="cond" truecount="0" falsecount="2"/>
        <line num="144" count="0" type="stmt"/>
        <line num="147" count="0" type="stmt"/>
        <line num="153" count="0" type="cond" truecount="0" falsecount="2"/>
        <line num="156" count="0" type="stmt"/>
        <line num="158" count="0" type="stmt"/>
        <line num="159" count="0" type="cond" truecount="0" falsecount="2"/>
        <line num="170" count="0" type="stmt"/>
        <line num="174" count="0" type="stmt"/>
        <line num="185" count="0" type="cond" truecount="0" falsecount="2"/>
        <line num="186" count="0" type="stmt"/>
        <line num="187" count="0" type="stmt"/>
        <line num="192" count="0" type="cond" truecount="0" falsecount="2"/>
        <line num="193" count="0" type="stmt"/>
        <line num="196" count="0" type="stmt"/>
        <line num="201" count="0" type="stmt"/>
        <line num="202" count="0" type="stmt"/>
        <line num="206" count="10" type="stmt"/>
        <line num="207" count="0" type="stmt"/>
        <line num="208" count="0" type="stmt"/>
        <line num="222" count="0" type="stmt"/>
        <line num="224" count="0" type="stmt"/>
        <line num="225" count="0" type="stmt"/>
        <line num="229" count="10" type="stmt"/>
        <line num="230" count="18" type="stmt"/>
        <line num="232" count="18" type="stmt"/>
        <line num="233" count="18" type="stmt"/>
        <line num="234" count="18" type="stmt"/>
        <line num="235" count="18" type="stmt"/>
        <line num="236" count="18" type="stmt"/>
        <line num="238" count="18" type="cond" truecount="3" falsecount="1"/>
        <line num="239" count="18" type="stmt"/>
        <line num="240" count="18" type="stmt"/>
        <line num="241" count="18" type="stmt"/>
        <line num="244" count="8" type="stmt"/>
        <line num="246" count="18" type="stmt"/>
        <line num="256" count="18" type="stmt"/>
        <line num="257" count="18" type="stmt"/>
        <line num="258" count="18" type="cond" truecount="2" falsecount="0"/>
        <line num="262" count="3" type="stmt"/>
        <line num="263" count="3" type="stmt"/>
        <line num="266" count="18" type="cond" truecount="2" falsecount="0"/>
        <line num="270" count="3" type="stmt"/>
        <line num="271" count="3" type="stmt"/>
        <line num="274" count="18" type="cond" truecount="2" falsecount="0"/>
        <line num="278" count="3" type="stmt"/>
        <line num="279" count="3" type="stmt"/>
        <line num="282" count="18" type="cond" truecount="2" falsecount="0"/>
        <line num="286" count="3" type="stmt"/>
        <line num="287" count="3" type="stmt"/>
        <line num="291" count="18" type="cond" truecount="2" falsecount="0"/>
        <line num="292" count="4" type="stmt"/>
        <line num="294" count="18" type="cond" truecount="2" falsecount="0"/>
        <line num="295" count="4" type="stmt"/>
        <line num="298" count="18" type="cond" truecount="4" falsecount="0"/>
        <line num="300" count="1" type="stmt"/>
        <line num="303" count="18" type="cond" truecount="4" falsecount="0"/>
        <line num="305" count="1" type="stmt"/>
        <line num="306" count="1" type="stmt"/>
        <line num="309" count="18" type="cond" truecount="4" falsecount="0"/>
        <line num="311" count="1" type="stmt"/>
        <line num="315" count="18" type="cond" truecount="1" falsecount="1"/>
        <line num="316" count="0" type="stmt"/>
        <line num="319" count="18" type="stmt"/>
        <line num="324" count="18" type="stmt"/>
        <line num="325" count="18" type="stmt"/>
        <line num="326" count="18" type="stmt"/>
        <line num="327" count="20" type="stmt"/>
        <line num="328" count="20" type="stmt"/>
        <line num="332" count="18" type="stmt"/>
        <line num="334" count="22" type="cond" truecount="2" falsecount="0"/>
        <line num="335" count="12" type="stmt"/>
        <line num="336" count="10" type="cond" truecount="1" falsecount="1"/>
        <line num="337" count="10" type="stmt"/>
        <line num="339" count="0" type="stmt"/>
        <line num="343" count="22" type="stmt"/>
        <line num="344" count="44" type="cond" truecount="2" falsecount="0"/>
        <line num="356" count="22" type="stmt"/>
        <line num="372" count="22" type="cond" truecount="1" falsecount="1"/>
        <line num="373" count="0" type="stmt"/>
        <line num="374" count="0" type="stmt"/>
        <line num="379" count="18" type="cond" truecount="1" falsecount="1"/>
        <line num="380" count="0" type="stmt"/>
        <line num="383" count="18" type="stmt"/>
        <line num="385" count="0" type="stmt"/>
        <line num="386" count="0" type="stmt"/>
        <line num="390" count="10" type="stmt"/>
        <line num="391" count="0" type="stmt"/>
        <line num="392" count="0" type="stmt"/>
        <line num="394" count="0" type="stmt"/>
        <line num="396" count="0" type="cond" truecount="0" falsecount="2"/>
        <line num="397" count="0" type="stmt"/>
        <line num="401" count="0" type="stmt"/>
        <line num="403" count="0" type="stmt"/>
        <line num="404" count="0" type="stmt"/>
        <line num="409" count="10" type="stmt"/>
        <line num="420" count="4" type="stmt"/>
        <line num="422" count="4" type="stmt"/>
        <line num="423" count="4" type="cond" truecount="2" falsecount="0"/>
        <line num="424" count="1" type="stmt"/>
        <line num="426" count="3" type="stmt"/>
        <line num="427" count="3" type="stmt"/>
        <line num="428" count="3" type="stmt"/>
        <line num="429" count="3" type="stmt"/>
        <line num="440" count="3" type="stmt"/>
        <line num="441" count="3" type="stmt"/>
        <line num="444" count="10" type="stmt"/>
        <line num="445" count="5" type="stmt"/>
        <line num="446" count="5" type="stmt"/>
        <line num="448" count="5" type="cond" truecount="2" falsecount="0"/>
        <line num="449" count="1" type="stmt"/>
        <line num="451" count="4" type="stmt"/>
        <line num="452" count="4" type="cond" truecount="2" falsecount="0"/>
        <line num="453" count="1" type="stmt"/>
        <line num="455" count="3" type="stmt"/>
        <line num="456" count="3" type="stmt"/>
        <line num="457" count="3" type="cond" truecount="2" falsecount="0"/>
        <line num="458" count="1" type="stmt"/>
        <line num="460" count="2" type="stmt"/>
        <line num="462" count="3" type="stmt"/>
        <line num="465" count="10" type="stmt"/>
        <line num="466" count="0" type="cond" truecount="0" falsecount="2"/>
        <line num="468" count="0" type="stmt"/>
        <line num="470" count="0" type="cond" truecount="0" falsecount="2"/>
        <line num="471" count="0" type="stmt"/>
        <line num="473" count="0" type="stmt"/>
        <line num="477" count="0" type="stmt"/>
        <line num="478" count="0" type="stmt"/>
        <line num="481" count="0" type="stmt"/>
        <line num="486" count="10" type="stmt"/>
        <line num="487" count="1" type="stmt"/>
        <line num="488" count="1" type="stmt"/>
        <line num="492" count="10" type="stmt"/>
        <line num="493" count="2" type="cond" truecount="2" falsecount="0"/>
        <line num="494" count="1" type="stmt"/>
        <line num="496" count="1" type="stmt"/>
        <line num="500" count="10" type="stmt"/>
        <line num="513" count="5" type="stmt"/>
        <line num="514" count="5" type="stmt"/>
        <line num="515" count="5" type="cond" truecount="2" falsecount="0"/>
        <line num="516" count="1" type="stmt"/>
        <line num="517" count="1" type="stmt"/>
        <line num="522" count="4" type="stmt"/>
        <line num="525" count="4" type="cond" truecount="1" falsecount="1"/>
        <line num="529" count="4" type="stmt"/>
        <line num="542" count="4" type="stmt"/>
        <line num="543" count="4" type="stmt"/>
        <line num="546" count="0" type="stmt"/>
        <line num="552" count="10" type="stmt"/>
        <line num="553" count="0" type="stmt"/>
        <line num="554" count="0" type="stmt"/>
        <line num="555" count="0" type="stmt"/>
        <line num="556" count="0" type="stmt"/>
        <line num="557" count="0" type="stmt"/>
        <line num="558" count="0" type="stmt"/>
        <line num="560" count="0" type="stmt"/>
        <line num="561" count="0" type="stmt"/>
        <line num="564" count="0" type="stmt"/>
        <line num="565" count="0" type="stmt"/>
        <line num="566" count="0" type="stmt"/>
        <line num="574" count="0" type="stmt"/>
        <line num="575" count="0" type="cond" truecount="0" falsecount="2"/>
        <line num="576" count="0" type="stmt"/>
        <line num="577" count="0" type="stmt"/>
        <line num="578" count="0" type="stmt"/>
        <line num="580" count="0" type="stmt"/>
        <line num="583" count="0" type="stmt"/>
        <line num="584" count="0" type="stmt"/>
        <line num="588" count="0" type="stmt"/>
        <line num="591" count="0" type="cond" truecount="0" falsecount="2"/>
        <line num="592" count="0" type="stmt"/>
        <line num="594" count="0" type="stmt"/>
        <line num="596" count="0" type="stmt"/>
        <line num="598" count="0" type="stmt"/>
        <line num="606" count="0" type="stmt"/>
        <line num="608" count="0" type="cond" truecount="0" falsecount="2"/>
        <line num="609" count="0" type="stmt"/>
        <line num="610" count="0" type="cond" truecount="0" falsecount="2"/>
        <line num="611" count="0" type="stmt"/>
        <line num="612" count="0" type="cond" truecount="0" falsecount="2"/>
        <line num="613" count="0" type="stmt"/>
        <line num="614" count="0" type="cond" truecount="0" falsecount="2"/>
        <line num="615" count="0" type="stmt"/>
        <line num="619" count="0" type="stmt"/>
        <line num="620" count="0" type="cond" truecount="0" falsecount="2"/>
        <line num="622" count="0" type="stmt"/>
        <line num="623" count="0" type="stmt"/>
        <line num="637" count="0" type="stmt"/>
        <line num="640" count="0" type="stmt"/>
        <line num="641" count="0" type="cond" truecount="0" falsecount="2"/>
        <line num="642" count="0" type="cond" truecount="0" falsecount="7"/>
        <line num="644" count="0" type="stmt"/>
        <line num="645" count="0" type="stmt"/>
        <line num="647" count="0" type="stmt"/>
        <line num="648" count="0" type="stmt"/>
        <line num="649" count="0" type="stmt"/>
        <line num="650" count="0" type="stmt"/>
        <line num="651" count="0" type="stmt"/>
        <line num="652" count="0" type="stmt"/>
        <line num="653" count="0" type="stmt"/>
        <line num="654" count="0" type="stmt"/>
        <line num="655" count="0" type="stmt"/>
        <line num="657" count="0" type="stmt"/>
        <line num="658" count="0" type="stmt"/>
        <line num="660" count="0" type="stmt"/>
        <line num="661" count="0" type="stmt"/>
        <line num="663" count="0" type="stmt"/>
        <line num="664" count="0" type="stmt"/>
        <line num="666" count="0" type="stmt"/>
        <line num="667" count="0" type="stmt"/>
        <line num="669" count="0" type="stmt"/>
        <line num="670" count="0" type="stmt"/>
        <line num="672" count="0" type="cond" truecount="0" falsecount="2"/>
        <line num="673" count="0" type="stmt"/>
        <line num="674" count="0" type="stmt"/>
        <line num="675" count="0" type="stmt"/>
        <line num="676" count="0" type="stmt"/>
        <line num="677" count="0" type="cond" truecount="0" falsecount="4"/>
        <line num="679" count="0" type="stmt"/>
        <line num="680" count="0" type="stmt"/>
        <line num="681" count="0" type="stmt"/>
        <line num="682" count="0" type="stmt"/>
        <line num="683" count="0" type="stmt"/>
        <line num="684" count="0" type="stmt"/>
        <line num="685" count="0" type="stmt"/>
        <line num="686" count="0" type="stmt"/>
        <line num="688" count="0" type="stmt"/>
        <line num="689" count="0" type="stmt"/>
        <line num="690" count="0" type="stmt"/>
        <line num="691" count="0" type="stmt"/>
        <line num="692" count="0" type="stmt"/>
        <line num="693" count="0" type="stmt"/>
        <line num="694" count="0" type="stmt"/>
        <line num="695" count="0" type="stmt"/>
        <line num="696" count="0" type="stmt"/>
        <line num="697" count="0" type="stmt"/>
        <line num="699" count="0" type="stmt"/>
        <line num="700" count="0" type="stmt"/>
        <line num="702" count="0" type="stmt"/>
        <line num="703" count="0" type="stmt"/>
        <line num="705" count="0" type="cond" truecount="0" falsecount="2"/>
        <line num="706" count="0" type="cond" truecount="0" falsecount="14"/>
        <line num="708" count="0" type="stmt"/>
        <line num="709" count="0" type="stmt"/>
        <line num="711" count="0" type="stmt"/>
        <line num="712" count="0" type="stmt"/>
        <line num="714" count="0" type="stmt"/>
        <line num="715" count="0" type="stmt"/>
        <line num="717" count="0" type="stmt"/>
        <line num="718" count="0" type="stmt"/>
        <line num="720" count="0" type="stmt"/>
        <line num="721" count="0" type="stmt"/>
        <line num="723" count="0" type="stmt"/>
        <line num="724" count="0" type="stmt"/>
        <line num="726" count="0" type="stmt"/>
        <line num="727" count="0" type="stmt"/>
        <line num="729" count="0" type="stmt"/>
        <line num="730" count="0" type="stmt"/>
        <line num="732" count="0" type="stmt"/>
        <line num="733" count="0" type="stmt"/>
        <line num="735" count="0" type="stmt"/>
        <line num="736" count="0" type="stmt"/>
        <line num="738" count="0" type="stmt"/>
        <line num="739" count="0" type="stmt"/>
        <line num="741" count="0" type="stmt"/>
        <line num="742" count="0" type="stmt"/>
        <line num="744" count="0" type="stmt"/>
        <line num="745" count="0" type="stmt"/>
        <line num="747" count="0" type="stmt"/>
        <line num="748" count="0" type="stmt"/>
        <line num="750" count="0" type="cond" truecount="0" falsecount="2"/>
        <line num="751" count="0" type="cond" truecount="0" falsecount="7"/>
        <line num="753" count="0" type="stmt"/>
        <line num="754" count="0" type="stmt"/>
        <line num="756" count="0" type="stmt"/>
        <line num="757" count="0" type="stmt"/>
        <line num="759" count="0" type="stmt"/>
        <line num="760" count="0" type="stmt"/>
        <line num="762" count="0" type="stmt"/>
        <line num="763" count="0" type="stmt"/>
        <line num="765" count="0" type="stmt"/>
        <line num="766" count="0" type="stmt"/>
        <line num="768" count="0" type="stmt"/>
        <line num="769" count="0" type="stmt"/>
        <line num="771" count="0" type="stmt"/>
        <line num="772" count="0" type="stmt"/>
        <line num="775" count="0" type="stmt"/>
        <line num="778" count="0" type="stmt"/>
        <line num="779" count="0" type="stmt"/>
        <line num="782" count="0" type="stmt"/>
        <line num="787" count="0" type="stmt"/>
        <line num="788" count="0" type="stmt"/>
        <line num="792" count="10" type="stmt"/>
        <line num="793" count="4" type="stmt"/>
        <line num="794" count="4" type="stmt"/>
        <line num="796" count="4" type="stmt"/>
        <line num="798" count="4" type="stmt"/>
        <line num="802" count="4" type="stmt"/>
        <line num="805" count="4" type="cond" truecount="1" falsecount="1"/>
        <line num="806" count="4" type="stmt"/>
        <line num="809" count="4" type="cond" truecount="2" falsecount="0"/>
        <line num="810" count="2" type="stmt"/>
        <line num="812" count="2" type="stmt"/>
        <line num="817" count="4" type="cond" truecount="1" falsecount="1"/>
        <line num="818" count="4" type="stmt"/>
        <line num="820" count="4" type="cond" truecount="1" falsecount="1"/>
        <line num="821" count="4" type="stmt"/>
        <line num="823" count="4" type="cond" truecount="1" falsecount="1"/>
        <line num="824" count="0" type="stmt"/>
        <line num="827" count="4" type="stmt"/>
        <line num="833" count="4" type="cond" truecount="1" falsecount="1"/>
        <line num="834" count="0" type="stmt"/>
        <line num="835" count="0" type="stmt"/>
        <line num="838" count="4" type="stmt"/>
        <line num="839" count="4" type="stmt"/>
        <line num="841" count="0" type="stmt"/>
        <line num="842" count="0" type="stmt"/>
        <line num="846" count="10" type="stmt"/>
        <line num="847" count="0" type="stmt"/>
        <line num="848" count="0" type="stmt"/>
        <line num="849" count="0" type="stmt"/>
        <line num="850" count="0" type="stmt"/>
        <line num="851" count="0" type="stmt"/>
        <line num="858" count="0" type="stmt"/>
        <line num="859" count="0" type="stmt"/>
        <line num="865" count="0" type="stmt"/>
        <line num="866" count="0" type="cond" truecount="0" falsecount="2"/>
        <line num="867" count="0" type="stmt"/>
        <line num="869" count="0" type="stmt"/>
        <line num="874" count="0" type="stmt"/>
        <line num="875" count="0" type="stmt"/>
        <line num="881" count="10" type="stmt"/>
        <line num="882" count="0" type="stmt"/>
        <line num="883" count="0" type="stmt"/>
        <line num="884" count="0" type="stmt"/>
        <line num="886" count="0" type="stmt"/>
        <line num="887" count="0" type="stmt"/>
        <line num="891" count="10" type="stmt"/>
        <line num="892" count="0" type="stmt"/>
        <line num="893" count="0" type="stmt"/>
        <line num="894" count="0" type="stmt"/>
        <line num="896" count="0" type="stmt"/>
        <line num="900" count="10" type="stmt"/>
        <line num="901" count="0" type="stmt"/>
        <line num="902" count="0" type="stmt"/>
        <line num="903" count="0" type="stmt"/>
        <line num="905" count="0" type="stmt"/>
        <line num="909" count="10" type="stmt"/>
        <line num="911" count="4" type="stmt"/>
        <line num="913" count="4" type="stmt"/>
        <line num="914" count="4" type="stmt"/>
        <line num="915" count="4" type="stmt"/>
        <line num="917" count="4" type="stmt"/>
        <line num="918" count="4" type="stmt"/>
        <line num="919" count="4" type="stmt"/>
        <line num="920" count="4" type="stmt"/>
        <line num="922" count="4" type="cond" truecount="2" falsecount="0"/>
        <line num="923" count="1" type="stmt"/>
        <line num="924" count="1" type="stmt"/>
        <line num="925" count="1" type="stmt"/>
        <line num="926" count="1" type="stmt"/>
        <line num="927" count="1" type="stmt"/>
        <line num="928" count="1" type="stmt"/>
        <line num="929" count="1" type="stmt"/>
        <line num="930" count="1" type="stmt"/>
        <line num="931" count="1" type="stmt"/>
        <line num="932" count="1" type="stmt"/>
        <line num="933" count="1" type="stmt"/>
        <line num="934" count="1" type="stmt"/>
        <line num="935" count="1" type="stmt"/>
        <line num="936" count="1" type="stmt"/>
        <line num="937" count="1" type="stmt"/>
        <line num="939" count="1" type="stmt"/>
        <line num="940" count="1" type="stmt"/>
        <line num="941" count="1" type="stmt"/>
        <line num="942" count="1" type="stmt"/>
        <line num="944" count="1" type="stmt"/>
        <line num="945" count="1" type="stmt"/>
        <line num="947" count="1" type="stmt"/>
        <line num="949" count="1" type="stmt"/>
        <line num="950" count="1" type="stmt"/>
        <line num="951" count="1" type="stmt"/>
        <line num="953" count="1" type="stmt"/>
        <line num="954" count="1" type="stmt"/>
        <line num="955" count="1" type="stmt"/>
        <line num="956" count="1" type="stmt"/>
        <line num="958" count="1" type="stmt"/>
        <line num="960" count="1" type="cond" truecount="2" falsecount="2"/>
        <line num="961" count="1" type="cond" truecount="3" falsecount="1"/>
        <line num="962" count="1" type="cond" truecount="3" falsecount="1"/>
        <line num="963" count="1" type="cond" truecount="3" falsecount="1"/>
        <line num="964" count="1" type="cond" truecount="3" falsecount="1"/>
        <line num="965" count="1" type="cond" truecount="3" falsecount="1"/>
        <line num="966" count="1" type="cond" truecount="3" falsecount="1"/>
        <line num="967" count="1" type="cond" truecount="3" falsecount="1"/>
        <line num="968" count="1" type="cond" truecount="3" falsecount="1"/>
        <line num="969" count="1" type="cond" truecount="3" falsecount="1"/>
        <line num="974" count="1" type="stmt"/>
        <line num="975" count="14" type="stmt"/>
        <line num="978" count="1" type="stmt"/>
        <line num="979" count="1" type="stmt"/>
        <line num="980" count="1" type="stmt"/>
        <line num="983" count="1" type="stmt"/>
        <line num="986" count="1" type="stmt"/>
        <line num="989" count="1" type="stmt"/>
        <line num="990" count="1" type="stmt"/>
        <line num="991" count="1" type="stmt"/>
        <line num="993" count="1" type="stmt"/>
        <line num="995" count="0" type="stmt"/>
        <line num="996" count="0" type="stmt"/>
        <line num="1000" count="4" type="cond" truecount="2" falsecount="0"/>
        <line num="1002" count="1" type="stmt"/>
        <line num="1003" count="1" type="stmt"/>
        <line num="1004" count="1" type="stmt"/>
        <line num="1005" count="1" type="stmt"/>
        <line num="1008" count="1" type="stmt"/>
        <line num="1009" count="1" type="stmt"/>
        <line num="1010" count="1" type="stmt"/>
        <line num="1011" count="1" type="stmt"/>
        <line num="1012" count="1" type="stmt"/>
        <line num="1013" count="1" type="stmt"/>
        <line num="1014" count="1" type="stmt"/>
        <line num="1017" count="1" type="stmt"/>
        <line num="1018" count="1" type="stmt"/>
        <line num="1019" count="1" type="stmt"/>
        <line num="1020" count="1" type="stmt"/>
        <line num="1021" count="1" type="stmt"/>
        <line num="1022" count="1" type="stmt"/>
        <line num="1023" count="1" type="stmt"/>
        <line num="1024" count="1" type="stmt"/>
        <line num="1025" count="1" type="stmt"/>
        <line num="1027" count="1" type="stmt"/>
        <line num="1028" count="1" type="stmt"/>
        <line num="1029" count="1" type="stmt"/>
        <line num="1030" count="1" type="stmt"/>
        <line num="1032" count="1" type="stmt"/>
        <line num="1033" count="1" type="stmt"/>
        <line num="1035" count="1" type="stmt"/>
        <line num="1037" count="1" type="stmt"/>
        <line num="1038" count="1" type="stmt"/>
        <line num="1039" count="1" type="stmt"/>
        <line num="1041" count="1" type="stmt"/>
        <line num="1042" count="1" type="stmt"/>
        <line num="1043" count="1" type="stmt"/>
        <line num="1044" count="1" type="stmt"/>
        <line num="1046" count="1" type="stmt"/>
        <line num="1047" count="1" type="cond" truecount="3" falsecount="2"/>
        <line num="1048" count="1" type="cond" truecount="2" falsecount="2"/>
        <line num="1049" count="1" type="cond" truecount="3" falsecount="1"/>
        <line num="1050" count="1" type="cond" truecount="3" falsecount="1"/>
        <line num="1051" count="1" type="cond" truecount="3" falsecount="1"/>
        <line num="1052" count="1" type="cond" truecount="3" falsecount="1"/>
        <line num="1053" count="1" type="cond" truecount="2" falsecount="2"/>
        <line num="1054" count="1" type="cond" truecount="3" falsecount="1"/>
        <line num="1055" count="1" type="cond" truecount="3" falsecount="1"/>
        <line num="1056" count="1" type="cond" truecount="3" falsecount="1"/>
        <line num="1057" count="1" type="cond" truecount="3" falsecount="1"/>
        <line num="1058" count="1" type="cond" truecount="3" falsecount="1"/>
        <line num="1059" count="0" type="cond" truecount="0" falsecount="9"/>
        <line num="1062" count="0" type="cond" truecount="0" falsecount="4"/>
        <line num="1063" count="0" type="cond" truecount="0" falsecount="4"/>
        <line num="1064" count="0" type="cond" truecount="0" falsecount="4"/>
        <line num="1065" count="0" type="cond" truecount="0" falsecount="4"/>
        <line num="1066" count="0" type="cond" truecount="0" falsecount="4"/>
        <line num="1067" count="0" type="cond" truecount="0" falsecount="4"/>
        <line num="1068" count="0" type="cond" truecount="0" falsecount="4"/>
        <line num="1069" count="0" type="cond" truecount="0" falsecount="4"/>
        <line num="1070" count="0" type="cond" truecount="0" falsecount="4"/>
        <line num="1071" count="0" type="cond" truecount="0" falsecount="4"/>
        <line num="1072" count="0" type="cond" truecount="0" falsecount="4"/>
        <line num="1073" count="0" type="cond" truecount="0" falsecount="4"/>
        <line num="1074" count="0" type="cond" truecount="0" falsecount="4"/>
        <line num="1078" count="1" type="stmt"/>
        <line num="1079" count="28" type="stmt"/>
        <line num="1082" count="1" type="stmt"/>
        <line num="1083" count="1" type="stmt"/>
        <line num="1084" count="1" type="stmt"/>
        <line num="1087" count="1" type="stmt"/>
        <line num="1090" count="1" type="stmt"/>
        <line num="1093" count="1" type="stmt"/>
        <line num="1094" count="1" type="stmt"/>
        <line num="1095" count="1" type="stmt"/>
        <line num="1097" count="1" type="stmt"/>
        <line num="1099" count="0" type="stmt"/>
        <line num="1100" count="0" type="stmt"/>
        <line num="1104" count="4" type="cond" truecount="2" falsecount="0"/>
        <line num="1105" count="1" type="stmt"/>
        <line num="1106" count="1" type="stmt"/>
        <line num="1107" count="1" type="stmt"/>
        <line num="1108" count="1" type="stmt"/>
        <line num="1109" count="1" type="stmt"/>
        <line num="1110" count="1" type="stmt"/>
        <line num="1111" count="1" type="stmt"/>
        <line num="1112" count="1" type="stmt"/>
        <line num="1113" count="1" type="stmt"/>
        <line num="1114" count="1" type="stmt"/>
        <line num="1115" count="1" type="stmt"/>
        <line num="1116" count="1" type="stmt"/>
        <line num="1117" count="1" type="stmt"/>
        <line num="1119" count="1" type="stmt"/>
        <line num="1120" count="1" type="stmt"/>
        <line num="1121" count="1" type="stmt"/>
        <line num="1122" count="1" type="stmt"/>
        <line num="1124" count="1" type="stmt"/>
        <line num="1125" count="1" type="stmt"/>
        <line num="1127" count="1" type="stmt"/>
        <line num="1129" count="1" type="stmt"/>
        <line num="1130" count="1" type="stmt"/>
        <line num="1131" count="1" type="stmt"/>
        <line num="1133" count="1" type="stmt"/>
        <line num="1134" count="1" type="stmt"/>
        <line num="1135" count="1" type="stmt"/>
        <line num="1136" count="1" type="stmt"/>
        <line num="1138" count="1" type="stmt"/>
        <line num="1140" count="1" type="cond" truecount="3" falsecount="1"/>
        <line num="1141" count="1" type="cond" truecount="3" falsecount="1"/>
        <line num="1142" count="1" type="cond" truecount="3" falsecount="1"/>
        <line num="1143" count="1" type="cond" truecount="3" falsecount="1"/>
        <line num="1144" count="1" type="cond" truecount="3" falsecount="1"/>
        <line num="1145" count="1" type="cond" truecount="3" falsecount="1"/>
        <line num="1146" count="1" type="cond" truecount="3" falsecount="1"/>
        <line num="1147" count="1" type="cond" truecount="2" falsecount="2"/>
        <line num="1148" count="1" type="cond" truecount="2" falsecount="2"/>
        <line num="1149" count="1" type="cond" truecount="2" falsecount="2"/>
        <line num="1150" count="1" type="cond" truecount="3" falsecount="1"/>
        <line num="1151" count="1" type="cond" truecount="3" falsecount="1"/>
        <line num="1152" count="1" type="cond" truecount="3" falsecount="1"/>
        <line num="1154" count="1" type="stmt"/>
        <line num="1155" count="17" type="stmt"/>
        <line num="1158" count="1" type="stmt"/>
        <line num="1159" count="1" type="stmt"/>
        <line num="1160" count="1" type="stmt"/>
        <line num="1163" count="1" type="stmt"/>
        <line num="1166" count="1" type="stmt"/>
        <line num="1169" count="1" type="stmt"/>
        <line num="1170" count="1" type="stmt"/>
        <line num="1171" count="1" type="stmt"/>
        <line num="1173" count="1" type="stmt"/>
        <line num="1175" count="0" type="stmt"/>
        <line num="1176" count="0" type="stmt"/>
        <line num="1180" count="4" type="cond" truecount="2" falsecount="0"/>
        <line num="1181" count="1" type="stmt"/>
        <line num="1182" count="1" type="stmt"/>
        <line num="1183" count="1" type="stmt"/>
        <line num="1184" count="1" type="stmt"/>
        <line num="1185" count="1" type="stmt"/>
        <line num="1186" count="1" type="stmt"/>
        <line num="1188" count="1" type="stmt"/>
        <line num="1189" count="1" type="stmt"/>
        <line num="1190" count="1" type="stmt"/>
        <line num="1191" count="1" type="stmt"/>
        <line num="1193" count="1" type="stmt"/>
        <line num="1194" count="1" type="stmt"/>
        <line num="1196" count="1" type="stmt"/>
        <line num="1198" count="1" type="stmt"/>
        <line num="1199" count="1" type="stmt"/>
        <line num="1200" count="1" type="stmt"/>
        <line num="1202" count="1" type="stmt"/>
        <line num="1203" count="1" type="stmt"/>
        <line num="1204" count="1" type="stmt"/>
        <line num="1205" count="1" type="stmt"/>
        <line num="1207" count="1" type="stmt"/>
        <line num="1209" count="1" type="stmt"/>
        <line num="1210" count="1" type="stmt"/>
        <line num="1211" count="1" type="stmt"/>
        <line num="1212" count="1" type="stmt"/>
        <line num="1213" count="1" type="stmt"/>
        <line num="1214" count="1" type="stmt"/>
        <line num="1216" count="1" type="stmt"/>
        <line num="1217" count="10" type="stmt"/>
        <line num="1220" count="1" type="stmt"/>
        <line num="1221" count="1" type="stmt"/>
        <line num="1222" count="1" type="stmt"/>
        <line num="1225" count="1" type="stmt"/>
        <line num="1228" count="1" type="stmt"/>
        <line num="1231" count="1" type="stmt"/>
        <line num="1232" count="1" type="stmt"/>
        <line num="1233" count="1" type="stmt"/>
        <line num="1235" count="1" type="stmt"/>
        <line num="1237" count="0" type="stmt"/>
        <line num="1238" count="0" type="stmt"/>
        <line num="1245" count="10" type="stmt"/>
        <line num="1246" count="2" type="stmt"/>
        <line num="1248" count="2" type="stmt"/>
        <line num="1249" count="2" type="stmt"/>
        <line num="1250" count="2" type="stmt"/>
        <line num="1253" count="2" type="cond" truecount="3" falsecount="1"/>
        <line num="1254" count="0" type="stmt"/>
        <line num="1257" count="2" type="stmt"/>
        <line num="1266" count="2" type="stmt"/>
        <line num="1267" count="2" type="stmt"/>
        <line num="1269" count="2" type="stmt"/>
        <line num="1282" count="2" type="stmt"/>
        <line num="1283" count="1" type="stmt"/>
        <line num="1285" count="1" type="stmt"/>
        <line num="1286" count="1" type="stmt"/>
        <line num="1290" count="10" type="stmt"/>
        <line num="1291" count="10" type="stmt"/>
        <line num="1294" count="10" type="stmt"/>
      </file>
    </package>
    <package name="Server.models">
      <metrics statements="23" coveredstatements="22" conditionals="2" coveredconditionals="0" methods="1" coveredmethods="0"/>
      <file name="data.js" path="D:\GitHub\Bioscopic-LIS\Server\models\data.js">
        <metrics statements="23" coveredstatements="22" conditionals="2" coveredconditionals="0" methods="1" coveredmethods="0"/>
        <line num="1" count="10" type="stmt"/>
        <line num="3" count="10" type="stmt"/>
        <line num="18" count="10" type="stmt"/>
        <line num="20" count="10" type="stmt"/>
        <line num="37" count="10" type="stmt"/>
        <line num="39" count="10" type="stmt"/>
        <line num="55" count="10" type="stmt"/>
        <line num="57" count="10" type="stmt"/>
        <line num="74" count="0" type="cond" truecount="0" falsecount="2"/>
        <line num="88" count="10" type="stmt"/>
        <line num="123" count="10" type="stmt"/>
        <line num="144" count="10" type="stmt"/>
        <line num="158" count="10" type="stmt"/>
        <line num="167" count="10" type="stmt"/>
        <line num="169" count="10" type="stmt"/>
        <line num="170" count="10" type="stmt"/>
        <line num="171" count="10" type="stmt"/>
        <line num="172" count="10" type="stmt"/>
        <line num="173" count="10" type="stmt"/>
        <line num="174" count="10" type="stmt"/>
        <line num="176" count="10" type="stmt"/>
        <line num="188" count="10" type="stmt"/>
        <line num="189" count="10" type="stmt"/>
      </file>
    </package>
  </project>
</coverage>
