{"C:\\Users\\Angelo\\OneDrive\\Desktop\\LIS\\Bioscopic-LIS\\Server\\db.js": {"path":"C:\\Users\\Angelo\\OneDrive\\Desktop\\LIS\\Bioscopic-LIS\\Server\\db.js","statementMap":{"0":{"start":{"line":1,"column":17},"end":{"line":1,"column":36}},"1":{"start":{"line":3,"column":18},"end":{"line":13,"column":1}},"2":{"start":{"line":4,"column":8},"end":{"line":12,"column":5}},"3":{"start":{"line":5,"column":12},"end":{"line":11,"column":13}},"4":{"start":{"line":6,"column":29},"end":{"line":6,"column":164}},"5":{"start":{"line":7,"column":16},"end":{"line":7,"column":49}},"6":{"start":{"line":9,"column":16},"end":{"line":9,"column":37}},"7":{"start":{"line":10,"column":16},"end":{"line":10,"column":32}},"8":{"start":{"line":15,"column":0},"end":{"line":15,"column":26}}},"fnMap":{"0":{"name":"(anonymous_0)","decl":{"start":{"line":3,"column":18},"end":{"line":3,"column":19}},"loc":{"start":{"line":3,"column":30},"end":{"line":13,"column":1}},"line":3}},"branchMap":{"0":{"loc":{"start":{"line":4,"column":8},"end":{"line":12,"column":5}},"type":"if","locations":[{"start":{"line":4,"column":8},"end":{"line":12,"column":5}},{"start":{},"end":{}}],"line":4}},"s":{"0":11,"1":11,"2":11,"3":0,"4":0,"5":0,"6":0,"7":0,"8":11},"f":{"0":11},"b":{"0":[0,11]},"_coverageSchema":"1a1c01bbd47fc00a2c39e90264f33305004495a9","hash":"5e82fe0d50ba12740cdbb8eeca208c76eff72eb5"}
,"C:\\Users\\Angelo\\OneDrive\\Desktop\\LIS\\Bioscopic-LIS\\Server\\index.js": {"path":"C:\\Users\\Angelo\\OneDrive\\Desktop\\LIS\\Bioscopic-LIS\\Server\\index.js","statementMap":{"0":{"start":{"line":3,"column":16},"end":{"line":3,"column":34}},"1":{"start":{"line":4,"column":18},"end":{"line":4,"column":36}},"2":{"start":{"line":5,"column":20},"end":{"line":5,"column":44}},"3":{"start":{"line":6,"column":13},"end":{"line":6,"column":28}},"4":{"start":{"line":7,"column":15},"end":{"line":7,"column":32}},"5":{"start":{"line":8,"column":19},"end":{"line":8,"column":40}},"6":{"start":{"line":9,"column":15},"end":{"line":9,"column":32}},"7":{"start":{"line":11,"column":39},"end":{"line":11,"column":57}},"8":{"start":{"line":12,"column":11},"end":{"line":12,"column":33}},"9":{"start":{"line":14,"column":16},"end":{"line":14,"column":42}},"10":{"start":{"line":15,"column":19},"end":{"line":15,"column":62}},"11":{"start":{"line":30,"column":4},"end":{"line":30,"column":11}},"12":{"start":{"line":32,"column":12},"end":{"line":32,"column":21}},"13":{"start":{"line":33,"column":15},"end":{"line":33,"column":23}},"14":{"start":{"line":34,"column":13},"end":{"line":34,"column":37}},"15":{"start":{"line":36,"column":0},"end":{"line":36,"column":24}},"16":{"start":{"line":38,"column":0},"end":{"line":41,"column":4}},"17":{"start":{"line":43,"column":0},"end":{"line":43,"column":12}},"18":{"start":{"line":45,"column":0},"end":{"line":56,"column":2}},"19":{"start":{"line":58,"column":0},"end":{"line":134,"column":3}},"20":{"start":{"line":59,"column":2},"end":{"line":133,"column":3}},"21":{"start":{"line":61,"column":21},"end":{"line":61,"column":46}},"22":{"start":{"line":62,"column":21},"end":{"line":62,"column":46}},"23":{"start":{"line":63,"column":22},"end":{"line":63,"column":26}},"24":{"start":{"line":66,"column":12},"end":{"line":66,"column":13}},"25":{"start":{"line":67,"column":4},"end":{"line":127,"column":5}},"26":{"start":{"line":69,"column":30},"end":{"line":71,"column":7}},"27":{"start":{"line":70,"column":21},"end":{"line":70,"column":60}},"28":{"start":{"line":74,"column":28},"end":{"line":98,"column":14}},"29":{"start":{"line":75,"column":33},"end":{"line":75,"column":50}},"30":{"start":{"line":78,"column":8},"end":{"line":80,"column":9}},"31":{"start":{"line":79,"column":10},"end":{"line":79,"column":24}},"32":{"start":{"line":83,"column":8},"end":{"line":85,"column":9}},"33":{"start":{"line":84,"column":10},"end":{"line":84,"column":25}},"34":{"start":{"line":87,"column":32},"end":{"line":87,"column":48}},"35":{"start":{"line":90,"column":8},"end":{"line":92,"column":9}},"36":{"start":{"line":91,"column":10},"end":{"line":91,"column":25}},"37":{"start":{"line":95,"column":8},"end":{"line":97,"column":19}},"38":{"start":{"line":101,"column":6},"end":{"line":122,"column":7}},"39":{"start":{"line":102,"column":30},"end":{"line":108,"column":17}},"40":{"start":{"line":109,"column":8},"end":{"line":114,"column":11}},"41":{"start":{"line":116,"column":8},"end":{"line":121,"column":11}},"42":{"start":{"line":123,"column":6},"end":{"line":126,"column":7}},"43":{"start":{"line":124,"column":8},"end":{"line":124,"column":12}},"44":{"start":{"line":125,"column":8},"end":{"line":125,"column":28}},"45":{"start":{"line":129,"column":4},"end":{"line":129,"column":26}},"46":{"start":{"line":131,"column":4},"end":{"line":131,"column":23}},"47":{"start":{"line":132,"column":4},"end":{"line":132,"column":52}},"48":{"start":{"line":136,"column":0},"end":{"line":204,"column":3}},"49":{"start":{"line":137,"column":2},"end":{"line":203,"column":3}},"50":{"start":{"line":138,"column":26},"end":{"line":138,"column":35}},"51":{"start":{"line":139,"column":20},"end":{"line":139,"column":72}},"52":{"start":{"line":140,"column":22},"end":{"line":140,"column":26}},"53":{"start":{"line":141,"column":12},"end":{"line":141,"column":13}},"54":{"start":{"line":143,"column":4},"end":{"line":145,"column":5}},"55":{"start":{"line":144,"column":6},"end":{"line":144,"column":66}},"56":{"start":{"line":147,"column":21},"end":{"line":147,"column":70}},"57":{"start":{"line":153,"column":20},"end":{"line":153,"column":79}},"58":{"start":{"line":153,"column":33},"end":{"line":153,"column":79}},"59":{"start":{"line":156,"column":4},"end":{"line":156,"column":53}},"60":{"start":{"line":156,"column":28},"end":{"line":156,"column":51}},"61":{"start":{"line":158,"column":27},"end":{"line":168,"column":12}},"62":{"start":{"line":159,"column":6},"end":{"line":168,"column":12}},"63":{"start":{"line":170,"column":4},"end":{"line":189,"column":5}},"64":{"start":{"line":174,"column":6},"end":{"line":182,"column":9}},"65":{"start":{"line":185,"column":6},"end":{"line":188,"column":7}},"66":{"start":{"line":186,"column":8},"end":{"line":186,"column":12}},"67":{"start":{"line":187,"column":8},"end":{"line":187,"column":28}},"68":{"start":{"line":192,"column":4},"end":{"line":194,"column":5}},"69":{"start":{"line":193,"column":6},"end":{"line":193,"column":24}},"70":{"start":{"line":196,"column":4},"end":{"line":199,"column":7}},"71":{"start":{"line":201,"column":4},"end":{"line":201,"column":23}},"72":{"start":{"line":202,"column":4},"end":{"line":202,"column":52}},"73":{"start":{"line":206,"column":0},"end":{"line":227,"column":3}},"74":{"start":{"line":207,"column":2},"end":{"line":226,"column":3}},"75":{"start":{"line":208,"column":21},"end":{"line":221,"column":5}},"76":{"start":{"line":222,"column":4},"end":{"line":222,"column":23}},"77":{"start":{"line":224,"column":4},"end":{"line":224,"column":23}},"78":{"start":{"line":225,"column":4},"end":{"line":225,"column":52}},"79":{"start":{"line":229,"column":0},"end":{"line":388,"column":3}},"80":{"start":{"line":230,"column":2},"end":{"line":387,"column":3}},"81":{"start":{"line":232,"column":22},"end":{"line":232,"column":34}},"82":{"start":{"line":233,"column":19},"end":{"line":233,"column":21}},"83":{"start":{"line":234,"column":22},"end":{"line":234,"column":26}},"84":{"start":{"line":235,"column":12},"end":{"line":235,"column":13}},"85":{"start":{"line":236,"column":21},"end":{"line":236,"column":46}},"86":{"start":{"line":238,"column":4},"end":{"line":255,"column":5}},"87":{"start":{"line":239,"column":20},"end":{"line":239,"column":53}},"88":{"start":{"line":240,"column":23},"end":{"line":240,"column":63}},"89":{"start":{"line":241,"column":6},"end":{"line":245,"column":7}},"90":{"start":{"line":244,"column":8},"end":{"line":244,"column":38}},"91":{"start":{"line":246,"column":6},"end":{"line":254,"column":9}},"92":{"start":{"line":256,"column":29},"end":{"line":256,"column":31}},"93":{"start":{"line":257,"column":29},"end":{"line":257,"column":31}},"94":{"start":{"line":258,"column":4},"end":{"line":265,"column":5}},"95":{"start":{"line":262,"column":26},"end":{"line":262,"column":57}},"96":{"start":{"line":263,"column":6},"end":{"line":263,"column":45}},"97":{"start":{"line":266,"column":4},"end":{"line":273,"column":5}},"98":{"start":{"line":270,"column":26},"end":{"line":270,"column":57}},"99":{"start":{"line":271,"column":6},"end":{"line":271,"column":45}},"100":{"start":{"line":274,"column":4},"end":{"line":281,"column":5}},"101":{"start":{"line":278,"column":26},"end":{"line":278,"column":57}},"102":{"start":{"line":279,"column":6},"end":{"line":279,"column":45}},"103":{"start":{"line":282,"column":4},"end":{"line":290,"column":5}},"104":{"start":{"line":286,"column":26},"end":{"line":286,"column":57}},"105":{"start":{"line":287,"column":6},"end":{"line":287,"column":45}},"106":{"start":{"line":291,"column":4},"end":{"line":293,"column":5}},"107":{"start":{"line":292,"column":6},"end":{"line":292,"column":61}},"108":{"start":{"line":294,"column":4},"end":{"line":296,"column":5}},"109":{"start":{"line":295,"column":6},"end":{"line":295,"column":59}},"110":{"start":{"line":298,"column":4},"end":{"line":301,"column":5}},"111":{"start":{"line":300,"column":6},"end":{"line":300,"column":62}},"112":{"start":{"line":303,"column":4},"end":{"line":307,"column":5}},"113":{"start":{"line":305,"column":21},"end":{"line":305,"column":52}},"114":{"start":{"line":306,"column":6},"end":{"line":306,"column":46}},"115":{"start":{"line":309,"column":4},"end":{"line":312,"column":5}},"116":{"start":{"line":311,"column":6},"end":{"line":311,"column":58}},"117":{"start":{"line":315,"column":4},"end":{"line":317,"column":5}},"118":{"start":{"line":316,"column":6},"end":{"line":316,"column":23}},"119":{"start":{"line":319,"column":21},"end":{"line":321,"column":30}},"120":{"start":{"line":324,"column":23},"end":{"line":324,"column":25}},"121":{"start":{"line":325,"column":21},"end":{"line":325,"column":23}},"122":{"start":{"line":326,"column":4},"end":{"line":329,"column":7}},"123":{"start":{"line":327,"column":6},"end":{"line":327,"column":51}},"124":{"start":{"line":328,"column":6},"end":{"line":328,"column":50}},"125":{"start":{"line":332,"column":4},"end":{"line":376,"column":5}},"126":{"start":{"line":334,"column":6},"end":{"line":340,"column":7}},"127":{"start":{"line":335,"column":8},"end":{"line":335,"column":26}},"128":{"start":{"line":336,"column":13},"end":{"line":340,"column":7}},"129":{"start":{"line":337,"column":8},"end":{"line":337,"column":27}},"130":{"start":{"line":339,"column":8},"end":{"line":339,"column":28}},"131":{"start":{"line":343,"column":29},"end":{"line":353,"column":14}},"132":{"start":{"line":344,"column":8},"end":{"line":353,"column":14}},"133":{"start":{"line":356,"column":6},"end":{"line":369,"column":9}},"134":{"start":{"line":372,"column":6},"end":{"line":375,"column":7}},"135":{"start":{"line":373,"column":8},"end":{"line":373,"column":12}},"136":{"start":{"line":374,"column":8},"end":{"line":374,"column":28}},"137":{"start":{"line":379,"column":4},"end":{"line":381,"column":5}},"138":{"start":{"line":380,"column":6},"end":{"line":380,"column":24}},"139":{"start":{"line":383,"column":4},"end":{"line":383,"column":26}},"140":{"start":{"line":385,"column":4},"end":{"line":385,"column":23}},"141":{"start":{"line":386,"column":4},"end":{"line":386,"column":52}},"142":{"start":{"line":390,"column":0},"end":{"line":406,"column":3}},"143":{"start":{"line":391,"column":2},"end":{"line":405,"column":3}},"144":{"start":{"line":392,"column":26},"end":{"line":392,"column":36}},"145":{"start":{"line":394,"column":20},"end":{"line":394,"column":61}},"146":{"start":{"line":396,"column":4},"end":{"line":398,"column":5}},"147":{"start":{"line":397,"column":6},"end":{"line":397,"column":68}},"148":{"start":{"line":401,"column":4},"end":{"line":401,"column":22}},"149":{"start":{"line":403,"column":4},"end":{"line":403,"column":23}},"150":{"start":{"line":404,"column":4},"end":{"line":404,"column":52}},"151":{"start":{"line":409,"column":0},"end":{"line":442,"column":3}},"152":{"start":{"line":420,"column":6},"end":{"line":420,"column":14}},"153":{"start":{"line":422,"column":23},"end":{"line":422,"column":60}},"154":{"start":{"line":423,"column":2},"end":{"line":425,"column":3}},"155":{"start":{"line":424,"column":4},"end":{"line":424,"column":73}},"156":{"start":{"line":426,"column":25},"end":{"line":426,"column":56}},"157":{"start":{"line":427,"column":20},"end":{"line":427,"column":52}},"158":{"start":{"line":428,"column":20},"end":{"line":428,"column":33}},"159":{"start":{"line":429,"column":18},"end":{"line":439,"column":4}},"160":{"start":{"line":440,"column":2},"end":{"line":440,"column":23}},"161":{"start":{"line":441,"column":2},"end":{"line":441,"column":69}},"162":{"start":{"line":444,"column":0},"end":{"line":463,"column":3}},"163":{"start":{"line":445,"column":33},"end":{"line":445,"column":41}},"164":{"start":{"line":446,"column":15},"end":{"line":446,"column":52}},"165":{"start":{"line":447,"column":2},"end":{"line":447,"column":20}},"166":{"start":{"line":448,"column":2},"end":{"line":450,"column":3}},"167":{"start":{"line":449,"column":4},"end":{"line":449,"column":71}},"168":{"start":{"line":451,"column":30},"end":{"line":451,"column":75}},"169":{"start":{"line":452,"column":2},"end":{"line":454,"column":3}},"170":{"start":{"line":453,"column":4},"end":{"line":453,"column":67}},"171":{"start":{"line":455,"column":2},"end":{"line":455,"column":33}},"172":{"start":{"line":456,"column":2},"end":{"line":456,"column":41}},"173":{"start":{"line":457,"column":2},"end":{"line":461,"column":3}},"174":{"start":{"line":458,"column":4},"end":{"line":458,"column":57}},"175":{"start":{"line":460,"column":4},"end":{"line":460,"column":39}},"176":{"start":{"line":462,"column":2},"end":{"line":462,"column":44}},"177":{"start":{"line":465,"column":0},"end":{"line":483,"column":3}},"178":{"start":{"line":466,"column":2},"end":{"line":482,"column":3}},"179":{"start":{"line":468,"column":4},"end":{"line":479,"column":9}},"180":{"start":{"line":470,"column":8},"end":{"line":474,"column":9}},"181":{"start":{"line":471,"column":10},"end":{"line":471,"column":57}},"182":{"start":{"line":473,"column":10},"end":{"line":473,"column":69}},"183":{"start":{"line":477,"column":8},"end":{"line":477,"column":50}},"184":{"start":{"line":478,"column":8},"end":{"line":478,"column":67}},"185":{"start":{"line":481,"column":4},"end":{"line":481,"column":60}},"186":{"start":{"line":486,"column":0},"end":{"line":490,"column":3}},"187":{"start":{"line":487,"column":2},"end":{"line":489,"column":5}},"188":{"start":{"line":488,"column":4},"end":{"line":488,"column":27}},"189":{"start":{"line":492,"column":0},"end":{"line":498,"column":3}},"190":{"start":{"line":493,"column":2},"end":{"line":497,"column":3}},"191":{"start":{"line":494,"column":4},"end":{"line":494,"column":59}},"192":{"start":{"line":496,"column":4},"end":{"line":496,"column":60}},"193":{"start":{"line":500,"column":0},"end":{"line":550,"column":3}},"194":{"start":{"line":513,"column":6},"end":{"line":513,"column":14}},"195":{"start":{"line":514,"column":2},"end":{"line":549,"column":3}},"196":{"start":{"line":515,"column":4},"end":{"line":544,"column":5}},"197":{"start":{"line":516,"column":6},"end":{"line":516,"column":27}},"198":{"start":{"line":517,"column":6},"end":{"line":519,"column":70}},"199":{"start":{"line":522,"column":28},"end":{"line":524,"column":32}},"200":{"start":{"line":525,"column":27},"end":{"line":525,"column":74}},"201":{"start":{"line":529,"column":22},"end":{"line":541,"column":8}},"202":{"start":{"line":542,"column":6},"end":{"line":542,"column":27}},"203":{"start":{"line":543,"column":6},"end":{"line":543,"column":79}},"204":{"start":{"line":546,"column":4},"end":{"line":548,"column":71}},"205":{"start":{"line":552,"column":0},"end":{"line":790,"column":3}},"206":{"start":{"line":553,"column":2},"end":{"line":789,"column":3}},"207":{"start":{"line":554,"column":26},"end":{"line":563,"column":5}},"208":{"start":{"line":555,"column":6},"end":{"line":562,"column":7}},"209":{"start":{"line":556,"column":27},"end":{"line":556,"column":56}},"210":{"start":{"line":557,"column":8},"end":{"line":557,"column":32}},"211":{"start":{"line":558,"column":8},"end":{"line":558,"column":52}},"212":{"start":{"line":560,"column":8},"end":{"line":560,"column":56}},"213":{"start":{"line":561,"column":8},"end":{"line":561,"column":20}},"214":{"start":{"line":564,"column":23},"end":{"line":586,"column":5}},"215":{"start":{"line":565,"column":6},"end":{"line":585,"column":7}},"216":{"start":{"line":566,"column":25},"end":{"line":572,"column":9}},"217":{"start":{"line":574,"column":22},"end":{"line":574,"column":40}},"218":{"start":{"line":575,"column":8},"end":{"line":581,"column":9}},"219":{"start":{"line":576,"column":26},"end":{"line":576,"column":45}},"220":{"start":{"line":577,"column":10},"end":{"line":577,"column":31}},"221":{"start":{"line":578,"column":10},"end":{"line":578,"column":48}},"222":{"start":{"line":580,"column":10},"end":{"line":580,"column":53}},"223":{"start":{"line":583,"column":8},"end":{"line":583,"column":56}},"224":{"start":{"line":584,"column":8},"end":{"line":584,"column":20}},"225":{"start":{"line":588,"column":27},"end":{"line":590,"column":6}},"226":{"start":{"line":591,"column":21},"end":{"line":591,"column":69}},"227":{"start":{"line":592,"column":19},"end":{"line":592,"column":31}},"228":{"start":{"line":594,"column":24},"end":{"line":594,"column":34}},"229":{"start":{"line":596,"column":42},"end":{"line":596,"column":50}},"230":{"start":{"line":598,"column":21},"end":{"line":604,"column":5}},"231":{"start":{"line":606,"column":4},"end":{"line":617,"column":5}},"232":{"start":{"line":608,"column":6},"end":{"line":616,"column":7}},"233":{"start":{"line":609,"column":8},"end":{"line":609,"column":42}},"234":{"start":{"line":610,"column":13},"end":{"line":616,"column":7}},"235":{"start":{"line":611,"column":8},"end":{"line":611,"column":51}},"236":{"start":{"line":612,"column":13},"end":{"line":616,"column":7}},"237":{"start":{"line":613,"column":8},"end":{"line":613,"column":41}},"238":{"start":{"line":614,"column":13},"end":{"line":616,"column":7}},"239":{"start":{"line":615,"column":8},"end":{"line":615,"column":40}},"240":{"start":{"line":619,"column":4},"end":{"line":781,"column":5}},"241":{"start":{"line":620,"column":6},"end":{"line":780,"column":7}},"242":{"start":{"line":622,"column":28},"end":{"line":622,"column":44}},"243":{"start":{"line":623,"column":8},"end":{"line":634,"column":11}},"244":{"start":{"line":637,"column":22},"end":{"line":639,"column":9}},"245":{"start":{"line":640,"column":8},"end":{"line":777,"column":9}},"246":{"start":{"line":641,"column":10},"end":{"line":776,"column":11}},"247":{"start":{"line":642,"column":12},"end":{"line":671,"column":13}},"248":{"start":{"line":644,"column":16},"end":{"line":644,"column":49}},"249":{"start":{"line":645,"column":16},"end":{"line":645,"column":43}},"250":{"start":{"line":647,"column":16},"end":{"line":647,"column":40}},"251":{"start":{"line":648,"column":16},"end":{"line":648,"column":40}},"252":{"start":{"line":649,"column":16},"end":{"line":649,"column":38}},"253":{"start":{"line":650,"column":16},"end":{"line":650,"column":38}},"254":{"start":{"line":651,"column":16},"end":{"line":651,"column":40}},"255":{"start":{"line":652,"column":16},"end":{"line":652,"column":40}},"256":{"start":{"line":653,"column":16},"end":{"line":653,"column":40}},"257":{"start":{"line":654,"column":16},"end":{"line":654,"column":38}},"258":{"start":{"line":655,"column":16},"end":{"line":655,"column":22}},"259":{"start":{"line":657,"column":16},"end":{"line":657,"column":33}},"260":{"start":{"line":658,"column":16},"end":{"line":658,"column":22}},"261":{"start":{"line":660,"column":16},"end":{"line":660,"column":41}},"262":{"start":{"line":661,"column":16},"end":{"line":661,"column":22}},"263":{"start":{"line":663,"column":16},"end":{"line":663,"column":42}},"264":{"start":{"line":664,"column":16},"end":{"line":664,"column":22}},"265":{"start":{"line":666,"column":16},"end":{"line":666,"column":42}},"266":{"start":{"line":667,"column":16},"end":{"line":667,"column":22}},"267":{"start":{"line":669,"column":16},"end":{"line":669,"column":56}},"268":{"start":{"line":670,"column":16},"end":{"line":670,"column":22}},"269":{"start":{"line":672,"column":17},"end":{"line":776,"column":11}},"270":{"start":{"line":673,"column":12},"end":{"line":673,"column":31}},"271":{"start":{"line":674,"column":12},"end":{"line":674,"column":34}},"272":{"start":{"line":675,"column":12},"end":{"line":675,"column":29}},"273":{"start":{"line":676,"column":12},"end":{"line":676,"column":29}},"274":{"start":{"line":677,"column":12},"end":{"line":704,"column":13}},"275":{"start":{"line":679,"column":16},"end":{"line":679,"column":42}},"276":{"start":{"line":680,"column":16},"end":{"line":680,"column":32}},"277":{"start":{"line":681,"column":16},"end":{"line":681,"column":45}},"278":{"start":{"line":682,"column":16},"end":{"line":682,"column":35}},"279":{"start":{"line":683,"column":16},"end":{"line":683,"column":37}},"280":{"start":{"line":684,"column":16},"end":{"line":684,"column":45}},"281":{"start":{"line":685,"column":16},"end":{"line":685,"column":41}},"282":{"start":{"line":686,"column":16},"end":{"line":686,"column":22}},"283":{"start":{"line":688,"column":16},"end":{"line":688,"column":41}},"284":{"start":{"line":689,"column":16},"end":{"line":689,"column":33}},"285":{"start":{"line":690,"column":16},"end":{"line":690,"column":41}},"286":{"start":{"line":691,"column":16},"end":{"line":691,"column":40}},"287":{"start":{"line":692,"column":16},"end":{"line":692,"column":41}},"288":{"start":{"line":693,"column":16},"end":{"line":693,"column":44}},"289":{"start":{"line":694,"column":16},"end":{"line":694,"column":39}},"290":{"start":{"line":695,"column":16},"end":{"line":695,"column":41}},"291":{"start":{"line":696,"column":16},"end":{"line":696,"column":39}},"292":{"start":{"line":697,"column":16},"end":{"line":697,"column":22}},"293":{"start":{"line":699,"column":16},"end":{"line":699,"column":34}},"294":{"start":{"line":700,"column":16},"end":{"line":700,"column":22}},"295":{"start":{"line":702,"column":16},"end":{"line":702,"column":56}},"296":{"start":{"line":703,"column":16},"end":{"line":703,"column":22}},"297":{"start":{"line":705,"column":17},"end":{"line":776,"column":11}},"298":{"start":{"line":706,"column":12},"end":{"line":749,"column":13}},"299":{"start":{"line":708,"column":16},"end":{"line":708,"column":33}},"300":{"start":{"line":709,"column":16},"end":{"line":709,"column":22}},"301":{"start":{"line":711,"column":16},"end":{"line":711,"column":33}},"302":{"start":{"line":712,"column":16},"end":{"line":712,"column":22}},"303":{"start":{"line":714,"column":16},"end":{"line":714,"column":40}},"304":{"start":{"line":715,"column":16},"end":{"line":715,"column":22}},"305":{"start":{"line":717,"column":16},"end":{"line":717,"column":38}},"306":{"start":{"line":718,"column":16},"end":{"line":718,"column":22}},"307":{"start":{"line":720,"column":16},"end":{"line":720,"column":41}},"308":{"start":{"line":721,"column":16},"end":{"line":721,"column":22}},"309":{"start":{"line":723,"column":16},"end":{"line":723,"column":43}},"310":{"start":{"line":724,"column":16},"end":{"line":724,"column":22}},"311":{"start":{"line":726,"column":16},"end":{"line":726,"column":33}},"312":{"start":{"line":727,"column":16},"end":{"line":727,"column":22}},"313":{"start":{"line":729,"column":16},"end":{"line":729,"column":33}},"314":{"start":{"line":730,"column":16},"end":{"line":730,"column":22}},"315":{"start":{"line":732,"column":16},"end":{"line":732,"column":34}},"316":{"start":{"line":733,"column":16},"end":{"line":733,"column":22}},"317":{"start":{"line":735,"column":16},"end":{"line":735,"column":33}},"318":{"start":{"line":736,"column":16},"end":{"line":736,"column":22}},"319":{"start":{"line":738,"column":16},"end":{"line":738,"column":34}},"320":{"start":{"line":739,"column":16},"end":{"line":739,"column":22}},"321":{"start":{"line":741,"column":16},"end":{"line":741,"column":34}},"322":{"start":{"line":742,"column":16},"end":{"line":742,"column":22}},"323":{"start":{"line":744,"column":16},"end":{"line":744,"column":35}},"324":{"start":{"line":745,"column":16},"end":{"line":745,"column":22}},"325":{"start":{"line":747,"column":16},"end":{"line":747,"column":56}},"326":{"start":{"line":748,"column":16},"end":{"line":748,"column":22}},"327":{"start":{"line":750,"column":17},"end":{"line":776,"column":11}},"328":{"start":{"line":751,"column":12},"end":{"line":773,"column":13}},"329":{"start":{"line":753,"column":16},"end":{"line":753,"column":35}},"330":{"start":{"line":754,"column":16},"end":{"line":754,"column":22}},"331":{"start":{"line":756,"column":16},"end":{"line":756,"column":39}},"332":{"start":{"line":757,"column":16},"end":{"line":757,"column":22}},"333":{"start":{"line":759,"column":16},"end":{"line":759,"column":48}},"334":{"start":{"line":760,"column":16},"end":{"line":760,"column":22}},"335":{"start":{"line":762,"column":16},"end":{"line":762,"column":48}},"336":{"start":{"line":763,"column":16},"end":{"line":763,"column":22}},"337":{"start":{"line":765,"column":16},"end":{"line":765,"column":39}},"338":{"start":{"line":766,"column":16},"end":{"line":766,"column":22}},"339":{"start":{"line":768,"column":16},"end":{"line":768,"column":39}},"340":{"start":{"line":769,"column":16},"end":{"line":769,"column":22}},"341":{"start":{"line":771,"column":16},"end":{"line":771,"column":56}},"342":{"start":{"line":772,"column":16},"end":{"line":772,"column":22}},"343":{"start":{"line":775,"column":12},"end":{"line":775,"column":67}},"344":{"start":{"line":778,"column":8},"end":{"line":778,"column":44}},"345":{"start":{"line":779,"column":8},"end":{"line":779,"column":19}},"346":{"start":{"line":782,"column":4},"end":{"line":785,"column":7}},"347":{"start":{"line":787,"column":4},"end":{"line":787,"column":54}},"348":{"start":{"line":788,"column":4},"end":{"line":788,"column":64}},"349":{"start":{"line":792,"column":0},"end":{"line":844,"column":3}},"350":{"start":{"line":793,"column":24},"end":{"line":793,"column":34}},"351":{"start":{"line":794,"column":52},"end":{"line":794,"column":60}},"352":{"start":{"line":796,"column":2},"end":{"line":796,"column":53}},"353":{"start":{"line":798,"column":2},"end":{"line":843,"column":3}},"354":{"start":{"line":802,"column":23},"end":{"line":802,"column":25}},"355":{"start":{"line":805,"column":4},"end":{"line":814,"column":5}},"356":{"start":{"line":806,"column":6},"end":{"line":806,"column":33}},"357":{"start":{"line":809,"column":6},"end":{"line":813,"column":7}},"358":{"start":{"line":810,"column":10},"end":{"line":810,"column":42}},"359":{"start":{"line":812,"column":10},"end":{"line":812,"column":36}},"360":{"start":{"line":817,"column":4},"end":{"line":819,"column":5}},"361":{"start":{"line":818,"column":8},"end":{"line":818,"column":41}},"362":{"start":{"line":820,"column":4},"end":{"line":822,"column":5}},"363":{"start":{"line":821,"column":8},"end":{"line":821,"column":37}},"364":{"start":{"line":823,"column":4},"end":{"line":825,"column":5}},"365":{"start":{"line":824,"column":6},"end":{"line":824,"column":39}},"366":{"start":{"line":827,"column":27},"end":{"line":831,"column":5}},"367":{"start":{"line":833,"column":4},"end":{"line":836,"column":5}},"368":{"start":{"line":834,"column":6},"end":{"line":834,"column":52}},"369":{"start":{"line":835,"column":6},"end":{"line":835,"column":68}},"370":{"start":{"line":838,"column":4},"end":{"line":838,"column":65}},"371":{"start":{"line":839,"column":4},"end":{"line":839,"column":29}},"372":{"start":{"line":841,"column":4},"end":{"line":841,"column":52}},"373":{"start":{"line":842,"column":4},"end":{"line":842,"column":76}},"374":{"start":{"line":846,"column":0},"end":{"line":879,"column":3}},"375":{"start":{"line":847,"column":15},"end":{"line":847,"column":23}},"376":{"start":{"line":848,"column":2},"end":{"line":848,"column":37}},"377":{"start":{"line":849,"column":2},"end":{"line":849,"column":67}},"378":{"start":{"line":850,"column":2},"end":{"line":878,"column":3}},"379":{"start":{"line":851,"column":19},"end":{"line":856,"column":5}},"380":{"start":{"line":858,"column":18},"end":{"line":858,"column":39}},"381":{"start":{"line":859,"column":27},"end":{"line":864,"column":5}},"382":{"start":{"line":865,"column":4},"end":{"line":865,"column":32}},"383":{"start":{"line":866,"column":4},"end":{"line":872,"column":5}},"384":{"start":{"line":867,"column":6},"end":{"line":867,"column":77}},"385":{"start":{"line":869,"column":6},"end":{"line":871,"column":71}},"386":{"start":{"line":874,"column":4},"end":{"line":874,"column":48}},"387":{"start":{"line":875,"column":4},"end":{"line":877,"column":72}},"388":{"start":{"line":881,"column":0},"end":{"line":889,"column":3}},"389":{"start":{"line":882,"column":2},"end":{"line":888,"column":3}},"390":{"start":{"line":883,"column":18},"end":{"line":883,"column":40}},"391":{"start":{"line":884,"column":4},"end":{"line":884,"column":20}},"392":{"start":{"line":886,"column":4},"end":{"line":886,"column":52}},"393":{"start":{"line":887,"column":4},"end":{"line":887,"column":76}},"394":{"start":{"line":891,"column":0},"end":{"line":898,"column":3}},"395":{"start":{"line":892,"column":2},"end":{"line":897,"column":3}},"396":{"start":{"line":893,"column":24},"end":{"line":893,"column":53}},"397":{"start":{"line":894,"column":4},"end":{"line":894,"column":26}},"398":{"start":{"line":896,"column":4},"end":{"line":896,"column":74}},"399":{"start":{"line":900,"column":0},"end":{"line":907,"column":3}},"400":{"start":{"line":901,"column":2},"end":{"line":906,"column":3}},"401":{"start":{"line":902,"column":21},"end":{"line":902,"column":46}},"402":{"start":{"line":903,"column":4},"end":{"line":903,"column":23}},"403":{"start":{"line":905,"column":4},"end":{"line":905,"column":74}},"404":{"start":{"line":909,"column":0},"end":{"line":1256,"column":3}},"405":{"start":{"line":910,"column":2},"end":{"line":910,"column":42}},"406":{"start":{"line":911,"column":14},"end":{"line":911,"column":50}},"407":{"start":{"line":913,"column":18},"end":{"line":913,"column":79}},"408":{"start":{"line":914,"column":18},"end":{"line":914,"column":78}},"409":{"start":{"line":915,"column":20},"end":{"line":915,"column":77}},"410":{"start":{"line":917,"column":20},"end":{"line":917,"column":40}},"411":{"start":{"line":918,"column":17},"end":{"line":918,"column":31}},"412":{"start":{"line":919,"column":19},"end":{"line":919,"column":30}},"413":{"start":{"line":920,"column":19},"end":{"line":920,"column":30}},"414":{"start":{"line":922,"column":2},"end":{"line":999,"column":3}},"415":{"start":{"line":923,"column":21},"end":{"line":923,"column":40}},"416":{"start":{"line":924,"column":21},"end":{"line":924,"column":40}},"417":{"start":{"line":925,"column":19},"end":{"line":925,"column":36}},"418":{"start":{"line":926,"column":19},"end":{"line":926,"column":36}},"419":{"start":{"line":927,"column":21},"end":{"line":927,"column":40}},"420":{"start":{"line":928,"column":21},"end":{"line":928,"column":40}},"421":{"start":{"line":929,"column":19},"end":{"line":929,"column":36}},"422":{"start":{"line":930,"column":21},"end":{"line":930,"column":40}},"423":{"start":{"line":931,"column":19},"end":{"line":931,"column":36}},"424":{"start":{"line":932,"column":28},"end":{"line":932,"column":50}},"425":{"start":{"line":933,"column":24},"end":{"line":933,"column":46}},"426":{"start":{"line":934,"column":14},"end":{"line":934,"column":26}},"427":{"start":{"line":935,"column":22},"end":{"line":935,"column":42}},"428":{"start":{"line":936,"column":23},"end":{"line":936,"column":44}},"429":{"start":{"line":937,"column":23},"end":{"line":937,"column":44}},"430":{"start":{"line":939,"column":4},"end":{"line":998,"column":5}},"431":{"start":{"line":940,"column":21},"end":{"line":940,"column":94}},"432":{"start":{"line":941,"column":19},"end":{"line":941,"column":35}},"433":{"start":{"line":942,"column":21},"end":{"line":942,"column":37}},"434":{"start":{"line":944,"column":28},"end":{"line":944,"column":76}},"435":{"start":{"line":945,"column":24},"end":{"line":945,"column":76}},"436":{"start":{"line":946,"column":6},"end":{"line":946,"column":56}},"437":{"start":{"line":946,"column":38},"end":{"line":946,"column":53}},"438":{"start":{"line":948,"column":20},"end":{"line":948,"column":30}},"439":{"start":{"line":950,"column":18},"end":{"line":950,"column":38}},"440":{"start":{"line":951,"column":16},"end":{"line":951,"column":31}},"441":{"start":{"line":952,"column":17},"end":{"line":952,"column":36}},"442":{"start":{"line":954,"column":6},"end":{"line":954,"column":67}},"443":{"start":{"line":955,"column":6},"end":{"line":955,"column":68}},"444":{"start":{"line":956,"column":6},"end":{"line":956,"column":74}},"445":{"start":{"line":957,"column":6},"end":{"line":957,"column":71}},"446":{"start":{"line":959,"column":6},"end":{"line":959,"column":55}},"447":{"start":{"line":961,"column":6},"end":{"line":961,"column":97}},"448":{"start":{"line":962,"column":6},"end":{"line":962,"column":97}},"449":{"start":{"line":963,"column":6},"end":{"line":963,"column":92}},"450":{"start":{"line":964,"column":6},"end":{"line":964,"column":92}},"451":{"start":{"line":965,"column":6},"end":{"line":965,"column":97}},"452":{"start":{"line":966,"column":6},"end":{"line":966,"column":97}},"453":{"start":{"line":967,"column":6},"end":{"line":967,"column":97}},"454":{"start":{"line":968,"column":6},"end":{"line":968,"column":91}},"455":{"start":{"line":969,"column":6},"end":{"line":969,"column":91}},"456":{"start":{"line":970,"column":6},"end":{"line":970,"column":107}},"457":{"start":{"line":975,"column":6},"end":{"line":977,"column":9}},"458":{"start":{"line":976,"column":10},"end":{"line":976,"column":69}},"459":{"start":{"line":979,"column":6},"end":{"line":979,"column":68}},"460":{"start":{"line":980,"column":6},"end":{"line":980,"column":65}},"461":{"start":{"line":981,"column":6},"end":{"line":981,"column":70}},"462":{"start":{"line":984,"column":6},"end":{"line":984,"column":21}},"463":{"start":{"line":987,"column":23},"end":{"line":987,"column":42}},"464":{"start":{"line":990,"column":6},"end":{"line":990,"column":55}},"465":{"start":{"line":991,"column":6},"end":{"line":991,"column":79}},"466":{"start":{"line":992,"column":6},"end":{"line":992,"column":38}},"467":{"start":{"line":994,"column":6},"end":{"line":994,"column":48}},"468":{"start":{"line":996,"column":6},"end":{"line":996,"column":50}},"469":{"start":{"line":997,"column":6},"end":{"line":997,"column":51}},"470":{"start":{"line":1001,"column":2},"end":{"line":1104,"column":3}},"471":{"start":{"line":1003,"column":16},"end":{"line":1003,"column":30}},"472":{"start":{"line":1004,"column":19},"end":{"line":1004,"column":36}},"473":{"start":{"line":1005,"column":14},"end":{"line":1005,"column":26}},"474":{"start":{"line":1006,"column":14},"end":{"line":1006,"column":26}},"475":{"start":{"line":1009,"column":23},"end":{"line":1009,"column":44}},"476":{"start":{"line":1010,"column":13},"end":{"line":1010,"column":24}},"477":{"start":{"line":1011,"column":26},"end":{"line":1011,"column":50}},"478":{"start":{"line":1012,"column":16},"end":{"line":1012,"column":30}},"479":{"start":{"line":1013,"column":18},"end":{"line":1013,"column":34}},"480":{"start":{"line":1014,"column":26},"end":{"line":1014,"column":50}},"481":{"start":{"line":1015,"column":22},"end":{"line":1015,"column":42}},"482":{"start":{"line":1018,"column":22},"end":{"line":1018,"column":42}},"483":{"start":{"line":1019,"column":14},"end":{"line":1019,"column":26}},"484":{"start":{"line":1020,"column":22},"end":{"line":1020,"column":42}},"485":{"start":{"line":1021,"column":21},"end":{"line":1021,"column":40}},"486":{"start":{"line":1022,"column":22},"end":{"line":1022,"column":42}},"487":{"start":{"line":1023,"column":25},"end":{"line":1023,"column":48}},"488":{"start":{"line":1024,"column":20},"end":{"line":1024,"column":38}},"489":{"start":{"line":1025,"column":22},"end":{"line":1025,"column":42}},"490":{"start":{"line":1026,"column":20},"end":{"line":1026,"column":38}},"491":{"start":{"line":1028,"column":4},"end":{"line":1103,"column":5}},"492":{"start":{"line":1029,"column":21},"end":{"line":1029,"column":102}},"493":{"start":{"line":1030,"column":19},"end":{"line":1030,"column":35}},"494":{"start":{"line":1031,"column":21},"end":{"line":1031,"column":37}},"495":{"start":{"line":1033,"column":28},"end":{"line":1033,"column":76}},"496":{"start":{"line":1034,"column":24},"end":{"line":1034,"column":76}},"497":{"start":{"line":1035,"column":6},"end":{"line":1035,"column":56}},"498":{"start":{"line":1035,"column":38},"end":{"line":1035,"column":53}},"499":{"start":{"line":1037,"column":20},"end":{"line":1037,"column":30}},"500":{"start":{"line":1039,"column":18},"end":{"line":1039,"column":38}},"501":{"start":{"line":1040,"column":16},"end":{"line":1040,"column":31}},"502":{"start":{"line":1041,"column":17},"end":{"line":1041,"column":36}},"503":{"start":{"line":1043,"column":6},"end":{"line":1043,"column":67}},"504":{"start":{"line":1044,"column":6},"end":{"line":1044,"column":68}},"505":{"start":{"line":1045,"column":6},"end":{"line":1045,"column":73}},"506":{"start":{"line":1046,"column":6},"end":{"line":1046,"column":71}},"507":{"start":{"line":1048,"column":6},"end":{"line":1048,"column":55}},"508":{"start":{"line":1049,"column":6},"end":{"line":1077,"column":7}},"509":{"start":{"line":1050,"column":8},"end":{"line":1050,"column":91}},"510":{"start":{"line":1051,"column":8},"end":{"line":1051,"column":85}},"511":{"start":{"line":1052,"column":8},"end":{"line":1052,"column":85}},"512":{"start":{"line":1053,"column":8},"end":{"line":1053,"column":100}},"513":{"start":{"line":1054,"column":8},"end":{"line":1054,"column":105}},"514":{"start":{"line":1055,"column":8},"end":{"line":1055,"column":75}},"515":{"start":{"line":1056,"column":8},"end":{"line":1056,"column":115}},"516":{"start":{"line":1057,"column":8},"end":{"line":1057,"column":84}},"517":{"start":{"line":1058,"column":8},"end":{"line":1058,"column":90}},"518":{"start":{"line":1059,"column":8},"end":{"line":1059,"column":115}},"519":{"start":{"line":1060,"column":8},"end":{"line":1060,"column":103}},"520":{"start":{"line":1061,"column":13},"end":{"line":1077,"column":7}},"521":{"start":{"line":1064,"column":8},"end":{"line":1064,"column":90}},"522":{"start":{"line":1065,"column":8},"end":{"line":1065,"column":84}},"523":{"start":{"line":1066,"column":8},"end":{"line":1066,"column":84}},"524":{"start":{"line":1067,"column":8},"end":{"line":1067,"column":99}},"525":{"start":{"line":1068,"column":8},"end":{"line":1068,"column":102}},"526":{"start":{"line":1069,"column":8},"end":{"line":1069,"column":94}},"527":{"start":{"line":1070,"column":8},"end":{"line":1070,"column":100}},"528":{"start":{"line":1071,"column":8},"end":{"line":1071,"column":103}},"529":{"start":{"line":1072,"column":8},"end":{"line":1072,"column":112}},"530":{"start":{"line":1073,"column":8},"end":{"line":1073,"column":97}},"531":{"start":{"line":1074,"column":8},"end":{"line":1074,"column":84}},"532":{"start":{"line":1075,"column":8},"end":{"line":1075,"column":102}},"533":{"start":{"line":1076,"column":8},"end":{"line":1076,"column":98}},"534":{"start":{"line":1080,"column":6},"end":{"line":1082,"column":9}},"535":{"start":{"line":1081,"column":10},"end":{"line":1081,"column":69}},"536":{"start":{"line":1084,"column":6},"end":{"line":1084,"column":67}},"537":{"start":{"line":1085,"column":6},"end":{"line":1085,"column":65}},"538":{"start":{"line":1086,"column":6},"end":{"line":1086,"column":70}},"539":{"start":{"line":1089,"column":6},"end":{"line":1089,"column":21}},"540":{"start":{"line":1092,"column":23},"end":{"line":1092,"column":42}},"541":{"start":{"line":1095,"column":6},"end":{"line":1095,"column":55}},"542":{"start":{"line":1096,"column":6},"end":{"line":1096,"column":79}},"543":{"start":{"line":1097,"column":6},"end":{"line":1097,"column":38}},"544":{"start":{"line":1099,"column":6},"end":{"line":1099,"column":48}},"545":{"start":{"line":1101,"column":6},"end":{"line":1101,"column":50}},"546":{"start":{"line":1102,"column":6},"end":{"line":1102,"column":51}},"547":{"start":{"line":1106,"column":2},"end":{"line":1186,"column":3}},"548":{"start":{"line":1107,"column":14},"end":{"line":1107,"column":26}},"549":{"start":{"line":1108,"column":14},"end":{"line":1108,"column":26}},"550":{"start":{"line":1109,"column":21},"end":{"line":1109,"column":40}},"551":{"start":{"line":1110,"column":19},"end":{"line":1110,"column":36}},"552":{"start":{"line":1111,"column":22},"end":{"line":1111,"column":42}},"553":{"start":{"line":1112,"column":24},"end":{"line":1112,"column":46}},"554":{"start":{"line":1113,"column":14},"end":{"line":1113,"column":26}},"555":{"start":{"line":1114,"column":14},"end":{"line":1114,"column":26}},"556":{"start":{"line":1115,"column":15},"end":{"line":1115,"column":28}},"557":{"start":{"line":1116,"column":14},"end":{"line":1116,"column":26}},"558":{"start":{"line":1117,"column":15},"end":{"line":1117,"column":28}},"559":{"start":{"line":1118,"column":15},"end":{"line":1118,"column":28}},"560":{"start":{"line":1119,"column":16},"end":{"line":1119,"column":30}},"561":{"start":{"line":1121,"column":4},"end":{"line":1185,"column":5}},"562":{"start":{"line":1122,"column":21},"end":{"line":1122,"column":93}},"563":{"start":{"line":1123,"column":19},"end":{"line":1123,"column":35}},"564":{"start":{"line":1124,"column":21},"end":{"line":1124,"column":37}},"565":{"start":{"line":1126,"column":28},"end":{"line":1126,"column":76}},"566":{"start":{"line":1127,"column":24},"end":{"line":1127,"column":76}},"567":{"start":{"line":1128,"column":6},"end":{"line":1128,"column":56}},"568":{"start":{"line":1128,"column":38},"end":{"line":1128,"column":53}},"569":{"start":{"line":1130,"column":20},"end":{"line":1130,"column":30}},"570":{"start":{"line":1132,"column":18},"end":{"line":1132,"column":38}},"571":{"start":{"line":1133,"column":16},"end":{"line":1133,"column":31}},"572":{"start":{"line":1134,"column":17},"end":{"line":1134,"column":36}},"573":{"start":{"line":1136,"column":6},"end":{"line":1136,"column":67}},"574":{"start":{"line":1137,"column":6},"end":{"line":1137,"column":68}},"575":{"start":{"line":1138,"column":6},"end":{"line":1138,"column":73}},"576":{"start":{"line":1139,"column":6},"end":{"line":1139,"column":71}},"577":{"start":{"line":1146,"column":6},"end":{"line":1146,"column":55}},"578":{"start":{"line":1148,"column":6},"end":{"line":1148,"column":76}},"579":{"start":{"line":1149,"column":6},"end":{"line":1149,"column":76}},"580":{"start":{"line":1150,"column":6},"end":{"line":1150,"column":97}},"581":{"start":{"line":1151,"column":6},"end":{"line":1151,"column":92}},"582":{"start":{"line":1152,"column":6},"end":{"line":1152,"column":106}},"583":{"start":{"line":1153,"column":6},"end":{"line":1153,"column":106}},"584":{"start":{"line":1154,"column":6},"end":{"line":1154,"column":88}},"585":{"start":{"line":1155,"column":6},"end":{"line":1155,"column":88}},"586":{"start":{"line":1156,"column":6},"end":{"line":1156,"column":79}},"587":{"start":{"line":1157,"column":6},"end":{"line":1157,"column":76}},"588":{"start":{"line":1158,"column":6},"end":{"line":1158,"column":79}},"589":{"start":{"line":1159,"column":6},"end":{"line":1159,"column":79}},"590":{"start":{"line":1160,"column":6},"end":{"line":1160,"column":82}},"591":{"start":{"line":1162,"column":6},"end":{"line":1164,"column":9}},"592":{"start":{"line":1163,"column":10},"end":{"line":1163,"column":69}},"593":{"start":{"line":1166,"column":6},"end":{"line":1166,"column":67}},"594":{"start":{"line":1167,"column":6},"end":{"line":1167,"column":65}},"595":{"start":{"line":1168,"column":6},"end":{"line":1168,"column":70}},"596":{"start":{"line":1171,"column":6},"end":{"line":1171,"column":21}},"597":{"start":{"line":1174,"column":23},"end":{"line":1174,"column":42}},"598":{"start":{"line":1177,"column":6},"end":{"line":1177,"column":55}},"599":{"start":{"line":1178,"column":6},"end":{"line":1178,"column":79}},"600":{"start":{"line":1179,"column":6},"end":{"line":1179,"column":38}},"601":{"start":{"line":1181,"column":6},"end":{"line":1181,"column":48}},"602":{"start":{"line":1183,"column":6},"end":{"line":1183,"column":50}},"603":{"start":{"line":1184,"column":6},"end":{"line":1184,"column":51}},"604":{"start":{"line":1188,"column":2},"end":{"line":1254,"column":3}},"605":{"start":{"line":1189,"column":16},"end":{"line":1189,"column":30}},"606":{"start":{"line":1190,"column":18},"end":{"line":1190,"column":36}},"607":{"start":{"line":1191,"column":29},"end":{"line":1191,"column":56}},"608":{"start":{"line":1192,"column":29},"end":{"line":1192,"column":56}},"609":{"start":{"line":1193,"column":20},"end":{"line":1193,"column":38}},"610":{"start":{"line":1194,"column":20},"end":{"line":1194,"column":38}},"611":{"start":{"line":1196,"column":4},"end":{"line":1253,"column":5}},"612":{"start":{"line":1197,"column":21},"end":{"line":1197,"column":92}},"613":{"start":{"line":1198,"column":19},"end":{"line":1198,"column":35}},"614":{"start":{"line":1199,"column":21},"end":{"line":1199,"column":37}},"615":{"start":{"line":1201,"column":28},"end":{"line":1201,"column":76}},"616":{"start":{"line":1202,"column":24},"end":{"line":1202,"column":76}},"617":{"start":{"line":1203,"column":6},"end":{"line":1203,"column":56}},"618":{"start":{"line":1203,"column":38},"end":{"line":1203,"column":53}},"619":{"start":{"line":1205,"column":20},"end":{"line":1205,"column":30}},"620":{"start":{"line":1207,"column":18},"end":{"line":1207,"column":38}},"621":{"start":{"line":1208,"column":16},"end":{"line":1208,"column":31}},"622":{"start":{"line":1209,"column":17},"end":{"line":1209,"column":36}},"623":{"start":{"line":1211,"column":6},"end":{"line":1211,"column":67}},"624":{"start":{"line":1212,"column":6},"end":{"line":1212,"column":68}},"625":{"start":{"line":1213,"column":6},"end":{"line":1213,"column":73}},"626":{"start":{"line":1214,"column":6},"end":{"line":1214,"column":71}},"627":{"start":{"line":1221,"column":6},"end":{"line":1221,"column":55}},"628":{"start":{"line":1223,"column":6},"end":{"line":1223,"column":48}},"629":{"start":{"line":1224,"column":6},"end":{"line":1224,"column":48}},"630":{"start":{"line":1225,"column":6},"end":{"line":1225,"column":61}},"631":{"start":{"line":1226,"column":6},"end":{"line":1226,"column":61}},"632":{"start":{"line":1227,"column":6},"end":{"line":1227,"column":50}},"633":{"start":{"line":1228,"column":6},"end":{"line":1228,"column":50}},"634":{"start":{"line":1230,"column":6},"end":{"line":1232,"column":9}},"635":{"start":{"line":1231,"column":10},"end":{"line":1231,"column":69}},"636":{"start":{"line":1234,"column":6},"end":{"line":1234,"column":67}},"637":{"start":{"line":1235,"column":6},"end":{"line":1235,"column":65}},"638":{"start":{"line":1236,"column":6},"end":{"line":1236,"column":70}},"639":{"start":{"line":1239,"column":6},"end":{"line":1239,"column":21}},"640":{"start":{"line":1242,"column":23},"end":{"line":1242,"column":42}},"641":{"start":{"line":1245,"column":6},"end":{"line":1245,"column":55}},"642":{"start":{"line":1246,"column":6},"end":{"line":1246,"column":79}},"643":{"start":{"line":1247,"column":6},"end":{"line":1247,"column":38}},"644":{"start":{"line":1249,"column":6},"end":{"line":1249,"column":48}},"645":{"start":{"line":1251,"column":6},"end":{"line":1251,"column":50}},"646":{"start":{"line":1252,"column":6},"end":{"line":1252,"column":51}},"647":{"start":{"line":1259,"column":0},"end":{"line":1302,"column":3}},"648":{"start":{"line":1260,"column":2},"end":{"line":1301,"column":3}},"649":{"start":{"line":1262,"column":22},"end":{"line":1262,"column":30}},"650":{"start":{"line":1263,"column":21},"end":{"line":1263,"column":50}},"651":{"start":{"line":1264,"column":22},"end":{"line":1264,"column":37}},"652":{"start":{"line":1267,"column":4},"end":{"line":1269,"column":5}},"653":{"start":{"line":1268,"column":6},"end":{"line":1268,"column":68}},"654":{"start":{"line":1271,"column":24},"end":{"line":1277,"column":6}},"655":{"start":{"line":1280,"column":20},"end":{"line":1280,"column":52}},"656":{"start":{"line":1281,"column":24},"end":{"line":1281,"column":61}},"657":{"start":{"line":1283,"column":24},"end":{"line":1294,"column":5}},"658":{"start":{"line":1296,"column":4},"end":{"line":1296,"column":44}},"659":{"start":{"line":1297,"column":4},"end":{"line":1297,"column":53}},"660":{"start":{"line":1299,"column":4},"end":{"line":1299,"column":49}},"661":{"start":{"line":1300,"column":4},"end":{"line":1300,"column":50}},"662":{"start":{"line":1304,"column":15},"end":{"line":1306,"column":2}},"663":{"start":{"line":1305,"column":2},"end":{"line":1305,"column":43}},"664":{"start":{"line":1308,"column":0},"end":{"line":1308,"column":33}}},"fnMap":{"0":{"name":"(anonymous_0)","decl":{"start":{"line":58,"column":21},"end":{"line":58,"column":22}},"loc":{"start":{"line":58,"column":41},"end":{"line":134,"column":1}},"line":58},"1":{"name":"(anonymous_1)","decl":{"start":{"line":70,"column":8},"end":{"line":70,"column":9}},"loc":{"start":{"line":70,"column":21},"end":{"line":70,"column":60}},"line":70},"2":{"name":"(anonymous_2)","decl":{"start":{"line":74,"column":51},"end":{"line":74,"column":52}},"loc":{"start":{"line":74,"column":72},"end":{"line":98,"column":7}},"line":74},"3":{"name":"(anonymous_3)","decl":{"start":{"line":136,"column":27},"end":{"line":136,"column":28}},"loc":{"start":{"line":136,"column":47},"end":{"line":204,"column":1}},"line":136},"4":{"name":"(anonymous_4)","decl":{"start":{"line":153,"column":20},"end":{"line":153,"column":21}},"loc":{"start":{"line":153,"column":33},"end":{"line":153,"column":79}},"line":153},"5":{"name":"(anonymous_5)","decl":{"start":{"line":156,"column":18},"end":{"line":156,"column":19}},"loc":{"start":{"line":156,"column":28},"end":{"line":156,"column":51}},"line":156},"6":{"name":"(anonymous_6)","decl":{"start":{"line":158,"column":27},"end":{"line":158,"column":28}},"loc":{"start":{"line":159,"column":6},"end":{"line":168,"column":12}},"line":159},"7":{"name":"(anonymous_7)","decl":{"start":{"line":206,"column":20},"end":{"line":206,"column":21}},"loc":{"start":{"line":206,"column":40},"end":{"line":227,"column":1}},"line":206},"8":{"name":"(anonymous_8)","decl":{"start":{"line":229,"column":21},"end":{"line":229,"column":22}},"loc":{"start":{"line":229,"column":41},"end":{"line":388,"column":1}},"line":229},"9":{"name":"(anonymous_9)","decl":{"start":{"line":326,"column":21},"end":{"line":326,"column":22}},"loc":{"start":{"line":326,"column":34},"end":{"line":329,"column":5}},"line":326},"10":{"name":"(anonymous_10)","decl":{"start":{"line":343,"column":29},"end":{"line":343,"column":30}},"loc":{"start":{"line":344,"column":8},"end":{"line":353,"column":14}},"line":344},"11":{"name":"(anonymous_11)","decl":{"start":{"line":390,"column":32},"end":{"line":390,"column":33}},"loc":{"start":{"line":390,"column":52},"end":{"line":406,"column":1}},"line":390},"12":{"name":"(anonymous_12)","decl":{"start":{"line":409,"column":22},"end":{"line":409,"column":23}},"loc":{"start":{"line":409,"column":42},"end":{"line":442,"column":1}},"line":409},"13":{"name":"(anonymous_13)","decl":{"start":{"line":444,"column":19},"end":{"line":444,"column":20}},"loc":{"start":{"line":444,"column":39},"end":{"line":463,"column":1}},"line":444},"14":{"name":"(anonymous_14)","decl":{"start":{"line":465,"column":21},"end":{"line":465,"column":22}},"loc":{"start":{"line":465,"column":35},"end":{"line":483,"column":1}},"line":465},"15":{"name":"(anonymous_15)","decl":{"start":{"line":469,"column":12},"end":{"line":469,"column":13}},"loc":{"start":{"line":469,"column":20},"end":{"line":475,"column":7}},"line":469},"16":{"name":"(anonymous_16)","decl":{"start":{"line":476,"column":13},"end":{"line":476,"column":14}},"loc":{"start":{"line":476,"column":20},"end":{"line":479,"column":7}},"line":476},"17":{"name":"(anonymous_17)","decl":{"start":{"line":486,"column":19},"end":{"line":486,"column":20}},"loc":{"start":{"line":486,"column":39},"end":{"line":490,"column":1}},"line":486},"18":{"name":"(anonymous_18)","decl":{"start":{"line":487,"column":22},"end":{"line":487,"column":23}},"loc":{"start":{"line":487,"column":37},"end":{"line":489,"column":3}},"line":487},"19":{"name":"(anonymous_19)","decl":{"start":{"line":492,"column":17},"end":{"line":492,"column":18}},"loc":{"start":{"line":492,"column":31},"end":{"line":498,"column":1}},"line":492},"20":{"name":"(anonymous_20)","decl":{"start":{"line":500,"column":24},"end":{"line":500,"column":25}},"loc":{"start":{"line":500,"column":44},"end":{"line":550,"column":1}},"line":500},"21":{"name":"(anonymous_21)","decl":{"start":{"line":552,"column":26},"end":{"line":552,"column":27}},"loc":{"start":{"line":552,"column":46},"end":{"line":790,"column":1}},"line":552},"22":{"name":"(anonymous_22)","decl":{"start":{"line":554,"column":26},"end":{"line":554,"column":27}},"loc":{"start":{"line":554,"column":49},"end":{"line":563,"column":5}},"line":554},"23":{"name":"(anonymous_23)","decl":{"start":{"line":564,"column":23},"end":{"line":564,"column":24}},"loc":{"start":{"line":564,"column":53},"end":{"line":586,"column":5}},"line":564},"24":{"name":"(anonymous_24)","decl":{"start":{"line":792,"column":36},"end":{"line":792,"column":37}},"loc":{"start":{"line":792,"column":56},"end":{"line":844,"column":1}},"line":792},"25":{"name":"(anonymous_25)","decl":{"start":{"line":846,"column":24},"end":{"line":846,"column":25}},"loc":{"start":{"line":846,"column":44},"end":{"line":879,"column":1}},"line":846},"26":{"name":"(anonymous_26)","decl":{"start":{"line":881,"column":18},"end":{"line":881,"column":19}},"loc":{"start":{"line":881,"column":38},"end":{"line":889,"column":1}},"line":881},"27":{"name":"(anonymous_27)","decl":{"start":{"line":891,"column":24},"end":{"line":891,"column":25}},"loc":{"start":{"line":891,"column":44},"end":{"line":898,"column":1}},"line":891},"28":{"name":"(anonymous_28)","decl":{"start":{"line":900,"column":18},"end":{"line":900,"column":19}},"loc":{"start":{"line":900,"column":38},"end":{"line":907,"column":1}},"line":900},"29":{"name":"(anonymous_29)","decl":{"start":{"line":909,"column":26},"end":{"line":909,"column":27}},"loc":{"start":{"line":909,"column":46},"end":{"line":1256,"column":1}},"line":909},"30":{"name":"(anonymous_30)","decl":{"start":{"line":946,"column":29},"end":{"line":946,"column":30}},"loc":{"start":{"line":946,"column":38},"end":{"line":946,"column":53}},"line":946},"31":{"name":"(anonymous_31)","decl":{"start":{"line":975,"column":21},"end":{"line":975,"column":22}},"loc":{"start":{"line":975,"column":30},"end":{"line":977,"column":7}},"line":975},"32":{"name":"(anonymous_32)","decl":{"start":{"line":1035,"column":29},"end":{"line":1035,"column":30}},"loc":{"start":{"line":1035,"column":38},"end":{"line":1035,"column":53}},"line":1035},"33":{"name":"(anonymous_33)","decl":{"start":{"line":1080,"column":21},"end":{"line":1080,"column":22}},"loc":{"start":{"line":1080,"column":30},"end":{"line":1082,"column":7}},"line":1080},"34":{"name":"(anonymous_34)","decl":{"start":{"line":1128,"column":29},"end":{"line":1128,"column":30}},"loc":{"start":{"line":1128,"column":38},"end":{"line":1128,"column":53}},"line":1128},"35":{"name":"(anonymous_35)","decl":{"start":{"line":1162,"column":21},"end":{"line":1162,"column":22}},"loc":{"start":{"line":1162,"column":30},"end":{"line":1164,"column":7}},"line":1162},"36":{"name":"(anonymous_36)","decl":{"start":{"line":1203,"column":29},"end":{"line":1203,"column":30}},"loc":{"start":{"line":1203,"column":38},"end":{"line":1203,"column":53}},"line":1203},"37":{"name":"(anonymous_37)","decl":{"start":{"line":1230,"column":21},"end":{"line":1230,"column":22}},"loc":{"start":{"line":1230,"column":30},"end":{"line":1232,"column":7}},"line":1230},"38":{"name":"(anonymous_38)","decl":{"start":{"line":1259,"column":50},"end":{"line":1259,"column":51}},"loc":{"start":{"line":1259,"column":70},"end":{"line":1302,"column":1}},"line":1259},"39":{"name":"(anonymous_39)","decl":{"start":{"line":1304,"column":32},"end":{"line":1304,"column":33}},"loc":{"start":{"line":1304,"column":38},"end":{"line":1306,"column":1}},"line":1304}},"branchMap":{"0":{"loc":{"start":{"line":34,"column":13},"end":{"line":34,"column":37}},"type":"binary-expr","locations":[{"start":{"line":34,"column":13},"end":{"line":34,"column":29}},{"start":{"line":34,"column":33},"end":{"line":34,"column":37}}],"line":34},"1":{"loc":{"start":{"line":78,"column":8},"end":{"line":80,"column":9}},"type":"if","locations":[{"start":{"line":78,"column":8},"end":{"line":80,"column":9}},{"start":{},"end":{}}],"line":78},"2":{"loc":{"start":{"line":78,"column":12},"end":{"line":78,"column":75}},"type":"binary-expr","locations":[{"start":{"line":78,"column":12},"end":{"line":78,"column":38}},{"start":{"line":78,"column":42},"end":{"line":78,"column":75}}],"line":78},"3":{"loc":{"start":{"line":83,"column":8},"end":{"line":85,"column":9}},"type":"if","locations":[{"start":{"line":83,"column":8},"end":{"line":85,"column":9}},{"start":{},"end":{}}],"line":83},"4":{"loc":{"start":{"line":90,"column":8},"end":{"line":92,"column":9}},"type":"if","locations":[{"start":{"line":90,"column":8},"end":{"line":92,"column":9}},{"start":{},"end":{}}],"line":90},"5":{"loc":{"start":{"line":90,"column":12},"end":{"line":90,"column":73}},"type":"binary-expr","locations":[{"start":{"line":90,"column":12},"end":{"line":90,"column":37}},{"start":{"line":90,"column":41},"end":{"line":90,"column":73}}],"line":90},"6":{"loc":{"start":{"line":95,"column":15},"end":{"line":97,"column":18}},"type":"cond-expr","locations":[{"start":{"line":96,"column":12},"end":{"line":96,"column":19}},{"start":{"line":97,"column":12},"end":{"line":97,"column":18}}],"line":95},"7":{"loc":{"start":{"line":101,"column":6},"end":{"line":122,"column":7}},"type":"if","locations":[{"start":{"line":101,"column":6},"end":{"line":122,"column":7}},{"start":{"line":115,"column":13},"end":{"line":122,"column":7}}],"line":101},"8":{"loc":{"start":{"line":102,"column":30},"end":{"line":108,"column":17}},"type":"cond-expr","locations":[{"start":{"line":103,"column":12},"end":{"line":107,"column":12}},{"start":{"line":108,"column":12},"end":{"line":108,"column":17}}],"line":102},"9":{"loc":{"start":{"line":123,"column":6},"end":{"line":126,"column":7}},"type":"if","locations":[{"start":{"line":123,"column":6},"end":{"line":126,"column":7}},{"start":{},"end":{}}],"line":123},"10":{"loc":{"start":{"line":143,"column":4},"end":{"line":145,"column":5}},"type":"if","locations":[{"start":{"line":143,"column":4},"end":{"line":145,"column":5}},{"start":{},"end":{}}],"line":143},"11":{"loc":{"start":{"line":153,"column":42},"end":{"line":153,"column":78}},"type":"binary-expr","locations":[{"start":{"line":153,"column":42},"end":{"line":153,"column":57}},{"start":{"line":153,"column":61},"end":{"line":153,"column":78}}],"line":153},"12":{"loc":{"start":{"line":159,"column":6},"end":{"line":168,"column":12}},"type":"cond-expr","locations":[{"start":{"line":160,"column":10},"end":{"line":167,"column":10}},{"start":{"line":168,"column":10},"end":{"line":168,"column":12}}],"line":159},"13":{"loc":{"start":{"line":185,"column":6},"end":{"line":188,"column":7}},"type":"if","locations":[{"start":{"line":185,"column":6},"end":{"line":188,"column":7}},{"start":{},"end":{}}],"line":185},"14":{"loc":{"start":{"line":192,"column":4},"end":{"line":194,"column":5}},"type":"if","locations":[{"start":{"line":192,"column":4},"end":{"line":194,"column":5}},{"start":{},"end":{}}],"line":192},"15":{"loc":{"start":{"line":238,"column":4},"end":{"line":255,"column":5}},"type":"if","locations":[{"start":{"line":238,"column":4},"end":{"line":255,"column":5}},{"start":{},"end":{}}],"line":238},"16":{"loc":{"start":{"line":238,"column":8},"end":{"line":238,"column":65}},"type":"binary-expr","locations":[{"start":{"line":238,"column":8},"end":{"line":238,"column":38}},{"start":{"line":238,"column":42},"end":{"line":238,"column":65}}],"line":238},"17":{"loc":{"start":{"line":258,"column":4},"end":{"line":265,"column":5}},"type":"if","locations":[{"start":{"line":258,"column":4},"end":{"line":265,"column":5}},{"start":{},"end":{}}],"line":258},"18":{"loc":{"start":{"line":259,"column":6},"end":{"line":260,"column":41}},"type":"binary-expr","locations":[{"start":{"line":259,"column":6},"end":{"line":259,"column":44}},{"start":{"line":260,"column":6},"end":{"line":260,"column":41}}],"line":259},"19":{"loc":{"start":{"line":266,"column":4},"end":{"line":273,"column":5}},"type":"if","locations":[{"start":{"line":266,"column":4},"end":{"line":273,"column":5}},{"start":{},"end":{}}],"line":266},"20":{"loc":{"start":{"line":267,"column":6},"end":{"line":268,"column":41}},"type":"binary-expr","locations":[{"start":{"line":267,"column":6},"end":{"line":267,"column":44}},{"start":{"line":268,"column":6},"end":{"line":268,"column":41}}],"line":267},"21":{"loc":{"start":{"line":274,"column":4},"end":{"line":281,"column":5}},"type":"if","locations":[{"start":{"line":274,"column":4},"end":{"line":281,"column":5}},{"start":{},"end":{}}],"line":274},"22":{"loc":{"start":{"line":275,"column":6},"end":{"line":276,"column":41}},"type":"binary-expr","locations":[{"start":{"line":275,"column":6},"end":{"line":275,"column":44}},{"start":{"line":276,"column":6},"end":{"line":276,"column":41}}],"line":275},"23":{"loc":{"start":{"line":282,"column":4},"end":{"line":290,"column":5}},"type":"if","locations":[{"start":{"line":282,"column":4},"end":{"line":290,"column":5}},{"start":{},"end":{}}],"line":282},"24":{"loc":{"start":{"line":283,"column":6},"end":{"line":284,"column":41}},"type":"binary-expr","locations":[{"start":{"line":283,"column":6},"end":{"line":283,"column":44}},{"start":{"line":284,"column":6},"end":{"line":284,"column":41}}],"line":283},"25":{"loc":{"start":{"line":291,"column":4},"end":{"line":293,"column":5}},"type":"if","locations":[{"start":{"line":291,"column":4},"end":{"line":293,"column":5}},{"start":{},"end":{}}],"line":291},"26":{"loc":{"start":{"line":294,"column":4},"end":{"line":296,"column":5}},"type":"if","locations":[{"start":{"line":294,"column":4},"end":{"line":296,"column":5}},{"start":{},"end":{}}],"line":294},"27":{"loc":{"start":{"line":298,"column":4},"end":{"line":301,"column":5}},"type":"if","locations":[{"start":{"line":298,"column":4},"end":{"line":301,"column":5}},{"start":{},"end":{}}],"line":298},"28":{"loc":{"start":{"line":298,"column":8},"end":{"line":298,"column":71}},"type":"binary-expr","locations":[{"start":{"line":298,"column":8},"end":{"line":298,"column":35}},{"start":{"line":298,"column":39},"end":{"line":298,"column":71}}],"line":298},"29":{"loc":{"start":{"line":303,"column":4},"end":{"line":307,"column":5}},"type":"if","locations":[{"start":{"line":303,"column":4},"end":{"line":307,"column":5}},{"start":{},"end":{}}],"line":303},"30":{"loc":{"start":{"line":303,"column":8},"end":{"line":303,"column":64}},"type":"binary-expr","locations":[{"start":{"line":303,"column":8},"end":{"line":303,"column":32}},{"start":{"line":303,"column":36},"end":{"line":303,"column":64}}],"line":303},"31":{"loc":{"start":{"line":309,"column":4},"end":{"line":312,"column":5}},"type":"if","locations":[{"start":{"line":309,"column":4},"end":{"line":312,"column":5}},{"start":{},"end":{}}],"line":309},"32":{"loc":{"start":{"line":309,"column":8},"end":{"line":309,"column":66}},"type":"binary-expr","locations":[{"start":{"line":309,"column":8},"end":{"line":309,"column":32}},{"start":{"line":309,"column":36},"end":{"line":309,"column":66}}],"line":309},"33":{"loc":{"start":{"line":315,"column":4},"end":{"line":317,"column":5}},"type":"if","locations":[{"start":{"line":315,"column":4},"end":{"line":317,"column":5}},{"start":{},"end":{}}],"line":315},"34":{"loc":{"start":{"line":334,"column":6},"end":{"line":340,"column":7}},"type":"if","locations":[{"start":{"line":334,"column":6},"end":{"line":340,"column":7}},{"start":{"line":336,"column":13},"end":{"line":340,"column":7}}],"line":334},"35":{"loc":{"start":{"line":336,"column":13},"end":{"line":340,"column":7}},"type":"if","locations":[{"start":{"line":336,"column":13},"end":{"line":340,"column":7}},{"start":{"line":338,"column":13},"end":{"line":340,"column":7}}],"line":336},"36":{"loc":{"start":{"line":344,"column":8},"end":{"line":353,"column":14}},"type":"cond-expr","locations":[{"start":{"line":345,"column":12},"end":{"line":352,"column":12}},{"start":{"line":353,"column":12},"end":{"line":353,"column":14}}],"line":344},"37":{"loc":{"start":{"line":372,"column":6},"end":{"line":375,"column":7}},"type":"if","locations":[{"start":{"line":372,"column":6},"end":{"line":375,"column":7}},{"start":{},"end":{}}],"line":372},"38":{"loc":{"start":{"line":379,"column":4},"end":{"line":381,"column":5}},"type":"if","locations":[{"start":{"line":379,"column":4},"end":{"line":381,"column":5}},{"start":{},"end":{}}],"line":379},"39":{"loc":{"start":{"line":396,"column":4},"end":{"line":398,"column":5}},"type":"if","locations":[{"start":{"line":396,"column":4},"end":{"line":398,"column":5}},{"start":{},"end":{}}],"line":396},"40":{"loc":{"start":{"line":423,"column":2},"end":{"line":425,"column":3}},"type":"if","locations":[{"start":{"line":423,"column":2},"end":{"line":425,"column":3}},{"start":{},"end":{}}],"line":423},"41":{"loc":{"start":{"line":448,"column":2},"end":{"line":450,"column":3}},"type":"if","locations":[{"start":{"line":448,"column":2},"end":{"line":450,"column":3}},{"start":{},"end":{}}],"line":448},"42":{"loc":{"start":{"line":452,"column":2},"end":{"line":454,"column":3}},"type":"if","locations":[{"start":{"line":452,"column":2},"end":{"line":454,"column":3}},{"start":{},"end":{}}],"line":452},"43":{"loc":{"start":{"line":457,"column":2},"end":{"line":461,"column":3}},"type":"if","locations":[{"start":{"line":457,"column":2},"end":{"line":461,"column":3}},{"start":{"line":459,"column":9},"end":{"line":461,"column":3}}],"line":457},"44":{"loc":{"start":{"line":466,"column":2},"end":{"line":482,"column":3}},"type":"if","locations":[{"start":{"line":466,"column":2},"end":{"line":482,"column":3}},{"start":{"line":480,"column":9},"end":{"line":482,"column":3}}],"line":466},"45":{"loc":{"start":{"line":470,"column":8},"end":{"line":474,"column":9}},"type":"if","locations":[{"start":{"line":470,"column":8},"end":{"line":474,"column":9}},{"start":{"line":472,"column":15},"end":{"line":474,"column":9}}],"line":470},"46":{"loc":{"start":{"line":493,"column":2},"end":{"line":497,"column":3}},"type":"if","locations":[{"start":{"line":493,"column":2},"end":{"line":497,"column":3}},{"start":{"line":495,"column":9},"end":{"line":497,"column":3}}],"line":493},"47":{"loc":{"start":{"line":515,"column":4},"end":{"line":544,"column":5}},"type":"if","locations":[{"start":{"line":515,"column":4},"end":{"line":544,"column":5}},{"start":{"line":520,"column":11},"end":{"line":544,"column":5}}],"line":515},"48":{"loc":{"start":{"line":525,"column":27},"end":{"line":525,"column":74}},"type":"cond-expr","locations":[{"start":{"line":525,"column":43},"end":{"line":525,"column":70}},{"start":{"line":525,"column":73},"end":{"line":525,"column":74}}],"line":525},"49":{"loc":{"start":{"line":575,"column":8},"end":{"line":581,"column":9}},"type":"if","locations":[{"start":{"line":575,"column":8},"end":{"line":581,"column":9}},{"start":{"line":579,"column":15},"end":{"line":581,"column":9}}],"line":575},"50":{"loc":{"start":{"line":591,"column":21},"end":{"line":591,"column":69}},"type":"cond-expr","locations":[{"start":{"line":591,"column":38},"end":{"line":591,"column":62}},{"start":{"line":591,"column":65},"end":{"line":591,"column":69}}],"line":591},"51":{"loc":{"start":{"line":608,"column":6},"end":{"line":616,"column":7}},"type":"if","locations":[{"start":{"line":608,"column":6},"end":{"line":616,"column":7}},{"start":{"line":610,"column":13},"end":{"line":616,"column":7}}],"line":608},"52":{"loc":{"start":{"line":610,"column":13},"end":{"line":616,"column":7}},"type":"if","locations":[{"start":{"line":610,"column":13},"end":{"line":616,"column":7}},{"start":{"line":612,"column":13},"end":{"line":616,"column":7}}],"line":610},"53":{"loc":{"start":{"line":612,"column":13},"end":{"line":616,"column":7}},"type":"if","locations":[{"start":{"line":612,"column":13},"end":{"line":616,"column":7}},{"start":{"line":614,"column":13},"end":{"line":616,"column":7}}],"line":612},"54":{"loc":{"start":{"line":614,"column":13},"end":{"line":616,"column":7}},"type":"if","locations":[{"start":{"line":614,"column":13},"end":{"line":616,"column":7}},{"start":{},"end":{}}],"line":614},"55":{"loc":{"start":{"line":620,"column":6},"end":{"line":780,"column":7}},"type":"if","locations":[{"start":{"line":620,"column":6},"end":{"line":780,"column":7}},{"start":{},"end":{}}],"line":620},"56":{"loc":{"start":{"line":641,"column":10},"end":{"line":776,"column":11}},"type":"if","locations":[{"start":{"line":641,"column":10},"end":{"line":776,"column":11}},{"start":{"line":672,"column":17},"end":{"line":776,"column":11}}],"line":641},"57":{"loc":{"start":{"line":642,"column":12},"end":{"line":671,"column":13}},"type":"switch","locations":[{"start":{"line":643,"column":14},"end":{"line":645,"column":43}},{"start":{"line":646,"column":14},"end":{"line":655,"column":22}},{"start":{"line":656,"column":14},"end":{"line":658,"column":22}},{"start":{"line":659,"column":14},"end":{"line":661,"column":22}},{"start":{"line":662,"column":14},"end":{"line":664,"column":22}},{"start":{"line":665,"column":14},"end":{"line":667,"column":22}},{"start":{"line":668,"column":14},"end":{"line":670,"column":22}}],"line":642},"58":{"loc":{"start":{"line":672,"column":17},"end":{"line":776,"column":11}},"type":"if","locations":[{"start":{"line":672,"column":17},"end":{"line":776,"column":11}},{"start":{"line":705,"column":17},"end":{"line":776,"column":11}}],"line":672},"59":{"loc":{"start":{"line":677,"column":12},"end":{"line":704,"column":13}},"type":"switch","locations":[{"start":{"line":678,"column":14},"end":{"line":686,"column":22}},{"start":{"line":687,"column":14},"end":{"line":697,"column":22}},{"start":{"line":698,"column":14},"end":{"line":700,"column":22}},{"start":{"line":701,"column":14},"end":{"line":703,"column":22}}],"line":677},"60":{"loc":{"start":{"line":705,"column":17},"end":{"line":776,"column":11}},"type":"if","locations":[{"start":{"line":705,"column":17},"end":{"line":776,"column":11}},{"start":{"line":750,"column":17},"end":{"line":776,"column":11}}],"line":705},"61":{"loc":{"start":{"line":706,"column":12},"end":{"line":749,"column":13}},"type":"switch","locations":[{"start":{"line":707,"column":14},"end":{"line":709,"column":22}},{"start":{"line":710,"column":14},"end":{"line":712,"column":22}},{"start":{"line":713,"column":14},"end":{"line":715,"column":22}},{"start":{"line":716,"column":14},"end":{"line":718,"column":22}},{"start":{"line":719,"column":14},"end":{"line":721,"column":22}},{"start":{"line":722,"column":14},"end":{"line":724,"column":22}},{"start":{"line":725,"column":14},"end":{"line":727,"column":22}},{"start":{"line":728,"column":14},"end":{"line":730,"column":22}},{"start":{"line":731,"column":14},"end":{"line":733,"column":22}},{"start":{"line":734,"column":14},"end":{"line":736,"column":22}},{"start":{"line":737,"column":14},"end":{"line":739,"column":22}},{"start":{"line":740,"column":14},"end":{"line":742,"column":22}},{"start":{"line":743,"column":14},"end":{"line":745,"column":22}},{"start":{"line":746,"column":14},"end":{"line":748,"column":22}}],"line":706},"62":{"loc":{"start":{"line":750,"column":17},"end":{"line":776,"column":11}},"type":"if","locations":[{"start":{"line":750,"column":17},"end":{"line":776,"column":11}},{"start":{"line":774,"column":17},"end":{"line":776,"column":11}}],"line":750},"63":{"loc":{"start":{"line":751,"column":12},"end":{"line":773,"column":13}},"type":"switch","locations":[{"start":{"line":752,"column":14},"end":{"line":754,"column":22}},{"start":{"line":755,"column":14},"end":{"line":757,"column":22}},{"start":{"line":758,"column":14},"end":{"line":760,"column":22}},{"start":{"line":761,"column":14},"end":{"line":763,"column":22}},{"start":{"line":764,"column":14},"end":{"line":766,"column":22}},{"start":{"line":767,"column":14},"end":{"line":769,"column":22}},{"start":{"line":770,"column":14},"end":{"line":772,"column":22}}],"line":751},"64":{"loc":{"start":{"line":805,"column":4},"end":{"line":814,"column":5}},"type":"if","locations":[{"start":{"line":805,"column":4},"end":{"line":814,"column":5}},{"start":{},"end":{}}],"line":805},"65":{"loc":{"start":{"line":809,"column":6},"end":{"line":813,"column":7}},"type":"if","locations":[{"start":{"line":809,"column":6},"end":{"line":813,"column":7}},{"start":{"line":811,"column":13},"end":{"line":813,"column":7}}],"line":809},"66":{"loc":{"start":{"line":817,"column":4},"end":{"line":819,"column":5}},"type":"if","locations":[{"start":{"line":817,"column":4},"end":{"line":819,"column":5}},{"start":{},"end":{}}],"line":817},"67":{"loc":{"start":{"line":820,"column":4},"end":{"line":822,"column":5}},"type":"if","locations":[{"start":{"line":820,"column":4},"end":{"line":822,"column":5}},{"start":{},"end":{}}],"line":820},"68":{"loc":{"start":{"line":823,"column":4},"end":{"line":825,"column":5}},"type":"if","locations":[{"start":{"line":823,"column":4},"end":{"line":825,"column":5}},{"start":{},"end":{}}],"line":823},"69":{"loc":{"start":{"line":833,"column":4},"end":{"line":836,"column":5}},"type":"if","locations":[{"start":{"line":833,"column":4},"end":{"line":836,"column":5}},{"start":{},"end":{}}],"line":833},"70":{"loc":{"start":{"line":866,"column":4},"end":{"line":872,"column":5}},"type":"if","locations":[{"start":{"line":866,"column":4},"end":{"line":872,"column":5}},{"start":{"line":868,"column":11},"end":{"line":872,"column":5}}],"line":866},"71":{"loc":{"start":{"line":922,"column":2},"end":{"line":999,"column":3}},"type":"if","locations":[{"start":{"line":922,"column":2},"end":{"line":999,"column":3}},{"start":{},"end":{}}],"line":922},"72":{"loc":{"start":{"line":961,"column":53},"end":{"line":961,"column":94}},"type":"cond-expr","locations":[{"start":{"line":961,"column":73},"end":{"line":961,"column":75}},{"start":{"line":961,"column":78},"end":{"line":961,"column":94}}],"line":961},"73":{"loc":{"start":{"line":961,"column":78},"end":{"line":961,"column":94}},"type":"binary-expr","locations":[{"start":{"line":961,"column":78},"end":{"line":961,"column":88}},{"start":{"line":961,"column":92},"end":{"line":961,"column":94}}],"line":961},"74":{"loc":{"start":{"line":962,"column":53},"end":{"line":962,"column":94}},"type":"cond-expr","locations":[{"start":{"line":962,"column":73},"end":{"line":962,"column":75}},{"start":{"line":962,"column":78},"end":{"line":962,"column":94}}],"line":962},"75":{"loc":{"start":{"line":962,"column":78},"end":{"line":962,"column":94}},"type":"binary-expr","locations":[{"start":{"line":962,"column":78},"end":{"line":962,"column":88}},{"start":{"line":962,"column":92},"end":{"line":962,"column":94}}],"line":962},"76":{"loc":{"start":{"line":963,"column":52},"end":{"line":963,"column":89}},"type":"cond-expr","locations":[{"start":{"line":963,"column":70},"end":{"line":963,"column":72}},{"start":{"line":963,"column":75},"end":{"line":963,"column":89}}],"line":963},"77":{"loc":{"start":{"line":963,"column":75},"end":{"line":963,"column":89}},"type":"binary-expr","locations":[{"start":{"line":963,"column":75},"end":{"line":963,"column":83}},{"start":{"line":963,"column":87},"end":{"line":963,"column":89}}],"line":963},"78":{"loc":{"start":{"line":964,"column":52},"end":{"line":964,"column":89}},"type":"cond-expr","locations":[{"start":{"line":964,"column":70},"end":{"line":964,"column":72}},{"start":{"line":964,"column":75},"end":{"line":964,"column":89}}],"line":964},"79":{"loc":{"start":{"line":964,"column":75},"end":{"line":964,"column":89}},"type":"binary-expr","locations":[{"start":{"line":964,"column":75},"end":{"line":964,"column":83}},{"start":{"line":964,"column":87},"end":{"line":964,"column":89}}],"line":964},"80":{"loc":{"start":{"line":965,"column":53},"end":{"line":965,"column":94}},"type":"cond-expr","locations":[{"start":{"line":965,"column":73},"end":{"line":965,"column":75}},{"start":{"line":965,"column":78},"end":{"line":965,"column":94}}],"line":965},"81":{"loc":{"start":{"line":965,"column":78},"end":{"line":965,"column":94}},"type":"binary-expr","locations":[{"start":{"line":965,"column":78},"end":{"line":965,"column":88}},{"start":{"line":965,"column":92},"end":{"line":965,"column":94}}],"line":965},"82":{"loc":{"start":{"line":966,"column":53},"end":{"line":966,"column":94}},"type":"cond-expr","locations":[{"start":{"line":966,"column":73},"end":{"line":966,"column":75}},{"start":{"line":966,"column":78},"end":{"line":966,"column":94}}],"line":966},"83":{"loc":{"start":{"line":966,"column":78},"end":{"line":966,"column":94}},"type":"binary-expr","locations":[{"start":{"line":966,"column":78},"end":{"line":966,"column":88}},{"start":{"line":966,"column":92},"end":{"line":966,"column":94}}],"line":966},"84":{"loc":{"start":{"line":967,"column":53},"end":{"line":967,"column":94}},"type":"cond-expr","locations":[{"start":{"line":967,"column":73},"end":{"line":967,"column":75}},{"start":{"line":967,"column":78},"end":{"line":967,"column":94}}],"line":967},"85":{"loc":{"start":{"line":967,"column":78},"end":{"line":967,"column":94}},"type":"binary-expr","locations":[{"start":{"line":967,"column":78},"end":{"line":967,"column":88}},{"start":{"line":967,"column":92},"end":{"line":967,"column":94}}],"line":967},"86":{"loc":{"start":{"line":968,"column":51},"end":{"line":968,"column":88}},"type":"cond-expr","locations":[{"start":{"line":968,"column":69},"end":{"line":968,"column":71}},{"start":{"line":968,"column":74},"end":{"line":968,"column":88}}],"line":968},"87":{"loc":{"start":{"line":968,"column":74},"end":{"line":968,"column":88}},"type":"binary-expr","locations":[{"start":{"line":968,"column":74},"end":{"line":968,"column":82}},{"start":{"line":968,"column":86},"end":{"line":968,"column":88}}],"line":968},"88":{"loc":{"start":{"line":969,"column":51},"end":{"line":969,"column":88}},"type":"cond-expr","locations":[{"start":{"line":969,"column":69},"end":{"line":969,"column":71}},{"start":{"line":969,"column":74},"end":{"line":969,"column":88}}],"line":969},"89":{"loc":{"start":{"line":969,"column":74},"end":{"line":969,"column":88}},"type":"binary-expr","locations":[{"start":{"line":969,"column":74},"end":{"line":969,"column":82}},{"start":{"line":969,"column":86},"end":{"line":969,"column":88}}],"line":969},"90":{"loc":{"start":{"line":970,"column":57},"end":{"line":970,"column":104}},"type":"cond-expr","locations":[{"start":{"line":970,"column":80},"end":{"line":970,"column":82}},{"start":{"line":970,"column":85},"end":{"line":970,"column":104}}],"line":970},"91":{"loc":{"start":{"line":970,"column":85},"end":{"line":970,"column":104}},"type":"binary-expr","locations":[{"start":{"line":970,"column":85},"end":{"line":970,"column":98}},{"start":{"line":970,"column":102},"end":{"line":970,"column":104}}],"line":970},"92":{"loc":{"start":{"line":1001,"column":2},"end":{"line":1104,"column":3}},"type":"if","locations":[{"start":{"line":1001,"column":2},"end":{"line":1104,"column":3}},{"start":{},"end":{}}],"line":1001},"93":{"loc":{"start":{"line":1049,"column":6},"end":{"line":1077,"column":7}},"type":"if","locatio
[...]
d":{"line":1073,"column":94}}],"line":1073},"138":{"loc":{"start":{"line":1073,"column":79},"end":{"line":1073,"column":94}},"type":"binary-expr","locations":[{"start":{"line":1073,"column":79},"end":{"line":1073,"column":88}},{"start":{"line":1073,"column":92},"end":{"line":1073,"column":94}}],"line":1073},"139":{"loc":{"start":{"line":1074,"column":54},"end":{"line":1074,"column":81}},"type":"cond-expr","locations":[{"start":{"line":1074,"column":67},"end":{"line":1074,"column":69}},{"start":{"line":1074,"column":72},"end":{"line":1074,"column":81}}],"line":1074},"140":{"loc":{"start":{"line":1074,"column":72},"end":{"line":1074,"column":81}},"type":"binary-expr","locations":[{"start":{"line":1074,"column":72},"end":{"line":1074,"column":75}},{"start":{"line":1074,"column":79},"end":{"line":1074,"column":81}}],"line":1074},"141":{"loc":{"start":{"line":1075,"column":56},"end":{"line":1075,"column":99}},"type":"cond-expr","locations":[{"start":{"line":1075,"column":77},"end":{"line":1075,"column":79}},{"start":{"line":1075,"column":82},"end":{"line":1075,"column":99}}],"line":1075},"142":{"loc":{"start":{"line":1075,"column":82},"end":{"line":1075,"column":99}},"type":"binary-expr","locations":[{"start":{"line":1075,"column":82},"end":{"line":1075,"column":93}},{"start":{"line":1075,"column":97},"end":{"line":1075,"column":99}}],"line":1075},"143":{"loc":{"start":{"line":1076,"column":56},"end":{"line":1076,"column":95}},"type":"cond-expr","locations":[{"start":{"line":1076,"column":75},"end":{"line":1076,"column":77}},{"start":{"line":1076,"column":80},"end":{"line":1076,"column":95}}],"line":1076},"144":{"loc":{"start":{"line":1076,"column":80},"end":{"line":1076,"column":95}},"type":"binary-expr","locations":[{"start":{"line":1076,"column":80},"end":{"line":1076,"column":89}},{"start":{"line":1076,"column":93},"end":{"line":1076,"column":95}}],"line":1076},"145":{"loc":{"start":{"line":1106,"column":2},"end":{"line":1186,"column":3}},"type":"if","locations":[{"start":{"line":1106,"column":2},"end":{"line":1186,"column":3}},{"start":{},"end":{}}],"line":1106},"146":{"loc":{"start":{"line":1148,"column":46},"end":{"line":1148,"column":73}},"type":"cond-expr","locations":[{"start":{"line":1148,"column":59},"end":{"line":1148,"column":61}},{"start":{"line":1148,"column":64},"end":{"line":1148,"column":73}}],"line":1148},"147":{"loc":{"start":{"line":1148,"column":64},"end":{"line":1148,"column":73}},"type":"binary-expr","locations":[{"start":{"line":1148,"column":64},"end":{"line":1148,"column":67}},{"start":{"line":1148,"column":71},"end":{"line":1148,"column":73}}],"line":1148},"148":{"loc":{"start":{"line":1149,"column":46},"end":{"line":1149,"column":73}},"type":"cond-expr","locations":[{"start":{"line":1149,"column":59},"end":{"line":1149,"column":61}},{"start":{"line":1149,"column":64},"end":{"line":1149,"column":73}}],"line":1149},"149":{"loc":{"start":{"line":1149,"column":64},"end":{"line":1149,"column":73}},"type":"binary-expr","locations":[{"start":{"line":1149,"column":64},"end":{"line":1149,"column":67}},{"start":{"line":1149,"column":71},"end":{"line":1149,"column":73}}],"line":1149},"150":{"loc":{"start":{"line":1150,"column":53},"end":{"line":1150,"column":94}},"type":"cond-expr","locations":[{"start":{"line":1150,"column":73},"end":{"line":1150,"column":75}},{"start":{"line":1150,"column":78},"end":{"line":1150,"column":94}}],"line":1150},"151":{"loc":{"start":{"line":1150,"column":78},"end":{"line":1150,"column":94}},"type":"binary-expr","locations":[{"start":{"line":1150,"column":78},"end":{"line":1150,"column":88}},{"start":{"line":1150,"column":92},"end":{"line":1150,"column":94}}],"line":1150},"152":{"loc":{"start":{"line":1151,"column":52},"end":{"line":1151,"column":89}},"type":"cond-expr","locations":[{"start":{"line":1151,"column":70},"end":{"line":1151,"column":72}},{"start":{"line":1151,"column":75},"end":{"line":1151,"column":89}}],"line":1151},"153":{"loc":{"start":{"line":1151,"column":75},"end":{"line":1151,"column":89}},"type":"binary-expr","locations":[{"start":{"line":1151,"column":75},"end":{"line":1151,"column":83}},{"start":{"line":1151,"column":87},"end":{"line":1151,"column":89}}],"line":1151},"154":{"loc":{"start":{"line":1152,"column":60},"end":{"line":1152,"column":103}},"type":"cond-expr","locations":[{"start":{"line":1152,"column":81},"end":{"line":1152,"column":83}},{"start":{"line":1152,"column":86},"end":{"line":1152,"column":103}}],"line":1152},"155":{"loc":{"start":{"line":1152,"column":86},"end":{"line":1152,"column":103}},"type":"binary-expr","locations":[{"start":{"line":1152,"column":86},"end":{"line":1152,"column":97}},{"start":{"line":1152,"column":101},"end":{"line":1152,"column":103}}],"line":1152},"156":{"loc":{"start":{"line":1153,"column":56},"end":{"line":1153,"column":103}},"type":"cond-expr","locations":[{"start":{"line":1153,"column":79},"end":{"line":1153,"column":81}},{"start":{"line":1153,"column":84},"end":{"line":1153,"column":103}}],"line":1153},"157":{"loc":{"start":{"line":1153,"column":84},"end":{"line":1153,"column":103}},"type":"binary-expr","locations":[{"start":{"line":1153,"column":84},"end":{"line":1153,"column":97}},{"start":{"line":1153,"column":101},"end":{"line":1153,"column":103}}],"line":1153},"158":{"loc":{"start":{"line":1154,"column":58},"end":{"line":1154,"column":85}},"type":"cond-expr","locations":[{"start":{"line":1154,"column":71},"end":{"line":1154,"column":73}},{"start":{"line":1154,"column":76},"end":{"line":1154,"column":85}}],"line":1154},"159":{"loc":{"start":{"line":1154,"column":76},"end":{"line":1154,"column":85}},"type":"binary-expr","locations":[{"start":{"line":1154,"column":76},"end":{"line":1154,"column":79}},{"start":{"line":1154,"column":83},"end":{"line":1154,"column":85}}],"line":1154},"160":{"loc":{"start":{"line":1155,"column":58},"end":{"line":1155,"column":85}},"type":"cond-expr","locations":[{"start":{"line":1155,"column":71},"end":{"line":1155,"column":73}},{"start":{"line":1155,"column":76},"end":{"line":1155,"column":85}}],"line":1155},"161":{"loc":{"start":{"line":1155,"column":76},"end":{"line":1155,"column":85}},"type":"binary-expr","locations":[{"start":{"line":1155,"column":76},"end":{"line":1155,"column":79}},{"start":{"line":1155,"column":83},"end":{"line":1155,"column":85}}],"line":1155},"162":{"loc":{"start":{"line":1156,"column":47},"end":{"line":1156,"column":76}},"type":"cond-expr","locations":[{"start":{"line":1156,"column":61},"end":{"line":1156,"column":63}},{"start":{"line":1156,"column":66},"end":{"line":1156,"column":76}}],"line":1156},"163":{"loc":{"start":{"line":1156,"column":66},"end":{"line":1156,"column":76}},"type":"binary-expr","locations":[{"start":{"line":1156,"column":66},"end":{"line":1156,"column":70}},{"start":{"line":1156,"column":74},"end":{"line":1156,"column":76}}],"line":1156},"164":{"loc":{"start":{"line":1157,"column":46},"end":{"line":1157,"column":73}},"type":"cond-expr","locations":[{"start":{"line":1157,"column":59},"end":{"line":1157,"column":61}},{"start":{"line":1157,"column":64},"end":{"line":1157,"column":73}}],"line":1157},"165":{"loc":{"start":{"line":1157,"column":64},"end":{"line":1157,"column":73}},"type":"binary-expr","locations":[{"start":{"line":1157,"column":64},"end":{"line":1157,"column":67}},{"start":{"line":1157,"column":71},"end":{"line":1157,"column":73}}],"line":1157},"166":{"loc":{"start":{"line":1158,"column":47},"end":{"line":1158,"column":76}},"type":"cond-expr","locations":[{"start":{"line":1158,"column":61},"end":{"line":1158,"column":63}},{"start":{"line":1158,"column":66},"end":{"line":1158,"column":76}}],"line":1158},"167":{"loc":{"start":{"line":1158,"column":66},"end":{"line":1158,"column":76}},"type":"binary-expr","locations":[{"start":{"line":1158,"column":66},"end":{"line":1158,"column":70}},{"start":{"line":1158,"column":74},"end":{"line":1158,"column":76}}],"line":1158},"168":{"loc":{"start":{"line":1159,"column":47},"end":{"line":1159,"column":76}},"type":"cond-expr","locations":[{"start":{"line":1159,"column":61},"end":{"line":1159,"column":63}},{"start":{"line":1159,"column":66},"end":{"line":1159,"column":76}}],"line":1159},"169":{"loc":{"start":{"line":1159,"column":66},"end":{"line":1159,"column":76}},"type":"binary-expr","locations":[{"start":{"line":1159,"column":66},"end":{"line":1159,"column":70}},{"start":{"line":1159,"column":74},"end":{"line":1159,"column":76}}],"line":1159},"170":{"loc":{"start":{"line":1160,"column":48},"end":{"line":1160,"column":79}},"type":"cond-expr","locations":[{"start":{"line":1160,"column":63},"end":{"line":1160,"column":65}},{"start":{"line":1160,"column":68},"end":{"line":1160,"column":79}}],"line":1160},"171":{"loc":{"start":{"line":1160,"column":68},"end":{"line":1160,"column":79}},"type":"binary-expr","locations":[{"start":{"line":1160,"column":68},"end":{"line":1160,"column":73}},{"start":{"line":1160,"column":77},"end":{"line":1160,"column":79}}],"line":1160},"172":{"loc":{"start":{"line":1188,"column":2},"end":{"line":1254,"column":3}},"type":"if","locations":[{"start":{"line":1188,"column":2},"end":{"line":1254,"column":3}},{"start":{},"end":{}}],"line":1188},"173":{"loc":{"start":{"line":1267,"column":4},"end":{"line":1269,"column":5}},"type":"if","locations":[{"start":{"line":1267,"column":4},"end":{"line":1269,"column":5}},{"start":{},"end":{}}],"line":1267},"174":{"loc":{"start":{"line":1267,"column":8},"end":{"line":1267,"column":27}},"type":"binary-expr","locations":[{"start":{"line":1267,"column":8},"end":{"line":1267,"column":14}},{"start":{"line":1267,"column":18},"end":{"line":1267,"column":27}}],"line":1267}},"s":{"0":11,"1":11,"2":11,"3":11,"4":11,"5":11,"6":11,"7":11,"8":11,"9":11,"10":11,"11":11,"12":11,"13":11,"14":11,"15":11,"16":11,"17":11,"18":11,"19":11,"20":4,"21":4,"22":4,"23":4,"24":4,"25":4,"26":10,"27":47,"28":10,"29":12,"30":12,"31":0,"32":12,"33":9,"34":3,"35":3,"36":0,"37":3,"38":10,"39":9,"40":9,"41":1,"42":10,"43":1,"44":1,"45":4,"46":0,"47":0,"48":11,"49":0,"50":0,"51":0,"52":0,"53":0,"54":0,"55":0,"56":0,"57":0,"58":0,"59":0,"60":0,"61":0,"62":0,"63":0,"64":0,"65":0,"66":0,"67":0,"68":0,"69":0,"70":0,"71":0,"72":0,"73":11,"74":0,"75":0,"76":0,"77":0,"78":0,"79":11,"80":18,"81":18,"82":18,"83":18,"84":18,"85":18,"86":18,"87":18,"88":18,"89":18,"90":8,"91":18,"92":18,"93":18,"94":18,"95":3,"96":3,"97":18,"98":3,"99":3,"100":18,"101":3,"102":3,"103":18,"104":3,"105":3,"106":18,"107":4,"108":18,"109":4,"110":18,"111":1,"112":18,"113":1,"114":1,"115":18,"116":1,"117":18,"118":0,"119":18,"120":18,"121":18,"122":18,"123":20,"124":20,"125":18,"126":22,"127":12,"128":10,"129":10,"130":0,"131":22,"132":44,"133":22,"134":22,"135":0,"136":0,"137":18,"138":0,"139":18,"140":0,"141":0,"142":11,"143":0,"144":0,"145":0,"146":0,"147":0,"148":0,"149":0,"150":0,"151":11,"152":4,"153":4,"154":4,"155":1,"156":3,"157":3,"158":3,"159":3,"160":3,"161":3,"162":11,"163":5,"164":5,"165":5,"166":5,"167":1,"168":4,"169":4,"170":1,"171":3,"172":3,"173":3,"174":1,"175":2,"176":3,"177":11,"178":0,"179":0,"180":0,"181":0,"182":0,"183":0,"184":0,"185":0,"186":11,"187":1,"188":1,"189":11,"190":2,"191":1,"192":1,"193":11,"194":5,"195":5,"196":5,"197":1,"198":1,"199":4,"200":4,"201":4,"202":4,"203":4,"204":0,"205":11,"206":3,"207":3,"208":5,"209":5,"210":5,"211":4,"212":1,"213":1,"214":3,"215":4,"216":4,"217":4,"218":4,"219":4,"220":4,"221":4,"222":0,"223":0,"224":0,"225":3,"226":3,"227":3,"228":3,"229":3,"230":3,"231":3,"232":5,"233":2,"234":3,"235":1,"236":2,"237":1,"238":1,"239":1,"240":3,"241":9,"242":5,"243":5,"244":4,"245":4,"246":4,"247":1,"248":0,"249":0,"250":1,"251":1,"252":1,"253":1,"254":1,"255":1,"256":1,"257":1,"258":1,"259":0,"260":0,"261":0,"262":0,"263":0,"264":0,"265":0,"266":0,"267":0,"268":0,"269":3,"270":1,"271":1,"272":1,"273":1,"274":1,"275":1,"276":1,"277":1,"278":1,"279":1,"280":1,"281":1,"282":1,"283":0,"284":0,"285":0,"286":0,"287":0,"288":0,"289":0,"290":0,"291":0,"292":0,"293":0,"294":0,"295":0,"296":0,"297":2,"298":1,"299":1,"300":1,"301":0,"302":0,"303":0,"304":0,"305":0,"306":0,"307":0,"308":0,"309":0,"310":0,"311":0,"312":0,"313":0,"314":0,"315":0,"316":0,"317":0,"318":0,"319":0,"320":0,"321":0,"322":0,"323":0,"324":0,"325":0,"326":0,"327":1,"328":1,"329":1,"330":1,"331":0,"332":0,"333":0,"334":0,"335":0,"336":0,"337":0,"338":0,"339":0,"340":0,"341":0,"342":0,"343":0,"344":4,"345":4,"346":2,"347":1,"348":1,"349":11,"350":4,"351":4,"352":4,"353":4,"354":4,"355":4,"356":4,"357":4,"358":2,"359":2,"360":4,"361":4,"362":4,"363":4,"364":4,"365":0,"366":4,"367":4,"368":0,"369":0,"370":4,"371":4,"372":0,"373":0,"374":11,"375":3,"376":3,"377":3,"378":3,"379":3,"380":3,"381":3,"382":2,"383":2,"384":2,"385":0,"386":1,"387":1,"388":11,"389":0,"390":0,"391":0,"392":0,"393":0,"394":11,"395":0,"396":0,"397":0,"398":0,"399":11,"400":0,"401":0,"402":0,"403":0,"404":11,"405":0,"406":0,"407":0,"408":0,"409":0,"410":0,"411":0,"412":0,"413":0,"414":0,"415":0,"416":0,"417":0,"418":0,"419":0,"420":0,"421":0,"422":0,"423":0,"424":0,"425":0,"426":0,"427":0,"428":0,"429":0,"430":0,"431":0,"432":0,"433":0,"434":0,"435":0,"436":0,"437":0,"438":0,"439":0,"440":0,"441":0,"442":0,"443":0,"444":0,"445":0,"446":0,"447":0,"448":0,"449":0,"450":0,"451":0,"452":0,"453":0,"454":0,"455":0,"456":0,"457":0,"458":0,"459":0,"460":0,"461":0,"462":0,"463":0,"464":0,"465":0,"466":0,"467":0,"468":0,"469":0,"470":0,"471":0,"472":0,"473":0,"474":0,"475":0,"476":0,"477":0,"478":0,"479":0,"480":0,"481":0,"482":0,"483":0,"484":0,"485":0,"486":0,"487":0,"488":0,"489":0,"490":0,"491":0,"492":0,"493":0,"494":0,"495":0,"496":0,"497":0,"498":0,"499":0,"500":0,"501":0,"502":0,"503":0,"504":0,"505":0,"506":0,"507":0,"508":0,"509":0,"510":0,"511":0,"512":0,"513":0,"514":0,"515":0,"516":0,"517":0,"518":0,"519":0,"520":0,"521":0,"522":0,"523":0,"524":0,"525":0,"526":0,"527":0,"528":0,"529":0,"530":0,"531":0,"532":0,"533":0,"534":0,"535":0,"536":0,"537":0,"538":0,"539":0,"540":0,"541":0,"542":0,"543":0,"544":0,"545":0,"546":0,"547":0,"548":0,"549":0,"550":0,"551":0,"552":0,"553":0,"554":0,"555":0,"556":0,"557":0,"558":0,"559":0,"560":0,"561":0,"562":0,"563":0,"564":0,"565":0,"566":0,"567":0,"568":0,"569":0,"570":0,"571":0,"572":0,"573":0,"574":0,"575":0,"576":0,"577":0,"578":0,"579":0,"580":0,"581":0,"582":0,"583":0,"584":0,"585":0,"586":0,"587":0,"588":0,"589":0,"590":0,"591":0,"592":0,"593":0,"594":0,"595":0,"596":0,"597":0,"598":0,"599":0,"600":0,"601":0,"602":0,"603":0,"604":0,"605":0,"606":0,"607":0,"608":0,"609":0,"610":0,"611":0,"612":0,"613":0,"614":0,"615":0,"616":0,"617":0,"618":0,"619":0,"620":0,"621":0,"622":0,"623":0,"624":0,"625":0,"626":0,"627":0,"628":0,"629":0,"630":0,"631":0,"632":0,"633":0,"634":0,"635":0,"636":0,"637":0,"638":0,"639":0,"640":0,"641":0,"642":0,"643":0,"644":0,"645":0,"646":0,"647":11,"648":2,"649":2,"650":2,"651":2,"652":2,"653":0,"654":2,"655":2,"656":2,"657":2,"658":2,"659":1,"660":1,"661":1,"662":11,"663":11,"664":11},"f":{"0":4,"1":47,"2":12,"3":0,"4":0,"5":0,"6":0,"7":0,"8":18,"9":20,"10":44,"11":0,"12":4,"13":5,"14":0,"15":0,"16":0,"17":1,"18":1,"19":2,"20":5,"21":3,"22":5,"23":4,"24":4,"25":3,"26":0,"27":0,"28":0,"29":0,"30":0,"31":0,"32":0,"33":0,"34":0,"35":0,"36":0,"37":0,"38":2,"39":11},"b":{"0":[11,11],"1":[0,12],"2":[12,12],"3":[9,3],"4":[0,3],"5":[3,3],"6":[2,1],"7":[9,1],"8":[8,1],"9":[1,9],"10":[0,0],"11":[0,0],"12":[0,0],"13":[0,0],"14":[0,0],"15":[18,0],"16":[18,12],"17":[3,15],"18":[18,18],"19":[3,15],"20":[18,18],"21":[3,15],"22":[18,18],"23":[3,15],"24":[18,18],"25":[4,14],"26":[4,14],"27":[1,17],"28":[18,18],"29":[1,17],"30":[18,18],"31":[1,17],"32":[18,18],"33":[0,18],"34":[12,10],"35":[10,0],"36":[18,26],"37":[0,22],"38":[0,18],"39":[0,0],"40":[1,3],"41":[1,4],"42":[1,3],"43":[1,2],"44":[0,0],"45":[0,0],"46":[1,1],"47":[1,4],"48":[0,4],"49":[4,0],"50":[2,1],"51":[2,3],"52":[1,2],"53":[1,1],"54":[1,0],"55":[5,4],"56":[1,3],"57":[0,1,0,0,0,0,0],"58":[1,2],"59":[1,0,0,0],"60":[1,1],"61":[1,0,0,0,0,0,0,0,0,0,0,0,0,0],"62":[1,0],"63":[1,0,0,0,0,0,0],"64":[4,0],"65":[2,2],"66":[4,0],"67":[4,0],"68":[0,4],"69":[0,4],"70":[2,0],"71":[0,0],"72":[0,0],"73":[0,0],"74":[0,0],"75":[0,0],"76":[0,0],"77":[0,0],"78":[0,0],"79":[0,0],"80":[0,0],"81":[0,0],"82":[0,0],"83":[0,0],"84":[0,0],"85":[0,0],"86":[0,0],"87":[0,0],"88":[0,0],"89":[0,0],"90":[0,0],"91":[0,0],"92":[0,0],"93":[0,0],"94":[0,0,0],"95":[0,0],"96":[0,0],"97":[0,0],"98":[0,0],"99":[0,0],"100":[0,0],"101":[0,0],"102":[0,0],"103":[0,0],"104":[0,0],"105":[0,0],"106":[0,0],"107":[0,0],"108":[0,0],"109":[0,0],"110":[0,0],"111":[0,0],"112":[0,0],"113":[0,0],"114":[0,0],"115":[0,0],"116":[0,0],"117":[0,0],"118":[0,0,0,0,0,0,0],"119":[0,0],"120":[0,0],"121":[0,0],"122":[0,0],"123":[0,0],"124":[0,0],"125":[0,0],"126":[0,0],"127":[0,0],"128":[0,0],"129":[0,0],"130":[0,0],"131":[0,0],"132":[0,0],"133":[0,0],"134":[0,0],"135":[0,0],"136":[0,0],"137":[0,0],"138":[0,0],"139":[0,0],"140":[0,0],"141":[0,0],"142":[0,0],"143":[0,0],"144":[0,0],"145":[0,0],"146":[0,0],"147":[0,0],"148":[0,0],"149":[0,0],"150":[0,0],"151":[0,0],"152":[0,0],"153":[0,0],"154":[0,0],"155":[0,0],"156":[0,0],"157":[0,0],"158":[0,0],"159":[0,0],"160":[0,0],"161":[0,0],"162":[0,0],"163":[0,0],"164":[0,0],"165":[0,0],"166":[0,0],"167":[0,0],"168":[0,0],"169":[0,0],"170":[0,0],"171":[0,0],"172":[0,0],"173":[0,2],"174":[2,2]},"_coverageSchema":"1a1c01bbd47fc00a2c39e90264f33305004495a9","hash":"47033bfddb8a075c51897e598df004e6ccd46a55"}
,"C:\\Users\\Angelo\\OneDrive\\Desktop\\LIS\\Bioscopic-LIS\\Server\\models\\data.js": {"path":"C:\\Users\\Angelo\\OneDrive\\Desktop\\LIS\\Bioscopic-LIS\\Server\\models\\data.js","statementMap":{"0":{"start":{"line":1,"column":17},"end":{"line":1,"column":36}},"1":{"start":{"line":3,"column":19},"end":{"line":16,"column":1}},"2":{"start":{"line":18,"column":18},"end":{"line":18,"column":53}},"3":{"start":{"line":20,"column":22},"end":{"line":35,"column":1}},"4":{"start":{"line":37,"column":21},"end":{"line":37,"column":62}},"5":{"start":{"line":39,"column":22},"end":{"line":53,"column":1}},"6":{"start":{"line":55,"column":21},"end":{"line":55,"column":62}},"7":{"start":{"line":57,"column":25},"end":{"line":86,"column":1}},"8":{"start":{"line":74,"column":20},"end":{"line":74,"column":86}},"9":{"start":{"line":88,"column":33},"end":{"line":120,"column":1}},"10":{"start":{"line":123,"column":24},"end":{"line":142,"column":1}},"11":{"start":{"line":144,"column":23},"end":{"line":156,"column":1}},"12":{"start":{"line":158,"column":26},"end":{"line":165,"column":1}},"13":{"start":{"line":167,"column":25},"end":{"line":167,"column":73}},"14":{"start":{"line":169,"column":23},"end":{"line":169,"column":76}},"15":{"start":{"line":170,"column":22},"end":{"line":170,"column":73}},"16":{"start":{"line":171,"column":24},"end":{"line":171,"column":79}},"17":{"start":{"line":172,"column":32},"end":{"line":172,"column":95}},"18":{"start":{"line":173,"column":23},"end":{"line":173,"column":76}},"19":{"start":{"line":174,"column":21},"end":{"line":174,"column":68}},"20":{"start":{"line":176,"column":14},"end":{"line":186,"column":1}},"21":{"start":{"line":188,"column":0},"end":{"line":188,"column":33}},"22":{"start":{"line":189,"column":0},"end":{"line":189,"column":35}}},"fnMap":{"0":{"name":"(anonymous_0)","decl":{"start":{"line":73,"column":27},"end":{"line":73,"column":28}},"loc":{"start":{"line":73,"column":39},"end":{"line":75,"column":17}},"line":73}},"branchMap":{"0":{"loc":{"start":{"line":74,"column":27},"end":{"line":74,"column":85}},"type":"cond-expr","locations":[{"start":{"line":74,"column":52},"end":{"line":74,"column":78}},{"start":{"line":74,"column":81},"end":{"line":74,"column":85}}],"line":74}},"s":{"0":11,"1":11,"2":11,"3":11,"4":11,"5":11,"6":11,"7":11,"8":0,"9":11,"10":11,"11":11,"12":11,"13":11,"14":11,"15":11,"16":11,"17":11,"18":11,"19":11,"20":11,"21":11,"22":11},"f":{"0":0},"b":{"0":[0,0]},"_coverageSchema":"1a1c01bbd47fc00a2c39e90264f33305004495a9","hash":"8c947b4a01e0b02ffa9fcfb3cdd7410ec457be9c"}
}
