{"D:\\GitHub\\Bioscopic-LIS\\Server\\db.js": {"path":"D:\\GitHub\\Bioscopic-LIS\\Server\\db.js","statementMap":{"0":{"start":{"line":1,"column":17},"end":{"line":1,"column":36}},"1":{"start":{"line":3,"column":18},"end":{"line":13,"column":1}},"2":{"start":{"line":4,"column":8},"end":{"line":12,"column":5}},"3":{"start":{"line":5,"column":12},"end":{"line":11,"column":13}},"4":{"start":{"line":6,"column":29},"end":{"line":6,"column":164}},"5":{"start":{"line":7,"column":16},"end":{"line":7,"column":49}},"6":{"start":{"line":9,"column":16},"end":{"line":9,"column":37}},"7":{"start":{"line":10,"column":16},"end":{"line":10,"column":32}},"8":{"start":{"line":15,"column":0},"end":{"line":15,"column":26}}},"fnMap":{"0":{"name":"(anonymous_0)","decl":{"start":{"line":3,"column":18},"end":{"line":3,"column":19}},"loc":{"start":{"line":3,"column":30},"end":{"line":13,"column":1}},"line":3}},"branchMap":{"0":{"loc":{"start":{"line":4,"column":8},"end":{"line":12,"column":5}},"type":"if","locations":[{"start":{"line":4,"column":8},"end":{"line":12,"column":5}},{"start":{},"end":{}}],"line":4}},"s":{"0":10,"1":10,"2":10,"3":0,"4":0,"5":0,"6":0,"7":0,"8":10},"f":{"0":10},"b":{"0":[0,10]},"_coverageSchema":"1a1c01bbd47fc00a2c39e90264f33305004495a9","hash":"74083977b7be44a82950f4a026ed21c9b42ef172"}
,"D:\\GitHub\\Bioscopic-LIS\\Server\\index.js": {"path":"D:\\GitHub\\Bioscopic-LIS\\Server\\index.js","statementMap":{"0":{"start":{"line":3,"column":16},"end":{"line":3,"column":34}},"1":{"start":{"line":4,"column":18},"end":{"line":4,"column":36}},"2":{"start":{"line":5,"column":20},"end":{"line":5,"column":44}},"3":{"start":{"line":6,"column":13},"end":{"line":6,"column":28}},"4":{"start":{"line":7,"column":15},"end":{"line":7,"column":32}},"5":{"start":{"line":8,"column":19},"end":{"line":8,"column":40}},"6":{"start":{"line":9,"column":15},"end":{"line":9,"column":32}},"7":{"start":{"line":11,"column":39},"end":{"line":11,"column":57}},"8":{"start":{"line":12,"column":11},"end":{"line":12,"column":33}},"9":{"start":{"line":14,"column":16},"end":{"line":14,"column":42}},"10":{"start":{"line":15,"column":19},"end":{"line":15,"column":62}},"11":{"start":{"line":30,"column":4},"end":{"line":30,"column":11}},"12":{"start":{"line":32,"column":12},"end":{"line":32,"column":21}},"13":{"start":{"line":33,"column":15},"end":{"line":33,"column":23}},"14":{"start":{"line":34,"column":13},"end":{"line":34,"column":37}},"15":{"start":{"line":36,"column":0},"end":{"line":36,"column":24}},"16":{"start":{"line":38,"column":0},"end":{"line":41,"column":4}},"17":{"start":{"line":43,"column":0},"end":{"line":43,"column":12}},"18":{"start":{"line":45,"column":0},"end":{"line":56,"column":2}},"19":{"start":{"line":58,"column":0},"end":{"line":134,"column":3}},"20":{"start":{"line":59,"column":2},"end":{"line":133,"column":3}},"21":{"start":{"line":61,"column":21},"end":{"line":61,"column":46}},"22":{"start":{"line":62,"column":21},"end":{"line":62,"column":46}},"23":{"start":{"line":63,"column":22},"end":{"line":63,"column":26}},"24":{"start":{"line":66,"column":12},"end":{"line":66,"column":13}},"25":{"start":{"line":67,"column":4},"end":{"line":127,"column":5}},"26":{"start":{"line":69,"column":30},"end":{"line":71,"column":7}},"27":{"start":{"line":70,"column":21},"end":{"line":70,"column":60}},"28":{"start":{"line":74,"column":28},"end":{"line":98,"column":14}},"29":{"start":{"line":75,"column":33},"end":{"line":75,"column":50}},"30":{"start":{"line":78,"column":8},"end":{"line":80,"column":9}},"31":{"start":{"line":79,"column":10},"end":{"line":79,"column":24}},"32":{"start":{"line":83,"column":8},"end":{"line":85,"column":9}},"33":{"start":{"line":84,"column":10},"end":{"line":84,"column":25}},"34":{"start":{"line":87,"column":32},"end":{"line":87,"column":48}},"35":{"start":{"line":90,"column":8},"end":{"line":92,"column":9}},"36":{"start":{"line":91,"column":10},"end":{"line":91,"column":25}},"37":{"start":{"line":95,"column":8},"end":{"line":97,"column":19}},"38":{"start":{"line":101,"column":6},"end":{"line":122,"column":7}},"39":{"start":{"line":102,"column":30},"end":{"line":108,"column":17}},"40":{"start":{"line":109,"column":8},"end":{"line":114,"column":11}},"41":{"start":{"line":116,"column":8},"end":{"line":121,"column":11}},"42":{"start":{"line":123,"column":6},"end":{"line":126,"column":7}},"43":{"start":{"line":124,"column":8},"end":{"line":124,"column":12}},"44":{"start":{"line":125,"column":8},"end":{"line":125,"column":28}},"45":{"start":{"line":129,"column":4},"end":{"line":129,"column":26}},"46":{"start":{"line":131,"column":4},"end":{"line":131,"column":23}},"47":{"start":{"line":132,"column":4},"end":{"line":132,"column":52}},"48":{"start":{"line":136,"column":0},"end":{"line":204,"column":3}},"49":{"start":{"line":137,"column":2},"end":{"line":203,"column":3}},"50":{"start":{"line":138,"column":26},"end":{"line":138,"column":35}},"51":{"start":{"line":139,"column":20},"end":{"line":139,"column":72}},"52":{"start":{"line":140,"column":22},"end":{"line":140,"column":26}},"53":{"start":{"line":141,"column":12},"end":{"line":141,"column":13}},"54":{"start":{"line":143,"column":4},"end":{"line":145,"column":5}},"55":{"start":{"line":144,"column":6},"end":{"line":144,"column":66}},"56":{"start":{"line":147,"column":21},"end":{"line":147,"column":70}},"57":{"start":{"line":153,"column":20},"end":{"line":153,"column":79}},"58":{"start":{"line":153,"column":33},"end":{"line":153,"column":79}},"59":{"start":{"line":156,"column":4},"end":{"line":156,"column":53}},"60":{"start":{"line":156,"column":28},"end":{"line":156,"column":51}},"61":{"start":{"line":158,"column":27},"end":{"line":168,"column":12}},"62":{"start":{"line":159,"column":6},"end":{"line":168,"column":12}},"63":{"start":{"line":170,"column":4},"end":{"line":189,"column":5}},"64":{"start":{"line":174,"column":6},"end":{"line":182,"column":9}},"65":{"start":{"line":185,"column":6},"end":{"line":188,"column":7}},"66":{"start":{"line":186,"column":8},"end":{"line":186,"column":12}},"67":{"start":{"line":187,"column":8},"end":{"line":187,"column":28}},"68":{"start":{"line":192,"column":4},"end":{"line":194,"column":5}},"69":{"start":{"line":193,"column":6},"end":{"line":193,"column":24}},"70":{"start":{"line":196,"column":4},"end":{"line":199,"column":7}},"71":{"start":{"line":201,"column":4},"end":{"line":201,"column":23}},"72":{"start":{"line":202,"column":4},"end":{"line":202,"column":52}},"73":{"start":{"line":206,"column":0},"end":{"line":227,"column":3}},"74":{"start":{"line":207,"column":2},"end":{"line":226,"column":3}},"75":{"start":{"line":208,"column":21},"end":{"line":221,"column":5}},"76":{"start":{"line":222,"column":4},"end":{"line":222,"column":23}},"77":{"start":{"line":224,"column":4},"end":{"line":224,"column":23}},"78":{"start":{"line":225,"column":4},"end":{"line":225,"column":52}},"79":{"start":{"line":229,"column":0},"end":{"line":388,"column":3}},"80":{"start":{"line":230,"column":2},"end":{"line":387,"column":3}},"81":{"start":{"line":232,"column":22},"end":{"line":232,"column":34}},"82":{"start":{"line":233,"column":19},"end":{"line":233,"column":21}},"83":{"start":{"line":234,"column":22},"end":{"line":234,"column":26}},"84":{"start":{"line":235,"column":12},"end":{"line":235,"column":13}},"85":{"start":{"line":236,"column":21},"end":{"line":236,"column":46}},"86":{"start":{"line":238,"column":4},"end":{"line":255,"column":5}},"87":{"start":{"line":239,"column":20},"end":{"line":239,"column":53}},"88":{"start":{"line":240,"column":23},"end":{"line":240,"column":63}},"89":{"start":{"line":241,"column":6},"end":{"line":245,"column":7}},"90":{"start":{"line":244,"column":8},"end":{"line":244,"column":38}},"91":{"start":{"line":246,"column":6},"end":{"line":254,"column":9}},"92":{"start":{"line":256,"column":29},"end":{"line":256,"column":31}},"93":{"start":{"line":257,"column":29},"end":{"line":257,"column":31}},"94":{"start":{"line":258,"column":4},"end":{"line":265,"column":5}},"95":{"start":{"line":262,"column":26},"end":{"line":262,"column":57}},"96":{"start":{"line":263,"column":6},"end":{"line":263,"column":45}},"97":{"start":{"line":266,"column":4},"end":{"line":273,"column":5}},"98":{"start":{"line":270,"column":26},"end":{"line":270,"column":57}},"99":{"start":{"line":271,"column":6},"end":{"line":271,"column":45}},"100":{"start":{"line":274,"column":4},"end":{"line":281,"column":5}},"101":{"start":{"line":278,"column":26},"end":{"line":278,"column":57}},"102":{"start":{"line":279,"column":6},"end":{"line":279,"column":45}},"103":{"start":{"line":282,"column":4},"end":{"line":290,"column":5}},"104":{"start":{"line":286,"column":26},"end":{"line":286,"column":57}},"105":{"start":{"line":287,"column":6},"end":{"line":287,"column":45}},"106":{"start":{"line":291,"column":4},"end":{"line":293,"column":5}},"107":{"start":{"line":292,"column":6},"end":{"line":292,"column":61}},"108":{"start":{"line":294,"column":4},"end":{"line":296,"column":5}},"109":{"start":{"line":295,"column":6},"end":{"line":295,"column":59}},"110":{"start":{"line":298,"column":4},"end":{"line":301,"column":5}},"111":{"start":{"line":300,"column":6},"end":{"line":300,"column":62}},"112":{"start":{"line":303,"column":4},"end":{"line":307,"column":5}},"113":{"start":{"line":305,"column":21},"end":{"line":305,"column":52}},"114":{"start":{"line":306,"column":6},"end":{"line":306,"column":46}},"115":{"start":{"line":309,"column":4},"end":{"line":312,"column":5}},"116":{"start":{"line":311,"column":6},"end":{"line":311,"column":58}},"117":{"start":{"line":315,"column":4},"end":{"line":317,"column":5}},"118":{"start":{"line":316,"column":6},"end":{"line":316,"column":23}},"119":{"start":{"line":319,"column":21},"end":{"line":321,"column":30}},"120":{"start":{"line":324,"column":23},"end":{"line":324,"column":25}},"121":{"start":{"line":325,"column":21},"end":{"line":325,"column":23}},"122":{"start":{"line":326,"column":4},"end":{"line":329,"column":7}},"123":{"start":{"line":327,"column":6},"end":{"line":327,"column":51}},"124":{"start":{"line":328,"column":6},"end":{"line":328,"column":50}},"125":{"start":{"line":332,"column":4},"end":{"line":376,"column":5}},"126":{"start":{"line":334,"column":6},"end":{"line":340,"column":7}},"127":{"start":{"line":335,"column":8},"end":{"line":335,"column":26}},"128":{"start":{"line":336,"column":13},"end":{"line":340,"column":7}},"129":{"start":{"line":337,"column":8},"end":{"line":337,"column":27}},"130":{"start":{"line":339,"column":8},"end":{"line":339,"column":28}},"131":{"start":{"line":343,"column":29},"end":{"line":353,"column":14}},"132":{"start":{"line":344,"column":8},"end":{"line":353,"column":14}},"133":{"start":{"line":356,"column":6},"end":{"line":369,"column":9}},"134":{"start":{"line":372,"column":6},"end":{"line":375,"column":7}},"135":{"start":{"line":373,"column":8},"end":{"line":373,"column":12}},"136":{"start":{"line":374,"column":8},"end":{"line":374,"column":28}},"137":{"start":{"line":379,"column":4},"end":{"line":381,"column":5}},"138":{"start":{"line":380,"column":6},"end":{"line":380,"column":24}},"139":{"start":{"line":383,"column":4},"end":{"line":383,"column":26}},"140":{"start":{"line":385,"column":4},"end":{"line":385,"column":23}},"141":{"start":{"line":386,"column":4},"end":{"line":386,"column":52}},"142":{"start":{"line":390,"column":0},"end":{"line":406,"column":3}},"143":{"start":{"line":391,"column":2},"end":{"line":405,"column":3}},"144":{"start":{"line":392,"column":26},"end":{"line":392,"column":36}},"145":{"start":{"line":394,"column":20},"end":{"line":394,"column":61}},"146":{"start":{"line":396,"column":4},"end":{"line":398,"column":5}},"147":{"start":{"line":397,"column":6},"end":{"line":397,"column":68}},"148":{"start":{"line":401,"column":4},"end":{"line":401,"column":22}},"149":{"start":{"line":403,"column":4},"end":{"line":403,"column":23}},"150":{"start":{"line":404,"column":4},"end":{"line":404,"column":52}},"151":{"start":{"line":409,"column":0},"end":{"line":442,"column":3}},"152":{"start":{"line":420,"column":6},"end":{"line":420,"column":14}},"153":{"start":{"line":422,"column":23},"end":{"line":422,"column":60}},"154":{"start":{"line":423,"column":2},"end":{"line":425,"column":3}},"155":{"start":{"line":424,"column":4},"end":{"line":424,"column":73}},"156":{"start":{"line":426,"column":25},"end":{"line":426,"column":56}},"157":{"start":{"line":427,"column":20},"end":{"line":427,"column":52}},"158":{"start":{"line":428,"column":20},"end":{"line":428,"column":33}},"159":{"start":{"line":429,"column":18},"end":{"line":439,"column":4}},"160":{"start":{"line":440,"column":2},"end":{"line":440,"column":23}},"161":{"start":{"line":441,"column":2},"end":{"line":441,"column":69}},"162":{"start":{"line":444,"column":0},"end":{"line":463,"column":3}},"163":{"start":{"line":445,"column":33},"end":{"line":445,"column":41}},"164":{"start":{"line":446,"column":15},"end":{"line":446,"column":52}},"165":{"start":{"line":448,"column":2},"end":{"line":450,"column":3}},"166":{"start":{"line":449,"column":4},"end":{"line":449,"column":71}},"167":{"start":{"line":451,"column":30},"end":{"line":451,"column":75}},"168":{"start":{"line":452,"column":2},"end":{"line":454,"column":3}},"169":{"start":{"line":453,"column":4},"end":{"line":453,"column":67}},"170":{"start":{"line":455,"column":2},"end":{"line":455,"column":33}},"171":{"start":{"line":456,"column":2},"end":{"line":456,"column":41}},"172":{"start":{"line":457,"column":2},"end":{"line":461,"column":3}},"173":{"start":{"line":458,"column":4},"end":{"line":458,"column":57}},"174":{"start":{"line":460,"column":4},"end":{"line":460,"column":39}},"175":{"start":{"line":462,"column":2},"end":{"line":462,"column":44}},"176":{"start":{"line":465,"column":0},"end":{"line":483,"column":3}},"177":{"start":{"line":466,"column":2},"end":{"line":482,"column":3}},"178":{"start":{"line":468,"column":4},"end":{"line":479,"column":9}},"179":{"start":{"line":470,"column":8},"end":{"line":474,"column":9}},"180":{"start":{"line":471,"column":10},"end":{"line":471,"column":57}},"181":{"start":{"line":473,"column":10},"end":{"line":473,"column":69}},"182":{"start":{"line":477,"column":8},"end":{"line":477,"column":50}},"183":{"start":{"line":478,"column":8},"end":{"line":478,"column":67}},"184":{"start":{"line":481,"column":4},"end":{"line":481,"column":60}},"185":{"start":{"line":486,"column":0},"end":{"line":490,"column":3}},"186":{"start":{"line":487,"column":2},"end":{"line":489,"column":5}},"187":{"start":{"line":488,"column":4},"end":{"line":488,"column":27}},"188":{"start":{"line":492,"column":0},"end":{"line":498,"column":3}},"189":{"start":{"line":493,"column":2},"end":{"line":497,"column":3}},"190":{"start":{"line":494,"column":4},"end":{"line":494,"column":59}},"191":{"start":{"line":496,"column":4},"end":{"line":496,"column":60}},"192":{"start":{"line":500,"column":0},"end":{"line":550,"column":3}},"193":{"start":{"line":513,"column":6},"end":{"line":513,"column":14}},"194":{"start":{"line":514,"column":2},"end":{"line":549,"column":3}},"195":{"start":{"line":515,"column":4},"end":{"line":544,"column":5}},"196":{"start":{"line":516,"column":6},"end":{"line":516,"column":27}},"197":{"start":{"line":517,"column":6},"end":{"line":519,"column":70}},"198":{"start":{"line":522,"column":28},"end":{"line":524,"column":32}},"199":{"start":{"line":525,"column":27},"end":{"line":525,"column":74}},"200":{"start":{"line":529,"column":22},"end":{"line":541,"column":8}},"201":{"start":{"line":542,"column":6},"end":{"line":542,"column":27}},"202":{"start":{"line":543,"column":6},"end":{"line":543,"column":79}},"203":{"start":{"line":546,"column":4},"end":{"line":548,"column":71}},"204":{"start":{"line":552,"column":0},"end":{"line":790,"column":3}},"205":{"start":{"line":553,"column":2},"end":{"line":789,"column":3}},"206":{"start":{"line":554,"column":26},"end":{"line":563,"column":5}},"207":{"start":{"line":555,"column":6},"end":{"line":562,"column":7}},"208":{"start":{"line":556,"column":27},"end":{"line":556,"column":56}},"209":{"start":{"line":557,"column":8},"end":{"line":557,"column":32}},"210":{"start":{"line":558,"column":8},"end":{"line":558,"column":52}},"211":{"start":{"line":560,"column":8},"end":{"line":560,"column":56}},"212":{"start":{"line":561,"column":8},"end":{"line":561,"column":20}},"213":{"start":{"line":564,"column":23},"end":{"line":586,"column":5}},"214":{"start":{"line":565,"column":6},"end":{"line":585,"column":7}},"215":{"start":{"line":566,"column":25},"end":{"line":572,"column":9}},"216":{"start":{"line":574,"column":22},"end":{"line":574,"column":40}},"217":{"start":{"line":575,"column":8},"end":{"line":581,"column":9}},"218":{"start":{"line":576,"column":26},"end":{"line":576,"column":45}},"219":{"start":{"line":577,"column":10},"end":{"line":577,"column":31}},"220":{"start":{"line":578,"column":10},"end":{"line":578,"column":48}},"221":{"start":{"line":580,"column":10},"end":{"line":580,"column":53}},"222":{"start":{"line":583,"column":8},"end":{"line":583,"column":56}},"223":{"start":{"line":584,"column":8},"end":{"line":584,"column":20}},"224":{"start":{"line":588,"column":27},"end":{"line":590,"column":6}},"225":{"start":{"line":591,"column":21},"end":{"line":591,"column":69}},"226":{"start":{"line":592,"column":19},"end":{"line":592,"column":31}},"227":{"start":{"line":594,"column":24},"end":{"line":594,"column":34}},"228":{"start":{"line":596,"column":42},"end":{"line":596,"column":50}},"229":{"start":{"line":598,"column":21},"end":{"line":604,"column":5}},"230":{"start":{"line":606,"column":4},"end":{"line":617,"column":5}},"231":{"start":{"line":608,"column":6},"end":{"line":616,"column":7}},"232":{"start":{"line":609,"column":8},"end":{"line":609,"column":42}},"233":{"start":{"line":610,"column":13},"end":{"line":616,"column":7}},"234":{"start":{"line":611,"column":8},"end":{"line":611,"column":51}},"235":{"start":{"line":612,"column":13},"end":{"line":616,"column":7}},"236":{"start":{"line":613,"column":8},"end":{"line":613,"column":41}},"237":{"start":{"line":614,"column":13},"end":{"line":616,"column":7}},"238":{"start":{"line":615,"column":8},"end":{"line":615,"column":40}},"239":{"start":{"line":619,"column":4},"end":{"line":781,"column":5}},"240":{"start":{"line":620,"column":6},"end":{"line":780,"column":7}},"241":{"start":{"line":622,"column":28},"end":{"line":622,"column":44}},"242":{"start":{"line":623,"column":8},"end":{"line":634,"column":11}},"243":{"start":{"line":637,"column":22},"end":{"line":639,"column":9}},"244":{"start":{"line":640,"column":8},"end":{"line":777,"column":9}},"245":{"start":{"line":641,"column":10},"end":{"line":776,"column":11}},"246":{"start":{"line":642,"column":12},"end":{"line":671,"column":13}},"247":{"start":{"line":644,"column":16},"end":{"line":644,"column":49}},"248":{"start":{"line":645,"column":16},"end":{"line":645,"column":43}},"249":{"start":{"line":647,"column":16},"end":{"line":647,"column":40}},"250":{"start":{"line":648,"column":16},"end":{"line":648,"column":40}},"251":{"start":{"line":649,"column":16},"end":{"line":649,"column":38}},"252":{"start":{"line":650,"column":16},"end":{"line":650,"column":38}},"253":{"start":{"line":651,"column":16},"end":{"line":651,"column":40}},"254":{"start":{"line":652,"column":16},"end":{"line":652,"column":40}},"255":{"start":{"line":653,"column":16},"end":{"line":653,"column":40}},"256":{"start":{"line":654,"column":16},"end":{"line":654,"column":38}},"257":{"start":{"line":655,"column":16},"end":{"line":655,"column":22}},"258":{"start":{"line":657,"column":16},"end":{"line":657,"column":33}},"259":{"start":{"line":658,"column":16},"end":{"line":658,"column":22}},"260":{"start":{"line":660,"column":16},"end":{"line":660,"column":41}},"261":{"start":{"line":661,"column":16},"end":{"line":661,"column":22}},"262":{"start":{"line":663,"column":16},"end":{"line":663,"column":42}},"263":{"start":{"line":664,"column":16},"end":{"line":664,"column":22}},"264":{"start":{"line":666,"column":16},"end":{"line":666,"column":42}},"265":{"start":{"line":667,"column":16},"end":{"line":667,"column":22}},"266":{"start":{"line":669,"column":16},"end":{"line":669,"column":56}},"267":{"start":{"line":670,"column":16},"end":{"line":670,"column":22}},"268":{"start":{"line":672,"column":17},"end":{"line":776,"column":11}},"269":{"start":{"line":673,"column":12},"end":{"line":673,"column":31}},"270":{"start":{"line":674,"column":12},"end":{"line":674,"column":34}},"271":{"start":{"line":675,"column":12},"end":{"line":675,"column":29}},"272":{"start":{"line":676,"column":12},"end":{"line":676,"column":29}},"273":{"start":{"line":677,"column":12},"end":{"line":704,"column":13}},"274":{"start":{"line":679,"column":16},"end":{"line":679,"column":42}},"275":{"start":{"line":680,"column":16},"end":{"line":680,"column":32}},"276":{"start":{"line":681,"column":16},"end":{"line":681,"column":45}},"277":{"start":{"line":682,"column":16},"end":{"line":682,"column":35}},"278":{"start":{"line":683,"column":16},"end":{"line":683,"column":37}},"279":{"start":{"line":684,"column":16},"end":{"line":684,"column":45}},"280":{"start":{"line":685,"column":16},"end":{"line":685,"column":41}},"281":{"start":{"line":686,"column":16},"end":{"line":686,"column":22}},"282":{"start":{"line":688,"column":16},"end":{"line":688,"column":41}},"283":{"start":{"line":689,"column":16},"end":{"line":689,"column":33}},"284":{"start":{"line":690,"column":16},"end":{"line":690,"column":41}},"285":{"start":{"line":691,"column":16},"end":{"line":691,"column":40}},"286":{"start":{"line":692,"column":16},"end":{"line":692,"column":41}},"287":{"start":{"line":693,"column":16},"end":{"line":693,"column":44}},"288":{"start":{"line":694,"column":16},"end":{"line":694,"column":39}},"289":{"start":{"line":695,"column":16},"end":{"line":695,"column":41}},"290":{"start":{"line":696,"column":16},"end":{"line":696,"column":39}},"291":{"start":{"line":697,"column":16},"end":{"line":697,"column":22}},"292":{"start":{"line":699,"column":16},"end":{"line":699,"column":34}},"293":{"start":{"line":700,"column":16},"end":{"line":700,"column":22}},"294":{"start":{"line":702,"column":16},"end":{"line":702,"column":56}},"295":{"start":{"line":703,"column":16},"end":{"line":703,"column":22}},"296":{"start":{"line":705,"column":17},"end":{"line":776,"column":11}},"297":{"start":{"line":706,"column":12},"end":{"line":749,"column":13}},"298":{"start":{"line":708,"column":16},"end":{"line":708,"column":33}},"299":{"start":{"line":709,"column":16},"end":{"line":709,"column":22}},"300":{"start":{"line":711,"column":16},"end":{"line":711,"column":33}},"301":{"start":{"line":712,"column":16},"end":{"line":712,"column":22}},"302":{"start":{"line":714,"column":16},"end":{"line":714,"column":40}},"303":{"start":{"line":715,"column":16},"end":{"line":715,"column":22}},"304":{"start":{"line":717,"column":16},"end":{"line":717,"column":38}},"305":{"start":{"line":718,"column":16},"end":{"line":718,"column":22}},"306":{"start":{"line":720,"column":16},"end":{"line":720,"column":41}},"307":{"start":{"line":721,"column":16},"end":{"line":721,"column":22}},"308":{"start":{"line":723,"column":16},"end":{"line":723,"column":43}},"309":{"start":{"line":724,"column":16},"end":{"line":724,"column":22}},"310":{"start":{"line":726,"column":16},"end":{"line":726,"column":33}},"311":{"start":{"line":727,"column":16},"end":{"line":727,"column":22}},"312":{"start":{"line":729,"column":16},"end":{"line":729,"column":33}},"313":{"start":{"line":730,"column":16},"end":{"line":730,"column":22}},"314":{"start":{"line":732,"column":16},"end":{"line":732,"column":34}},"315":{"start":{"line":733,"column":16},"end":{"line":733,"column":22}},"316":{"start":{"line":735,"column":16},"end":{"line":735,"column":33}},"317":{"start":{"line":736,"column":16},"end":{"line":736,"column":22}},"318":{"start":{"line":738,"column":16},"end":{"line":738,"column":34}},"319":{"start":{"line":739,"column":16},"end":{"line":739,"column":22}},"320":{"start":{"line":741,"column":16},"end":{"line":741,"column":34}},"321":{"start":{"line":742,"column":16},"end":{"line":742,"column":22}},"322":{"start":{"line":744,"column":16},"end":{"line":744,"column":35}},"323":{"start":{"line":745,"column":16},"end":{"line":745,"column":22}},"324":{"start":{"line":747,"column":16},"end":{"line":747,"column":56}},"325":{"start":{"line":748,"column":16},"end":{"line":748,"column":22}},"326":{"start":{"line":750,"column":17},"end":{"line":776,"column":11}},"327":{"start":{"line":751,"column":12},"end":{"line":773,"column":13}},"328":{"start":{"line":753,"column":16},"end":{"line":753,"column":35}},"329":{"start":{"line":754,"column":16},"end":{"line":754,"column":22}},"330":{"start":{"line":756,"column":16},"end":{"line":756,"column":39}},"331":{"start":{"line":757,"column":16},"end":{"line":757,"column":22}},"332":{"start":{"line":759,"column":16},"end":{"line":759,"column":48}},"333":{"start":{"line":760,"column":16},"end":{"line":760,"column":22}},"334":{"start":{"line":762,"column":16},"end":{"line":762,"column":48}},"335":{"start":{"line":763,"column":16},"end":{"line":763,"column":22}},"336":{"start":{"line":765,"column":16},"end":{"line":765,"column":39}},"337":{"start":{"line":766,"column":16},"end":{"line":766,"column":22}},"338":{"start":{"line":768,"column":16},"end":{"line":768,"column":39}},"339":{"start":{"line":769,"column":16},"end":{"line":769,"column":22}},"340":{"start":{"line":771,"column":16},"end":{"line":771,"column":56}},"341":{"start":{"line":772,"column":16},"end":{"line":772,"column":22}},"342":{"start":{"line":775,"column":12},"end":{"line":775,"column":67}},"343":{"start":{"line":778,"column":8},"end":{"line":778,"column":44}},"344":{"start":{"line":779,"column":8},"end":{"line":779,"column":19}},"345":{"start":{"line":782,"column":4},"end":{"line":785,"column":7}},"346":{"start":{"line":787,"column":4},"end":{"line":787,"column":54}},"347":{"start":{"line":788,"column":4},"end":{"line":788,"column":64}},"348":{"start":{"line":792,"column":0},"end":{"line":844,"column":3}},"349":{"start":{"line":793,"column":24},"end":{"line":793,"column":34}},"350":{"start":{"line":794,"column":52},"end":{"line":794,"column":60}},"351":{"start":{"line":796,"column":2},"end":{"line":796,"column":53}},"352":{"start":{"line":798,"column":2},"end":{"line":843,"column":3}},"353":{"start":{"line":802,"column":23},"end":{"line":802,"column":25}},"354":{"start":{"line":805,"column":4},"end":{"line":814,"column":5}},"355":{"start":{"line":806,"column":6},"end":{"line":806,"column":33}},"356":{"start":{"line":809,"column":6},"end":{"line":813,"column":7}},"357":{"start":{"line":810,"column":10},"end":{"line":810,"column":42}},"358":{"start":{"line":812,"column":10},"end":{"line":812,"column":36}},"359":{"start":{"line":817,"column":4},"end":{"line":819,"column":5}},"360":{"start":{"line":818,"column":8},"end":{"line":818,"column":41}},"361":{"start":{"line":820,"column":4},"end":{"line":822,"column":5}},"362":{"start":{"line":821,"column":8},"end":{"line":821,"column":37}},"363":{"start":{"line":823,"column":4},"end":{"line":825,"column":5}},"364":{"start":{"line":824,"column":6},"end":{"line":824,"column":39}},"365":{"start":{"line":827,"column":27},"end":{"line":831,"column":5}},"366":{"start":{"line":833,"column":4},"end":{"line":836,"column":5}},"367":{"start":{"line":834,"column":6},"end":{"line":834,"column":52}},"368":{"start":{"line":835,"column":6},"end":{"line":835,"column":68}},"369":{"start":{"line":838,"column":4},"end":{"line":838,"column":65}},"370":{"start":{"line":839,"column":4},"end":{"line":839,"column":29}},"371":{"start":{"line":841,"column":4},"end":{"line":841,"column":52}},"372":{"start":{"line":842,"column":4},"end":{"line":842,"column":76}},"373":{"start":{"line":846,"column":0},"end":{"line":879,"column":3}},"374":{"start":{"line":847,"column":15},"end":{"line":847,"column":23}},"375":{"start":{"line":848,"column":2},"end":{"line":848,"column":37}},"376":{"start":{"line":849,"column":2},"end":{"line":849,"column":67}},"377":{"start":{"line":850,"column":2},"end":{"line":878,"column":3}},"378":{"start":{"line":851,"column":19},"end":{"line":856,"column":5}},"379":{"start":{"line":858,"column":18},"end":{"line":858,"column":39}},"380":{"start":{"line":859,"column":27},"end":{"line":864,"column":5}},"381":{"start":{"line":865,"column":4},"end":{"line":865,"column":32}},"382":{"start":{"line":866,"column":4},"end":{"line":872,"column":5}},"383":{"start":{"line":867,"column":6},"end":{"line":867,"column":77}},"384":{"start":{"line":869,"column":6},"end":{"line":871,"column":71}},"385":{"start":{"line":874,"column":4},"end":{"line":874,"column":48}},"386":{"start":{"line":875,"column":4},"end":{"line":877,"column":72}},"387":{"start":{"line":881,"column":0},"end":{"line":889,"column":3}},"388":{"start":{"line":882,"column":2},"end":{"line":888,"column":3}},"389":{"start":{"line":883,"column":18},"end":{"line":883,"column":40}},"390":{"start":{"line":884,"column":4},"end":{"line":884,"column":20}},"391":{"start":{"line":886,"column":4},"end":{"line":886,"column":52}},"392":{"start":{"line":887,"column":4},"end":{"line":887,"column":76}},"393":{"start":{"line":891,"column":0},"end":{"line":898,"column":3}},"394":{"start":{"line":892,"column":2},"end":{"line":897,"column":3}},"395":{"start":{"line":893,"column":24},"end":{"line":893,"column":53}},"396":{"start":{"line":894,"column":4},"end":{"line":894,"column":26}},"397":{"start":{"line":896,"column":4},"end":{"line":896,"column":74}},"398":{"start":{"line":900,"column":0},"end":{"line":907,"column":3}},"399":{"start":{"line":901,"column":2},"end":{"line":906,"column":3}},"400":{"start":{"line":902,"column":21},"end":{"line":902,"column":46}},"401":{"start":{"line":903,"column":4},"end":{"line":903,"column":23}},"402":{"start":{"line":905,"column":4},"end":{"line":905,"column":74}},"403":{"start":{"line":909,"column":0},"end":{"line":1242,"column":3}},"404":{"start":{"line":911,"column":14},"end":{"line":911,"column":50}},"405":{"start":{"line":913,"column":18},"end":{"line":913,"column":79}},"406":{"start":{"line":914,"column":18},"end":{"line":914,"column":78}},"407":{"start":{"line":915,"column":20},"end":{"line":915,"column":77}},"408":{"start":{"line":917,"column":20},"end":{"line":917,"column":40}},"409":{"start":{"line":918,"column":17},"end":{"line":918,"column":31}},"410":{"start":{"line":919,"column":19},"end":{"line":919,"column":30}},"411":{"start":{"line":920,"column":19},"end":{"line":920,"column":30}},"412":{"start":{"line":922,"column":2},"end":{"line":998,"column":3}},"413":{"start":{"line":923,"column":21},"end":{"line":923,"column":40}},"414":{"start":{"line":924,"column":21},"end":{"line":924,"column":40}},"415":{"start":{"line":925,"column":19},"end":{"line":925,"column":36}},"416":{"start":{"line":926,"column":19},"end":{"line":926,"column":36}},"417":{"start":{"line":927,"column":21},"end":{"line":927,"column":40}},"418":{"start":{"line":928,"column":21},"end":{"line":928,"column":40}},"419":{"start":{"line":929,"column":19},"end":{"line":929,"column":36}},"420":{"start":{"line":930,"column":21},"end":{"line":930,"column":40}},"421":{"start":{"line":931,"column":19},"end":{"line":931,"column":36}},"422":{"start":{"line":932,"column":28},"end":{"line":932,"column":50}},"423":{"start":{"line":933,"column":24},"end":{"line":933,"column":46}},"424":{"start":{"line":934,"column":14},"end":{"line":934,"column":26}},"425":{"start":{"line":935,"column":22},"end":{"line":935,"column":42}},"426":{"start":{"line":936,"column":23},"end":{"line":936,"column":44}},"427":{"start":{"line":937,"column":23},"end":{"line":937,"column":44}},"428":{"start":{"line":939,"column":4},"end":{"line":997,"column":5}},"429":{"start":{"line":940,"column":21},"end":{"line":940,"column":94}},"430":{"start":{"line":941,"column":19},"end":{"line":941,"column":35}},"431":{"start":{"line":942,"column":21},"end":{"line":942,"column":37}},"432":{"start":{"line":944,"column":28},"end":{"line":944,"column":76}},"433":{"start":{"line":945,"column":24},"end":{"line":945,"column":76}},"434":{"start":{"line":947,"column":20},"end":{"line":947,"column":30}},"435":{"start":{"line":949,"column":18},"end":{"line":949,"column":38}},"436":{"start":{"line":950,"column":16},"end":{"line":950,"column":31}},"437":{"start":{"line":951,"column":17},"end":{"line":951,"column":36}},"438":{"start":{"line":953,"column":6},"end":{"line":953,"column":67}},"439":{"start":{"line":954,"column":6},"end":{"line":954,"column":68}},"440":{"start":{"line":955,"column":6},"end":{"line":955,"column":74}},"441":{"start":{"line":956,"column":6},"end":{"line":956,"column":71}},"442":{"start":{"line":958,"column":6},"end":{"line":958,"column":55}},"443":{"start":{"line":960,"column":6},"end":{"line":960,"column":97}},"444":{"start":{"line":961,"column":6},"end":{"line":961,"column":97}},"445":{"start":{"line":962,"column":6},"end":{"line":962,"column":92}},"446":{"start":{"line":963,"column":6},"end":{"line":963,"column":92}},"447":{"start":{"line":964,"column":6},"end":{"line":964,"column":97}},"448":{"start":{"line":965,"column":6},"end":{"line":965,"column":97}},"449":{"start":{"line":966,"column":6},"end":{"line":966,"column":97}},"450":{"start":{"line":967,"column":6},"end":{"line":967,"column":91}},"451":{"start":{"line":968,"column":6},"end":{"line":968,"column":91}},"452":{"start":{"line":969,"column":6},"end":{"line":969,"column":107}},"453":{"start":{"line":974,"column":6},"end":{"line":976,"column":9}},"454":{"start":{"line":975,"column":10},"end":{"line":975,"column":69}},"455":{"start":{"line":978,"column":6},"end":{"line":978,"column":68}},"456":{"start":{"line":979,"column":6},"end":{"line":979,"column":65}},"457":{"start":{"line":980,"column":6},"end":{"line":980,"column":70}},"458":{"start":{"line":983,"column":6},"end":{"line":983,"column":21}},"459":{"start":{"line":986,"column":23},"end":{"line":986,"column":42}},"460":{"start":{"line":989,"column":6},"end":{"line":989,"column":55}},"461":{"start":{"line":990,"column":6},"end":{"line":990,"column":79}},"462":{"start":{"line":991,"column":6},"end":{"line":991,"column":38}},"463":{"start":{"line":993,"column":6},"end":{"line":993,"column":48}},"464":{"start":{"line":995,"column":6},"end":{"line":995,"column":50}},"465":{"start":{"line":996,"column":6},"end":{"line":996,"column":51}},"466":{"start":{"line":1000,"column":2},"end":{"line":1102,"column":3}},"467":{"start":{"line":1002,"column":16},"end":{"line":1002,"column":30}},"468":{"start":{"line":1003,"column":19},"end":{"line":1003,"column":36}},"469":{"start":{"line":1004,"column":14},"end":{"line":1004,"column":26}},"470":{"start":{"line":1005,"column":14},"end":{"line":1005,"column":26}},"471":{"start":{"line":1008,"column":23},"end":{"line":1008,"column":44}},"472":{"start":{"line":1009,"column":13},"end":{"line":1009,"column":24}},"473":{"start":{"line":1010,"column":26},"end":{"line":1010,"column":50}},"474":{"start":{"line":1011,"column":16},"end":{"line":1011,"column":30}},"475":{"start":{"line":1012,"column":18},"end":{"line":1012,"column":34}},"476":{"start":{"line":1013,"column":26},"end":{"line":1013,"column":50}},"477":{"start":{"line":1014,"column":22},"end":{"line":1014,"column":42}},"478":{"start":{"line":1017,"column":22},"end":{"line":1017,"column":42}},"479":{"start":{"line":1018,"column":14},"end":{"line":1018,"column":26}},"480":{"start":{"line":1019,"column":22},"end":{"line":1019,"column":42}},"481":{"start":{"line":1020,"column":21},"end":{"line":1020,"column":40}},"482":{"start":{"line":1021,"column":22},"end":{"line":1021,"column":42}},"483":{"start":{"line":1022,"column":25},"end":{"line":1022,"column":48}},"484":{"start":{"line":1023,"column":20},"end":{"line":1023,"column":38}},"485":{"start":{"line":1024,"column":22},"end":{"line":1024,"column":42}},"486":{"start":{"line":1025,"column":20},"end":{"line":1025,"column":38}},"487":{"start":{"line":1027,"column":4},"end":{"line":1101,"column":5}},"488":{"start":{"line":1028,"column":21},"end":{"line":1028,"column":102}},"489":{"start":{"line":1029,"column":19},"end":{"line":1029,"column":35}},"490":{"start":{"line":1030,"column":21},"end":{"line":1030,"column":37}},"491":{"start":{"line":1032,"column":28},"end":{"line":1032,"column":76}},"492":{"start":{"line":1033,"column":24},"end":{"line":1033,"column":76}},"493":{"start":{"line":1035,"column":20},"end":{"line":1035,"column":30}},"494":{"start":{"line":1037,"column":18},"end":{"line":1037,"column":38}},"495":{"start":{"line":1038,"column":16},"end":{"line":1038,"column":31}},"496":{"start":{"line":1039,"column":17},"end":{"line":1039,"column":36}},"497":{"start":{"line":1041,"column":6},"end":{"line":1041,"column":67}},"498":{"start":{"line":1042,"column":6},"end":{"line":1042,"column":68}},"499":{"start":{"line":1043,"column":6},"end":{"line":1043,"column":73}},"500":{"start":{"line":1044,"column":6},"end":{"line":1044,"column":71}},"501":{"start":{"line":1046,"column":6},"end":{"line":1046,"column":55}},"502":{"start":{"line":1047,"column":6},"end":{"line":1075,"column":7}},"503":{"start":{"line":1048,"column":8},"end":{"line":1048,"column":91}},"504":{"start":{"line":1049,"column":8},"end":{"line":1049,"column":85}},"505":{"start":{"line":1050,"column":8},"end":{"line":1050,"column":85}},"506":{"start":{"line":1051,"column":8},"end":{"line":1051,"column":100}},"507":{"start":{"line":1052,"column":8},"end":{"line":1052,"column":105}},"508":{"start":{"line":1053,"column":8},"end":{"line":1053,"column":75}},"509":{"start":{"line":1054,"column":8},"end":{"line":1054,"column":115}},"510":{"start":{"line":1055,"column":8},"end":{"line":1055,"column":84}},"511":{"start":{"line":1056,"column":8},"end":{"line":1056,"column":90}},"512":{"start":{"line":1057,"column":8},"end":{"line":1057,"column":115}},"513":{"start":{"line":1058,"column":8},"end":{"line":1058,"column":103}},"514":{"start":{"line":1059,"column":13},"end":{"line":1075,"column":7}},"515":{"start":{"line":1062,"column":8},"end":{"line":1062,"column":90}},"516":{"start":{"line":1063,"column":8},"end":{"line":1063,"column":84}},"517":{"start":{"line":1064,"column":8},"end":{"line":1064,"column":84}},"518":{"start":{"line":1065,"column":8},"end":{"line":1065,"column":99}},"519":{"start":{"line":1066,"column":8},"end":{"line":1066,"column":102}},"520":{"start":{"line":1067,"column":8},"end":{"line":1067,"column":94}},"521":{"start":{"line":1068,"column":8},"end":{"line":1068,"column":100}},"522":{"start":{"line":1069,"column":8},"end":{"line":1069,"column":103}},"523":{"start":{"line":1070,"column":8},"end":{"line":1070,"column":112}},"524":{"start":{"line":1071,"column":8},"end":{"line":1071,"column":97}},"525":{"start":{"line":1072,"column":8},"end":{"line":1072,"column":84}},"526":{"start":{"line":1073,"column":8},"end":{"line":1073,"column":102}},"527":{"start":{"line":1074,"column":8},"end":{"line":1074,"column":98}},"528":{"start":{"line":1078,"column":6},"end":{"line":1080,"column":9}},"529":{"start":{"line":1079,"column":10},"end":{"line":1079,"column":69}},"530":{"start":{"line":1082,"column":6},"end":{"line":1082,"column":67}},"531":{"start":{"line":1083,"column":6},"end":{"line":1083,"column":65}},"532":{"start":{"line":1084,"column":6},"end":{"line":1084,"column":70}},"533":{"start":{"line":1087,"column":6},"end":{"line":1087,"column":21}},"534":{"start":{"line":1090,"column":23},"end":{"line":1090,"column":42}},"535":{"start":{"line":1093,"column":6},"end":{"line":1093,"column":55}},"536":{"start":{"line":1094,"column":6},"end":{"line":1094,"column":79}},"537":{"start":{"line":1095,"column":6},"end":{"line":1095,"column":38}},"538":{"start":{"line":1097,"column":6},"end":{"line":1097,"column":48}},"539":{"start":{"line":1099,"column":6},"end":{"line":1099,"column":50}},"540":{"start":{"line":1100,"column":6},"end":{"line":1100,"column":51}},"541":{"start":{"line":1104,"column":2},"end":{"line":1178,"column":3}},"542":{"start":{"line":1105,"column":14},"end":{"line":1105,"column":26}},"543":{"start":{"line":1106,"column":14},"end":{"line":1106,"column":26}},"544":{"start":{"line":1107,"column":21},"end":{"line":1107,"column":40}},"545":{"start":{"line":1108,"column":19},"end":{"line":1108,"column":36}},"546":{"start":{"line":1109,"column":22},"end":{"line":1109,"column":42}},"547":{"start":{"line":1110,"column":24},"end":{"line":1110,"column":46}},"548":{"start":{"line":1111,"column":14},"end":{"line":1111,"column":26}},"549":{"start":{"line":1112,"column":14},"end":{"line":1112,"column":26}},"550":{"start":{"line":1113,"column":15},"end":{"line":1113,"column":28}},"551":{"start":{"line":1114,"column":14},"end":{"line":1114,"column":26}},"552":{"start":{"line":1115,"column":15},"end":{"line":1115,"column":28}},"553":{"start":{"line":1116,"column":15},"end":{"line":1116,"column":28}},"554":{"start":{"line":1117,"column":16},"end":{"line":1117,"column":30}},"555":{"start":{"line":1119,"column":4},"end":{"line":1177,"column":5}},"556":{"start":{"line":1120,"column":21},"end":{"line":1120,"column":93}},"557":{"start":{"line":1121,"column":19},"end":{"line":1121,"column":35}},"558":{"start":{"line":1122,"column":21},"end":{"line":1122,"column":37}},"559":{"start":{"line":1124,"column":28},"end":{"line":1124,"column":76}},"560":{"start":{"line":1125,"column":24},"end":{"line":1125,"column":76}},"561":{"start":{"line":1127,"column":20},"end":{"line":1127,"column":30}},"562":{"start":{"line":1129,"column":18},"end":{"line":1129,"column":38}},"563":{"start":{"line":1130,"column":16},"end":{"line":1130,"column":31}},"564":{"start":{"line":1131,"column":17},"end":{"line":1131,"column":36}},"565":{"start":{"line":1133,"column":6},"end":{"line":1133,"column":67}},"566":{"start":{"line":1134,"column":6},"end":{"line":1134,"column":68}},"567":{"start":{"line":1135,"column":6},"end":{"line":1135,"column":73}},"568":{"start":{"line":1136,"column":6},"end":{"line":1136,"column":71}},"569":{"start":{"line":1138,"column":6},"end":{"line":1138,"column":55}},"570":{"start":{"line":1140,"column":6},"end":{"line":1140,"column":76}},"571":{"start":{"line":1141,"column":6},"end":{"line":1141,"column":76}},"572":{"start":{"line":1142,"column":6},"end":{"line":1142,"column":97}},"573":{"start":{"line":1143,"column":6},"end":{"line":1143,"column":92}},"574":{"start":{"line":1144,"column":6},"end":{"line":1144,"column":106}},"575":{"start":{"line":1145,"column":6},"end":{"line":1145,"column":106}},"576":{"start":{"line":1146,"column":6},"end":{"line":1146,"column":88}},"577":{"start":{"line":1147,"column":6},"end":{"line":1147,"column":88}},"578":{"start":{"line":1148,"column":6},"end":{"line":1148,"column":79}},"579":{"start":{"line":1149,"column":6},"end":{"line":1149,"column":76}},"580":{"start":{"line":1150,"column":6},"end":{"line":1150,"column":79}},"581":{"start":{"line":1151,"column":6},"end":{"line":1151,"column":79}},"582":{"start":{"line":1152,"column":6},"end":{"line":1152,"column":82}},"583":{"start":{"line":1154,"column":6},"end":{"line":1156,"column":9}},"584":{"start":{"line":1155,"column":10},"end":{"line":1155,"column":69}},"585":{"start":{"line":1158,"column":6},"end":{"line":1158,"column":67}},"586":{"start":{"line":1159,"column":6},"end":{"line":1159,"column":65}},"587":{"start":{"line":1160,"column":6},"end":{"line":1160,"column":70}},"588":{"start":{"line":1163,"column":6},"end":{"line":1163,"column":21}},"589":{"start":{"line":1166,"column":23},"end":{"line":1166,"column":42}},"590":{"start":{"line":1169,"column":6},"end":{"line":1169,"column":55}},"591":{"start":{"line":1170,"column":6},"end":{"line":1170,"column":79}},"592":{"start":{"line":1171,"column":6},"end":{"line":1171,"column":38}},"593":{"start":{"line":1173,"column":6},"end":{"line":1173,"column":48}},"594":{"start":{"line":1175,"column":6},"end":{"line":1175,"column":50}},"595":{"start":{"line":1176,"column":6},"end":{"line":1176,"column":51}},"596":{"start":{"line":1180,"column":2},"end":{"line":1240,"column":3}},"597":{"start":{"line":1181,"column":16},"end":{"line":1181,"column":30}},"598":{"start":{"line":1182,"column":18},"end":{"line":1182,"column":36}},"599":{"start":{"line":1183,"column":29},"end":{"line":1183,"column":56}},"600":{"start":{"line":1184,"column":29},"end":{"line":1184,"column":56}},"601":{"start":{"line":1185,"column":20},"end":{"line":1185,"column":38}},"602":{"start":{"line":1186,"column":20},"end":{"line":1186,"column":38}},"603":{"start":{"line":1188,"column":4},"end":{"line":1239,"column":5}},"604":{"start":{"line":1189,"column":21},"end":{"line":1189,"column":92}},"605":{"start":{"line":1190,"column":19},"end":{"line":1190,"column":35}},"606":{"start":{"line":1191,"column":21},"end":{"line":1191,"column":37}},"607":{"start":{"line":1193,"column":28},"end":{"line":1193,"column":76}},"608":{"start":{"line":1194,"column":24},"end":{"line":1194,"column":76}},"609":{"start":{"line":1196,"column":20},"end":{"line":1196,"column":30}},"610":{"start":{"line":1198,"column":18},"end":{"line":1198,"column":38}},"611":{"start":{"line":1199,"column":16},"end":{"line":1199,"column":31}},"612":{"start":{"line":1200,"column":17},"end":{"line":1200,"column":36}},"613":{"start":{"line":1202,"column":6},"end":{"line":1202,"column":67}},"614":{"start":{"line":1203,"column":6},"end":{"line":1203,"column":68}},"615":{"start":{"line":1204,"column":6},"end":{"line":1204,"column":73}},"616":{"start":{"line":1205,"column":6},"end":{"line":1205,"column":71}},"617":{"start":{"line":1207,"column":6},"end":{"line":1207,"column":55}},"618":{"start":{"line":1209,"column":6},"end":{"line":1209,"column":48}},"619":{"start":{"line":1210,"column":6},"end":{"line":1210,"column":48}},"620":{"start":{"line":1211,"column":6},"end":{"line":1211,"column":61}},"621":{"start":{"line":1212,"column":6},"end":{"line":1212,"column":61}},"622":{"start":{"line":1213,"column":6},"end":{"line":1213,"column":50}},"623":{"start":{"line":1214,"column":6},"end":{"line":1214,"column":50}},"624":{"start":{"line":1216,"column":6},"end":{"line":1218,"column":9}},"625":{"start":{"line":1217,"column":10},"end":{"line":1217,"column":69}},"626":{"start":{"line":1220,"column":6},"end":{"line":1220,"column":67}},"627":{"start":{"line":1221,"column":6},"end":{"line":1221,"column":65}},"628":{"start":{"line":1222,"column":6},"end":{"line":1222,"column":70}},"629":{"start":{"line":1225,"column":6},"end":{"line":1225,"column":21}},"630":{"start":{"line":1228,"column":23},"end":{"line":1228,"column":42}},"631":{"start":{"line":1231,"column":6},"end":{"line":1231,"column":55}},"632":{"start":{"line":1232,"column":6},"end":{"line":1232,"column":79}},"633":{"start":{"line":1233,"column":6},"end":{"line":1233,"column":38}},"634":{"start":{"line":1235,"column":6},"end":{"line":1235,"column":48}},"635":{"start":{"line":1237,"column":6},"end":{"line":1237,"column":50}},"636":{"start":{"line":1238,"column":6},"end":{"line":1238,"column":51}},"637":{"start":{"line":1245,"column":0},"end":{"line":1288,"column":3}},"638":{"start":{"line":1246,"column":2},"end":{"line":1287,"column":3}},"639":{"start":{"line":1248,"column":22},"end":{"line":1248,"column":30}},"640":{"start":{"line":1249,"column":21},"end":{"line":1249,"column":50}},"641":{"start":{"line":1250,"column":22},"end":{"line":1250,"column":37}},"642":{"start":{"line":1253,"column":4},"end":{"line":1255,"column":5}},"643":{"start":{"line":1254,"column":6},"end":{"line":1254,"column":68}},"644":{"start":{"line":1257,"column":24},"end":{"line":1263,"column":6}},"645":{"start":{"line":1266,"column":20},"end":{"line":1266,"column":52}},"646":{"start":{"line":1267,"column":24},"end":{"line":1267,"column":61}},"647":{"start":{"line":1269,"column":24},"end":{"line":1280,"column":5}},"648":{"start":{"line":1282,"column":4},"end":{"line":1282,"column":44}},"649":{"start":{"line":1283,"column":4},"end":{"line":1283,"column":53}},"650":{"start":{"line":1285,"column":4},"end":{"line":1285,"column":49}},"651":{"start":{"line":1286,"column":4},"end":{"line":1286,"column":50}},"652":{"start":{"line":1290,"column":15},"end":{"line":1292,"column":2}},"653":{"start":{"line":1291,"column":2},"end":{"line":1291,"column":43}},"654":{"start":{"line":1294,"column":0},"end":{"line":1294,"column":33}}},"fnMap":{"0":{"name":"(anonymous_0)","decl":{"start":{"line":58,"column":21},"end":{"line":58,"column":22}},"loc":{"start":{"line":58,"column":41},"end":{"line":134,"column":1}},"line":58},"1":{"name":"(anonymous_1)","decl":{"start":{"line":70,"column":8},"end":{"line":70,"column":9}},"loc":{"start":{"line":70,"column":21},"end":{"line":70,"column":60}},"line":70},"2":{"name":"(anonymous_2)","decl":{"start":{"line":74,"column":51},"end":{"line":74,"column":52}},"loc":{"start":{"line":74,"column":72},"end":{"line":98,"column":7}},"line":74},"3":{"name":"(anonymous_3)","decl":{"start":{"line":136,"column":27},"end":{"line":136,"column":28}},"loc":{"start":{"line":136,"column":47},"end":{"line":204,"column":1}},"line":136},"4":{"name":"(anonymous_4)","decl":{"start":{"line":153,"column":20},"end":{"line":153,"column":21}},"loc":{"start":{"line":153,"column":33},"end":{"line":153,"column":79}},"line":153},"5":{"name":"(anonymous_5)","decl":{"start":{"line":156,"column":18},"end":{"line":156,"column":19}},"loc":{"start":{"line":156,"column":28},"end":{"line":156,"column":51}},"line":156},"6":{"name":"(anonymous_6)","decl":{"start":{"line":158,"column":27},"end":{"line":158,"column":28}},"loc":{"start":{"line":159,"column":6},"end":{"line":168,"column":12}},"line":159},"7":{"name":"(anonymous_7)","decl":{"start":{"line":206,"column":20},"end":{"line":206,"column":21}},"loc":{"start":{"line":206,"column":40},"end":{"line":227,"column":1}},"line":206},"8":{"name":"(anonymous_8)","decl":{"start":{"line":229,"column":21},"end":{"line":229,"column":22}},"loc":{"start":{"line":229,"column":41},"end":{"line":388,"column":1}},"line":229},"9":{"name":"(anonymous_9)","decl":{"start":{"line":326,"column":21},"end":{"line":326,"column":22}},"loc":{"start":{"line":326,"column":34},"end":{"line":329,"column":5}},"line":326},"10":{"name":"(anonymous_10)","decl":{"start":{"line":343,"column":29},"end":{"line":343,"column":30}},"loc":{"start":{"line":344,"column":8},"end":{"line":353,"column":14}},"line":344},"11":{"name":"(anonymous_11)","decl":{"start":{"line":390,"column":32},"end":{"line":390,"column":33}},"loc":{"start":{"line":390,"column":52},"end":{"line":406,"column":1}},"line":390},"12":{"name":"(anonymous_12)","decl":{"start":{"line":409,"column":22},"end":{"line":409,"column":23}},"loc":{"start":{"line":409,"column":42},"end":{"line":442,"column":1}},"line":409},"13":{"name":"(anonymous_13)","decl":{"start":{"line":444,"column":19},"end":{"line":444,"column":20}},"loc":{"start":{"line":444,"column":39},"end":{"line":463,"column":1}},"line":444},"14":{"name":"(anonymous_14)","decl":{"start":{"line":465,"column":21},"end":{"line":465,"column":22}},"loc":{"start":{"line":465,"column":35},"end":{"line":483,"column":1}},"line":465},"15":{"name":"(anonymous_15)","decl":{"start":{"line":469,"column":12},"end":{"line":469,"column":13}},"loc":{"start":{"line":469,"column":20},"end":{"line":475,"column":7}},"line":469},"16":{"name":"(anonymous_16)","decl":{"start":{"line":476,"column":13},"end":{"line":476,"column":14}},"loc":{"start":{"line":476,"column":20},"end":{"line":479,"column":7}},"line":476},"17":{"name":"(anonymous_17)","decl":{"start":{"line":486,"column":19},"end":{"line":486,"column":20}},"loc":{"start":{"line":486,"column":39},"end":{"line":490,"column":1}},"line":486},"18":{"name":"(anonymous_18)","decl":{"start":{"line":487,"column":22},"end":{"line":487,"column":23}},"loc":{"start":{"line":487,"column":37},"end":{"line":489,"column":3}},"line":487},"19":{"name":"(anonymous_19)","decl":{"start":{"line":492,"column":17},"end":{"line":492,"column":18}},"loc":{"start":{"line":492,"column":31},"end":{"line":498,"column":1}},"line":492},"20":{"name":"(anonymous_20)","decl":{"start":{"line":500,"column":24},"end":{"line":500,"column":25}},"loc":{"start":{"line":500,"column":44},"end":{"line":550,"column":1}},"line":500},"21":{"name":"(anonymous_21)","decl":{"start":{"line":552,"column":26},"end":{"line":552,"column":27}},"loc":{"start":{"line":552,"column":46},"end":{"line":790,"column":1}},"line":552},"22":{"name":"(anonymous_22)","decl":{"start":{"line":554,"column":26},"end":{"line":554,"column":27}},"loc":{"start":{"line":554,"column":49},"end":{"line":563,"column":5}},"line":554},"23":{"name":"(anonymous_23)","decl":{"start":{"line":564,"column":23},"end":{"line":564,"column":24}},"loc":{"start":{"line":564,"column":53},"end":{"line":586,"column":5}},"line":564},"24":{"name":"(anonymous_24)","decl":{"start":{"line":792,"column":36},"end":{"line":792,"column":37}},"loc":{"start":{"line":792,"column":56},"end":{"line":844,"column":1}},"line":792},"25":{"name":"(anonymous_25)","decl":{"start":{"line":846,"column":24},"end":{"line":846,"column":25}},"loc":{"start":{"line":846,"column":44},"end":{"line":879,"column":1}},"line":846},"26":{"name":"(anonymous_26)","decl":{"start":{"line":881,"column":18},"end":{"line":881,"column":19}},"loc":{"start":{"line":881,"column":38},"end":{"line":889,"column":1}},"line":881},"27":{"name":"(anonymous_27)","decl":{"start":{"line":891,"column":24},"end":{"line":891,"column":25}},"loc":{"start":{"line":891,"column":44},"end":{"line":898,"column":1}},"line":891},"28":{"name":"(anonymous_28)","decl":{"start":{"line":900,"column":18},"end":{"line":900,"column":19}},"loc":{"start":{"line":900,"column":38},"end":{"line":907,"column":1}},"line":900},"29":{"name":"(anonymous_29)","decl":{"start":{"line":909,"column":26},"end":{"line":909,"column":27}},"loc":{"start":{"line":909,"column":46},"end":{"line":1242,"column":1}},"line":909},"30":{"name":"(anonymous_30)","decl":{"start":{"line":974,"column":21},"end":{"line":974,"column":22}},"loc":{"start":{"line":974,"column":30},"end":{"line":976,"column":7}},"line":974},"31":{"name":"(anonymous_31)","decl":{"start":{"line":1078,"column":21},"end":{"line":1078,"column":22}},"loc":{"start":{"line":1078,"column":30},"end":{"line":1080,"column":7}},"line":1078},"32":{"name":"(anonymous_32)","decl":{"start":{"line":1154,"column":21},"end":{"line":1154,"column":22}},"loc":{"start":{"line":1154,"column":30},"end":{"line":1156,"column":7}},"line":1154},"33":{"name":"(anonymous_33)","decl":{"start":{"line":1216,"column":21},"end":{"line":1216,"column":22}},"loc":{"start":{"line":1216,"column":30},"end":{"line":1218,"column":7}},"line":1216},"34":{"name":"(anonymous_34)","decl":{"start":{"line":1245,"column":50},"end":{"line":1245,"column":51}},"loc":{"start":{"line":1245,"column":70},"end":{"line":1288,"column":1}},"line":1245},"35":{"name":"(anonymous_35)","decl":{"start":{"line":1290,"column":32},"end":{"line":1290,"column":33}},"loc":{"start":{"line":1290,"column":38},"end":{"line":1292,"column":1}},"line":1290}},"branchMap":{"0":{"loc":{"start":{"line":34,"column":13},"end":{"line":34,"column":37}},"type":"binary-expr","locations":[{"start":{"line":34,"column":13},"end":{"line":34,"column":29}},{"start":{"line":34,"column":33},"end":{"line":34,"column":37}}],"line":34},"1":{"loc":{"start":{"line":78,"column":8},"end":{"line":80,"column":9}},"type":"if","locations":[{"start":{"line":78,"column":8},"end":{"line":80,"column":9}},{"start":{},"end":{}}],"line":78},"2":{"loc":{"start":{"line":78,"column":12},"end":{"line":78,"column":75}},"type":"binary-expr","locations":[{"start":{"line":78,"column":12},"end":{"line":78,"column":38}},{"start":{"line":78,"column":42},"end":{"line":78,"column":75}}],"line":78},"3":{"loc":{"start":{"line":83,"column":8},"end":{"line":85,"column":9}},"type":"if","locations":[{"start":{"line":83,"column":8},"end":{"line":85,"column":9}},{"start":{},"end":{}}],"line":83},"4":{"loc":{"start":{"line":90,"column":8},"end":{"line":92,"column":9}},"type":"if","locations":[{"start":{"line":90,"column":8},"end":{"line":92,"column":9}},{"start":{},"end":{}}],"line":90},"5":{"loc":{"start":{"line":90,"column":12},"end":{"line":90,"column":73}},"type":"binary-expr","locations":[{"start":{"line":90,"column":12},"end":{"line":90,"column":37}},{"start":{"line":90,"column":41},"end":{"line":90,"column":73}}],"line":90},"6":{"loc":{"start":{"line":95,"column":15},"end":{"line":97,"column":18}},"type":"cond-expr","locations":[{"start":{"line":96,"column":12},"end":{"line":96,"column":19}},{"start":{"line":97,"column":12},"end":{"line":97,"column":18}}],"line":95},"7":{"loc":{"start":{"line":101,"column":6},"end":{"line":122,"column":7}},"type":"if","locations":[{"start":{"line":101,"column":6},"end":{"line":122,"column":7}},{"start":{"line":115,"column":13},"end":{"line":122,"column":7}}],"line":101},"8":{"loc":{"start":{"line":102,"column":30},"end":{"line":108,"column":17}},"type":"cond-expr","locations":[{"start":{"line":103,"column":12},"end":{"line":107,"column":12}},{"start":{"line":108,"column":12},"end":{"line":108,"column":17}}],"line":102},"9":{"loc":{"start":{"line":123,"column":6},"end":{"line":126,"column":7}},"type":"if","locations":[{"start":{"line":123,"column":6},"end":{"line":126,"column":7}},{"start":{},"end":{}}],"line":123},"10":{"loc":{"start":{"line":143,"column":4},"end":{"line":145,"column":5}},"type":"if","locations":[{"start":{"line":143,"column":4},"end":{"line":145,"column":5}},{"start":{},"end":{}}],"line":143},"11":{"loc":{"start":{"line":153,"column":42},"end":{"line":153,"column":78}},"type":"binary-expr","locations":[{"start":{"line":153,"column":42},"end":{"line":153,"column":57}},{"start":{"line":153,"column":61},"end":{"line":153,"column":78}}],"line":153},"12":{"loc":{"start":{"line":159,"column":6},"end":{"line":168,"column":12}},"type":"cond-expr","locations":[{"start":{"line":160,"column":10},"end":{"line":167,"column":10}},{"start":{"line":168,"column":10},"end":{"line":168,"column":12}}],"line":159},"13":{"loc":{"start":{"line":185,"column":6},"end":{"line":188,"column":7}},"type":"if","locations":[{"start":{"line":185,"column":6},"end":{"line":188,"column":7}},{"start":{},"end":{}}],"line":185},"14":{"loc":{"start":{"line":192,"column":4},"end":{"line":194,"column":5}},"type":"if","locations":[{"start":{"line":192,"column":4},"end":{"line":194,"column":5}},{"start":{},"end":{}}],"line":192},"15":{"loc":{"start":{"line":238,"column":4},"end":{"line":255,"column":5}},"type":"if","locations":[{"start":{"line":238,"column":4},"end":{"line":255,"column":5}},{"start":{},"end":{}}],"line":238},"16":{"loc":{"start":{"line":238,"column":8},"end":{"line":238,"column":65}},"type":"binary-expr","locations":[{"start":{"line":238,"column":8},"end":{"line":238,"column":38}},{"start":{"line":238,"column":42},"end":{"line":238,"column":65}}],"line":238},"17":{"loc":{"start":{"line":258,"column":4},"end":{"line":265,"column":5}},"type":"if","locations":[{"start":{"line":258,"column":4},"end":{"line":265,"column":5}},{"start":{},"end":{}}],"line":258},"18":{"loc":{"start":{"line":259,"column":6},"end":{"line":260,"column":41}},"type":"binary-expr","locations":[{"start":{"line":259,"column":6},"end":{"line":259,"column":44}},{"start":{"line":260,"column":6},"end":{"line":260,"column":41}}],"line":259},"19":{"loc":{"start":{"line":266,"column":4},"end":{"line":273,"column":5}},"type":"if","locations":[{"start":{"line":266,"column":4},"end":{"line":273,"column":5}},{"start":{},"end":{}}],"line":266},"20":{"loc":{"start":{"line":267,"column":6},"end":{"line":268,"column":41}},"type":"binary-expr","locations":[{"start":{"line":267,"column":6},"end":{"line":267,"column":44}},{"start":{"line":268,"column":6},"end":{"line":268,"column":41}}],"line":267},"21":{"loc":{"start":{"line":274,"column":4},"end":{"line":281,"column":5}},"type":"if","locations":[{"start":{"line":274,"column":4},"end":{"line":281,"column":5}},{"start":{},"end":{}}],"line":274},"22":{"loc":{"start":{"line":275,"column":6},"end":{"line":276,"column":41}},"type":"binary-expr","locations":[{"start":{"line":275,"column":6},"end":{"line":275,"column":44}},{"start":{"line":276,"column":6},"end":{"line":276,"column":41}}],"line":275},"23":{"loc":{"start":{"line":282,"column":4},"end":{"line":290,"column":5}},"type":"if","locations":[{"start":{"line":282,"column":4},"end":{"line":290,"column":5}},{"start":{},"end":{}}],"line":282},"24":{"loc":{"start":{"line":283,"column":6},"end":{"line":284,"column":41}},"type":"binary-expr","locations":[{"start":{"line":283,"column":6},"end":{"line":283,"column":44}},{"start":{"line":284,"column":6},"end":{"line":284,"column":41}}],"line":283},"25":{"loc":{"start":{"line":291,"column":4},"end":{"line":293,"column":5}},"type":"if","locations":[{"start":{"line":291,"column":4},"end":{"line":293,"column":5}},{"start":{},"end":{}}],"line":291},"26":{"loc":{"start":{"line":294,"column":4},"end":{"line":296,"column":5}},"type":"if","locations":[{"start":{"line":294,"column":4},"end":{"line":296,"column":5}},{"start":{},"end":{}}],"line":294},"27":{"loc":{"start":{"line":298,"column":4},"end":{"line":301,"column":5}},"type":"if","locations":[{"start":{"line":298,"column":4},"end":{"line":301,"column":5}},{"start":{},"end":{}}],"line":298},"28":{"loc":{"start":{"line":298,"column":8},"end":{"line":298,"column":71}},"type":"binary-expr","locations":[{"start":{"line":298,"column":8},"end":{"line":298,"column":35}},{"start":{"line":298,"column":39},"end":{"line":298,"column":71}}],"line":298},"29":{"loc":{"start":{"line":303,"column":4},"end":{"line":307,"column":5}},"type":"if","locations":[{"start":{"line":303,"column":4},"end":{"line":307,"column":5}},{"start":{},"end":{}}],"line":303},"30":{"loc":{"start":{"line":303,"column":8},"end":{"line":303,"column":64}},"type":"binary-expr","locations":[{"start":{"line":303,"column":8},"end":{"line":303,"column":32}},{"start":{"line":303,"column":36},"end":{"line":303,"column":64}}],"line":303},"31":{"loc":{"start":{"line":309,"column":4},"end":{"line":312,"column":5}},"type":"if","locations":[{"start":{"line":309,"column":4},"end":{"line":312,"column":5}},{"start":{},"end":{}}],"line":309},"32":{"loc":{"start":{"line":309,"column":8},"end":{"line":309,"column":66}},"type":"binary-expr","locations":[{"start":{"line":309,"column":8},"end":{"line":309,"column":32}},{"start":{"line":309,"column":36},"end":{"line":309,"column":66}}],"line":309},"33":{"loc":{"start":{"line":315,"column":4},"end":{"line":317,"column":5}},"type":"if","locations":[{"start":{"line":315,"column":4},"end":{"line":317,"column":5}},{"start":{},"end":{}}],"line":315},"34":{"loc":{"start":{"line":334,"column":6},"end":{"line":340,"column":7}},"type":"if","locations":[{"start":{"line":334,"column":6},"end":{"line":340,"column":7}},{"start":{"line":336,"column":13},"end":{"line":340,"column":7}}],"line":334},"35":{"loc":{"start":{"line":336,"column":13},"end":{"line":340,"column":7}},"type":"if","locations":[{"start":{"line":336,"column":13},"end":{"line":340,"column":7}},{"start":{"line":338,"column":13},"end":{"line":340,"column":7}}],"line":336},"36":{"loc":{"start":{"line":344,"column":8},"end":{"line":353,"column":14}},"type":"cond-expr","locations":[{"start":{"line":345,"column":12},"end":{"line":352,"column":12}},{"start":{"line":353,"column":12},"end":{"line":353,"column":14}}],"line":344},"37":{"loc":{"start":{"line":372,"column":6},"end":{"line":375,"column":7}},"type":"if","locations":[{"start":{"line":372,"column":6},"end":{"line":375,"column":7}},{"start":{},"end":{}}],"line":372},"38":{"loc":{"start":{"line":379,"column":4},"end":{"line":381,"column":5}},"type":"if","locations":[{"start":{"line":379,"column":4},"end":{"line":381,"column":5}},{"start":{},"end":{}}],"line":379},"39":{"loc":{"start":{"line":396,"column":4},"end":{"line":398,"column":5}},"type":"if","locations":[{"start":{"line":396,"column":4},"end":{"line":398,"column":5}},{"start":{},"end":{}}],"line":396},"40":{"loc":{"start":{"line":423,"column":2},"end":{"line":425,"column":3}},"type":"if","locations":[{"start":{"line":423,"column":2},"end":{"line":425,"column":3}},{"start":{},"end":{}}],"line":423},"41":{"loc":{"start":{"line":448,"column":2},"end":{"line":450,"column":3}},"type":"if","locations":[{"start":{"line":448,"column":2},"end":{"line":450,"column":3}},{"start":{},"end":{}}],"line":448},"42":{"loc":{"start":{"line":452,"column":2},"end":{"line":454,"column":3}},"type":"if","locations":[{"start":{"line":452,"column":2},"end":{"line":454,"column":3}},{"start":{},"end":{}}],"line":452},"43":{"loc":{"start":{"line":457,"column":2},"end":{"line":461,"column":3}},"type":"if","locations":[{"start":{"line":457,"column":2},"end":{"line":461,"column":3}},{"start":{"line":459,"column":9},"end":{"line":461,"column":3}}],"line":457},"44":{"loc":{"start":{"line":466,"column":2},"end":{"line":482,"column":3}},"type":"if","locations":[{"start":{"line":466,"column":2},"end":{"line":482,"column":3}},{"start":{"line":480,"column":9},"end":{"line":482,"column":3}}],"line":466},"45":{"loc":{"start":{"line":470,"column":8},"end":{"line":474,"column":9}},"type":"if","locations":[{"start":{"line":470,"column":8},"end":{"line":474,"column":9}},{"start":{"line":472,"column":15},"end":{"line":474,"column":9}}],"line":470},"46":{"loc":{"start":{"line":493,"column":2},"end":{"line":497,"column":3}},"type":"if","locations":[{"start":{"line":493,"column":2},"end":{"line":497,"column":3}},{"start":{"line":495,"column":9},"end":{"line":497,"column":3}}],"line":493},"47":{"loc":{"start":{"line":515,"column":4},"end":{"line":544,"column":5}},"type":"if","locations":[{"start":{"line":515,"column":4},"end":{"line":544,"column":5}},{"start":{"line":520,"column":11},"end":{"line":544,"column":5}}],"line":515},"48":{"loc":{"start":{"line":525,"column":27},"end":{"line":525,"column":74}},"type":"cond-expr","locations":[{"start":{"line":525,"column":43},"end":{"line":525,"column":70}},{"start":{"line":525,"column":73},"end":{"line":525,"column":74}}],"line":525},"49":{"loc":{"start":{"line":575,"column":8},"end":{"line":581,"column":9}},"type":"if","locations":[{"start":{"line":575,"column":8},"end":{"line":581,"column":9}},{"start":{"line":579,"column":15},"end":{"line":581,"column":9}}],"line":575},"50":{"loc":{"start":{"line":591,"column":21},"end":{"line":591,"column":69}},"type":"cond-expr","locations":[{"start":{"line":591,"column":38},"end":{"line":591,"column":62}},{"start":{"line":591,"column":65},"end":{"line":591,"column":69}}],"line":591},"51":{"loc":{"start":{"line":608,"column":6},"end":{"line":616,"column":7}},"type":"if","locations":[{"start":{"line":608,"column":6},"end":{"line":616,"column":7}},{"start":{"line":610,"column":13},"end":{"line":616,"column":7}}],"line":608},"52":{"loc":{"start":{"line":610,"column":13},"end":{"line":616,"column":7}},"type":"if","locations":[{"start":{"line":610,"column":13},"end":{"line":616,"column":7}},{"start":{"line":612,"column":13},"end":{"line":616,"column":7}}],"line":610},"53":{"loc":{"start":{"line":612,"column":13},"end":{"line":616,"column":7}},"type":"if","locations":[{"start":{"line":612,"column":13},"end":{"line":616,"column":7}},{"start":{"line":614,"column":13},"end":{"line":616,"column":7}}],"line":612},"54":{"loc":{"start":{"line":614,"column":13},"end":{"line":616,"column":7}},"type":"if","locations":[{"start":{"line":614,"column":13},"end":{"line":616,"column":7}},{"start":{},"end":{}}],"line":614},"55":{"loc":{"start":{"line":620,"column":6},"end":{"line":780,"column":7}},"type":"if","locations":[{"start":{"line":620,"column":6},"end":{"line":780,"column":7}},{"start":{},"end":{}}],"line":620},"56":{"loc":{"start":{"line":641,"column":10},"end":{"line":776,"column":11}},"type":"if","locations":[{"start":{"line":641,"column":10},"end":{"line":776,"column":11}},{"start":{"line":672,"column":17},"end":{"line":776,"column":11}}],"line":641},"57":{"loc":{"start":{"line":642,"column":12},"end":{"line":671,"column":13}},"type":"switch","locations":[{"start":{"line":643,"column":14},"end":{"line":645,"column":43}},{"start":{"line":646,"column":14},"end":{"line":655,"column":22}},{"start":{"line":656,"column":14},"end":{"line":658,"column":22}},{"start":{"line":659,"column":14},"end":{"line":661,"column":22}},{"start":{"line":662,"column":14},"end":{"line":664,"column":22}},{"start":{"line":665,"column":14},"end":{"line":667,"column":22}},{"start":{"line":668,"column":14},"end":{"line":670,"column":22}}],"line":642},"58":{"loc":{"start":{"line":672,"column":17},"end":{"line":776,"column":11}},"type":"if","locations":[{"start":{"line":672,"column":17},"end":{"line":776,"column":11}},{"start":{"line":705,"column":17},"end":{"line":776,"column":11}}],"line":672},"59":{"loc":{"start":{"line":677,"column":12},"end":{"line":704,"column":13}},"type":"switch","locations":[{"start":{"line":678,"column":14},"end":{"line":686,"column":22}},{"start":{"line":687,"column":14},"end":{"line":697,"column":22}},{"start":{"line":698,"column":14},"end":{"line":700,"column":22}},{"start":{"line":701,"column":14},"end":{"line":703,"column":22}}],"line":677},"60":{"loc":{"start":{"line":705,"column":17},"end":{"line":776,"column":11}},"type":"if","locations":[{"start":{"line":705,"column":17},"end":{"line":776,"column":11}},{"start":{"line":750,"column":17},"end":{"line":776,"column":11}}],"line":705},"61":{"loc":{"start":{"line":706,"column":12},"end":{"line":749,"column":13}},"type":"switch","locations":[{"start":{"line":707,"column":14},"end":{"line":709,"column":22}},{"start":{"line":710,"column":14},"end":{"line":712,"column":22}},{"start":{"line":713,"column":14},"end":{"line":715,"column":22}},{"start":{"line":716,"column":14},"end":{"line":718,"column":22}},{"start":{"line":719,"column":14},"end":{"line":721,"column":22}},{"start":{"line":722,"column":14},"end":{"line":724,"column":22}},{"start":{"line":725,"column":14},"end":{"line":727,"column":22}},{"start":{"line":728,"column":14},"end":{"line":730,"column":22}},{"start":{"line":731,"column":14},"end":{"line":733,"column":22}},{"start":{"line":734,"column":14},"end":{"line":736,"column":22}},{"start":{"line":737,"column":14},"end":{"line":739,"column":22}},{"start":{"line":740,"column":14},"end":{"line":742,"column":22}},{"start":{"line":743,"column":14},"end":{"line":745,"column":22}},{"start":{"line":746,"column":14},"end":{"line":748,"column":22}}],"line":706},"62":{"loc":{"start":{"line":750,"column":17},"end":{"line":776,"column":11}},"type":"if","locations":[{"start":{"line":750,"column":17},"end":{"line":776,"column":11}},{"start":{"line":774,"column":17},"end":{"line":776,"column":11}}],"line":750},"63":{"loc":{"start":{"line":751,"column":12},"end":{"line":773,"column":13}},"type":"switch","locations":[{"start":{"line":752,"column":14},"end":{"line":754,"column":22}},{"start":{"line":755,"column":14},"end":{"line":757,"column":22}},{"start":{"line":758,"column":14},"end":{"line":760,"column":22}},{"start":{"line":761,"column":14},"end":{"line":763,"column":22}},{"start":{"line":764,"column":14},"end":{"line":766,"column":22}},{"start":{"line":767,"column":14},"end":{"line":769,"column":22}},{"start":{"line":770,"column":14},"end":{"line":772,"column":22}}],"line":751},"64":{"loc":{"start":{"line":805,"column":4},"end":{"line":814,"column":5}},"type":"if","locations":[{"start":{"line":805,"column":4},"end":{"line":814,"column":5}},{"start":{},"end":{}}],"line":805},"65":{"loc":{"start":{"line":809,"column":6},"end":{"line":813,"column":7}},"type":"if","locations":[{"start":{"line":809,"column":6},"end":{"line":813,"column":7}},{"start":{"line":811,"column":13},"end":{"line":813,"column":7}}],"line":809},"66":{"loc":{"start":{"line":817,"column":4},"end":{"line":819,"column":5}},"type":"if","locations":[{"start":{"line":817,"column":4},"end":{"line":819,"column":5}},{"start":{},"end":{}}],"line":817},"67":{"loc":{"start":{"line":820,"column":4},"end":{"line":822,"column":5}},"type":"if","locations":[{"start":{"line":820,"column":4},"end":{"line":822,"column":5}},{"start":{},"end":{}}],"line":820},"68":{"loc":{"start":{"line":823,"column":4},"end":{"line":825,"column":5}},"type":"if","locations":[{"start":{"line":823,"column":4},"end":{"line":825,"column":5}},{"start":{},"end":{}}],"line":823},"69":{"loc":{"start":{"line":833,"column":4},"end":{"line":836,"column":5}},"type":"if","locations":[{"start":{"line":833,"column":4},"end":{"line":836,"column":5}},{"start":{},"end":{}}],"line":833},"70":{"loc":{"start":{"line":866,"column":4},"end":{"line":872,"column":5}},"type":"if","locations":[{"start":{"line":866,"column":4},"end":{"line":872,"column":5}},{"start":{"line":868,"column":11},"end":{"line":872,"column":5}}],"line":866},"71":{"loc":{"start":{"line":922,"column":2},"end":{"line":998,"column":3}},"type":"if","locations":[{"start":{"line":922,"column":2},"end":{"line":998,"column":3}},{"start":{},"end":{}}],"line":922},"72":{"loc":{"start":{"line":960,"column":53},"end":{"line":960,"column":94}},"type":"cond-expr","locations":[{"start":{"line":960,"column":73},"end":{"line":960,"column":75}},{"start":{"line":960,"column":78},"end":{"line":960,"column":94}}],"line":960},"73":{"loc":{"start":{"line":960,"column":78},"end":{"line":960,"column":94}},"type":"binary-expr","locations":[{"start":{"line":960,"column":78},"end":{"line":960,"column":88}},{"start":{"line":960,"column":92},"end":{"line":960,"column":94}}],"line":960},"74":{"loc":{"start":{"line":961,"column":53},"end":{"line":961,"column":94}},"type":"cond-expr","locations":[{"start":{"line":961,"column":73},"end":{"line":961,"column":75}},{"start":{"line":961,"column":78},"end":{"line":961,"column":94}}],"line":961},"75":{"loc":{"start":{"line":961,"column":78},"end":{"line":961,"column":94}},"type":"binary-expr","locations":[{"start":{"line":961,"column":78},"end":{"line":961,"column":88}},{"start":{"line":961,"column":92},"end":{"line":961,"column":94}}],"line":961},"76":{"loc":{"start":{"line":962,"column":52},"end":{"line":962,"column":89}},"type":"cond-expr","locations":[{"start":{"line":962,"column":70},"end":{"line":962,"column":72}},{"start":{"line":962,"column":75},"end":{"line":962,"column":89}}],"line":962},"77":{"loc":{"start":{"line":962,"column":75},"end":{"line":962,"column":89}},"type":"binary-expr","locations":[{"start":{"line":962,"column":75},"end":{"line":962,"column":83}},{"start":{"line":962,"column":87},"end":{"line":962,"column":89}}],"line":962},"78":{"loc":{"start":{"line":963,"column":52},"end":{"line":963,"column":89}},"type":"cond-expr","locations":[{"start":{"line":963,"column":70},"end":{"line":963,"column":72}},{"start":{"line":963,"column":75},"end":{"line":963,"column":89}}],"line":963},"79":{"loc":{"start":{"line":963,"column":75},"end":{"line":963,"column":89}},"type":"binary-expr","locations":[{"start":{"line":963,"column":75},"end":{"line":963,"column":83}},{"start":{"line":963,"column":87},"end":{"line":963,"column":89}}],"line":963},"80":{"loc":{"start":{"line":964,"column":53},"end":{"line":964,"column":94}},"type":"cond-expr","locations":[{"start":{"line":964,"column":73},"end":{"line":964,"column":75}},{"start":{"line":964,"column":78},"end":{"line":964,"column":94}}],"line":964},"81":{"loc":{"start":{"line":964,"column":78},"end":{"line":964,"column":94}},"type":"binary-expr","locations":[{"start":{"line":964,"column":78},"end":{"line":964,"column":88}},{"start":{"line":964,"column":92},"end":{"line":964,"column":94}}],"line":964},"82":{"loc":{"start":{"line":965,"column":53},"end":{"line":965,"column":94}},"type":"cond-expr","locations":[{"start":{"line":965,"column":73},"end":{"line":965,"column":75}},{"start":{"line":965,"column":78},"end":{"line":965,"column":94}}],"line":965},"83":{"loc":{"start":{"line":965,"column":78},"end":{"line":965,"column":94}},"type":"binary-expr","locations":[{"start":{"line":965,"column":78},"end":{"line":965,"column":88}},{"start":{"line":965,"column":92},"end":{"line":965,"column":94}}],"line":965},"84":{"loc":{"start":{"line":966,"column":53},"end":{"line":966,"column":94}},"type":"cond-expr","locations":[{"start":{"line":966,"column":73},"end":{"line":966,"column":75}},{"start":{"line":966,"column":78},"end":{"line":966,"column":94}}],"line":966},"85":{"loc":{"start":{"line":966,"column":78},"end":{"line":966,"column":94}},"type":"binary-expr","locations":[{"start":{"line":966,"column":78},"end":{"line":966,"column":88}},{"start":{"line":966,"column":92},"end":{"line":966,"column":94}}],"line":966},"86":{"loc":{"start":{"line":967,"column":51},"end":{"line":967,"column":88}},"type":"cond-expr","locations":[{"start":{"line":967,"column":69},"end":{"line":967,"column":71}},{"start":{"line":967,"column":74},"end":{"line":967,"column":88}}],"line":967},"87":{"loc":{"start":{"line":967,"column":74},"end":{"line":967,"column":88}},"type":"binary-expr","locations":[{"start":{"line":967,"column":74},"end":{"line":967,"column":82}},{"start":{"line":967,"column":86},"end":{"line":967,"column":88}}],"line":967},"88":{"loc":{"start":{"line":968,"column":51},"end":{"line":968,"column":88}},"type":"cond-expr","locations":[{"start":{"line":968,"column":69},"end":{"line":968,"column":71}},{"start":{"line":968,"column":74},"end":{"line":968,"column":88}}],"line":968},"89":{"loc":{"start":{"line":968,"column":74},"end":{"line":968,"column":88}},"type":"binary-expr","locations":[{"start":{"line":968,"column":74},"end":{"line":968,"column":82}},{"start":{"line":968,"column":86},"end":{"line":968,"column":88}}],"line":968},"90":{"loc":{"start":{"line":969,"column":57},"end":{"line":969,"column":104}},"type":"cond-expr","locations":[{"start":{"line":969,"column":80},"end":{"line":969,"column":82}},{"start":{"line":969,"column":85},"end":{"line":969,"column":104}}],"line":969},"91":{"loc":{"start":{"line":969,"column":85},"end":{"line":969,"column":104}},"type":"binary-expr","locations":[{"start":{"line":969,"column":85},"end":{"line":969,"column":98}},{"start":{"line":969,"column":102},"end":{"line":969,"column":104}}],"line":969},"92":{"loc":{"start":{"line":1000,"column":2},"end":{"line":1102,"column":3}},"type":"if","locations":[{"start":{"line":1000,"column":2},"end":{"line":1102,"column":3}},{"start":{},"end":{}}],"line":1000},"93":{"loc":{"start":{"line":1047,"column":6},"end":{"line":1075,"column":7}},"type":"if","locations":[{"start":{"line":1047,"column":6},"end":{"line":1075,"column":7}},{"start":{"line":1059,"column":13},"end":{"line":1075,"column":7}}],"line":1047},"94":{"loc":{"start":{"line":1047,"column":10},"end":{"line":1047,"column":47}},"type":"binary-expr","locations":[{"start":{"line":1047,"column":10},"end":{"line":1047,"column":22}},{"start":{"line":1047,"column":26},"end":{"line":1047,"column":28}},{"start":{"line":1047,"column":32},"end":{"line":1047,"column":47}}],"line":1047},"95":{"loc":{"start":{"line":1048,"column":57},"end":{"line":1048,"column":88}},"type":"cond-expr","locations":[{"start":{"line":1048,"column":72},"end":{"line":1048,"column":74}},{"start":{"line":1048,"column":77},"end":{"line":1048,"column":88}}],"line":1048},"96":{"loc":{"start":{"line":1048,"column":77},"end":{"line":1048,"column":88}},"type":"binary-expr","locations":[{"start":{"line":1048,"column":77},"end":{"line":1048,"column":82}},{"start":{"line":1048,"column":86},"end":{"line":1048,"column":88}}],"line":1048},"97":{"loc":{"start":{"line":1049,"column":55},"end":{"line":1049,"column":82}},"type":"cond-expr","locations":[{"start":{"line":1049,"column":68},"end":{"line":1049,"column":70}},{"start":{"line":1049,"column":73},"end":{"line":1049,"column":82}}],"line":1049},"98":{"loc":{"start":{"line":1049,"column":73},"end":{"line":1049,"column":82}},"type":"binary-expr","locations":[{"start":{"line":1049,"column":73},"end":{"line":1049,"column":76}},{"start":{"line":1049,"column":80},"end":{"line":1049,"column":82}}],"line":1049},"99":{"loc":{"start":{"line":1050,"column":55},"end":{"line":1050,"column":82
[...]
ine":1071,"column":94}},"type":"cond-expr","locations":[{"start":{"line":1071,"column":74},"end":{"line":1071,"column":76}},{"start":{"line":1071,"column":79},"end":{"line":1071,"column":94}}],"line":1071},"138":{"loc":{"start":{"line":1071,"column":79},"end":{"line":1071,"column":94}},"type":"binary-expr","locations":[{"start":{"line":1071,"column":79},"end":{"line":1071,"column":88}},{"start":{"line":1071,"column":92},"end":{"line":1071,"column":94}}],"line":1071},"139":{"loc":{"start":{"line":1072,"column":54},"end":{"line":1072,"column":81}},"type":"cond-expr","locations":[{"start":{"line":1072,"column":67},"end":{"line":1072,"column":69}},{"start":{"line":1072,"column":72},"end":{"line":1072,"column":81}}],"line":1072},"140":{"loc":{"start":{"line":1072,"column":72},"end":{"line":1072,"column":81}},"type":"binary-expr","locations":[{"start":{"line":1072,"column":72},"end":{"line":1072,"column":75}},{"start":{"line":1072,"column":79},"end":{"line":1072,"column":81}}],"line":1072},"141":{"loc":{"start":{"line":1073,"column":56},"end":{"line":1073,"column":99}},"type":"cond-expr","locations":[{"start":{"line":1073,"column":77},"end":{"line":1073,"column":79}},{"start":{"line":1073,"column":82},"end":{"line":1073,"column":99}}],"line":1073},"142":{"loc":{"start":{"line":1073,"column":82},"end":{"line":1073,"column":99}},"type":"binary-expr","locations":[{"start":{"line":1073,"column":82},"end":{"line":1073,"column":93}},{"start":{"line":1073,"column":97},"end":{"line":1073,"column":99}}],"line":1073},"143":{"loc":{"start":{"line":1074,"column":56},"end":{"line":1074,"column":95}},"type":"cond-expr","locations":[{"start":{"line":1074,"column":75},"end":{"line":1074,"column":77}},{"start":{"line":1074,"column":80},"end":{"line":1074,"column":95}}],"line":1074},"144":{"loc":{"start":{"line":1074,"column":80},"end":{"line":1074,"column":95}},"type":"binary-expr","locations":[{"start":{"line":1074,"column":80},"end":{"line":1074,"column":89}},{"start":{"line":1074,"column":93},"end":{"line":1074,"column":95}}],"line":1074},"145":{"loc":{"start":{"line":1104,"column":2},"end":{"line":1178,"column":3}},"type":"if","locations":[{"start":{"line":1104,"column":2},"end":{"line":1178,"column":3}},{"start":{},"end":{}}],"line":1104},"146":{"loc":{"start":{"line":1140,"column":46},"end":{"line":1140,"column":73}},"type":"cond-expr","locations":[{"start":{"line":1140,"column":59},"end":{"line":1140,"column":61}},{"start":{"line":1140,"column":64},"end":{"line":1140,"column":73}}],"line":1140},"147":{"loc":{"start":{"line":1140,"column":64},"end":{"line":1140,"column":73}},"type":"binary-expr","locations":[{"start":{"line":1140,"column":64},"end":{"line":1140,"column":67}},{"start":{"line":1140,"column":71},"end":{"line":1140,"column":73}}],"line":1140},"148":{"loc":{"start":{"line":1141,"column":46},"end":{"line":1141,"column":73}},"type":"cond-expr","locations":[{"start":{"line":1141,"column":59},"end":{"line":1141,"column":61}},{"start":{"line":1141,"column":64},"end":{"line":1141,"column":73}}],"line":1141},"149":{"loc":{"start":{"line":1141,"column":64},"end":{"line":1141,"column":73}},"type":"binary-expr","locations":[{"start":{"line":1141,"column":64},"end":{"line":1141,"column":67}},{"start":{"line":1141,"column":71},"end":{"line":1141,"column":73}}],"line":1141},"150":{"loc":{"start":{"line":1142,"column":53},"end":{"line":1142,"column":94}},"type":"cond-expr","locations":[{"start":{"line":1142,"column":73},"end":{"line":1142,"column":75}},{"start":{"line":1142,"column":78},"end":{"line":1142,"column":94}}],"line":1142},"151":{"loc":{"start":{"line":1142,"column":78},"end":{"line":1142,"column":94}},"type":"binary-expr","locations":[{"start":{"line":1142,"column":78},"end":{"line":1142,"column":88}},{"start":{"line":1142,"column":92},"end":{"line":1142,"column":94}}],"line":1142},"152":{"loc":{"start":{"line":1143,"column":52},"end":{"line":1143,"column":89}},"type":"cond-expr","locations":[{"start":{"line":1143,"column":70},"end":{"line":1143,"column":72}},{"start":{"line":1143,"column":75},"end":{"line":1143,"column":89}}],"line":1143},"153":{"loc":{"start":{"line":1143,"column":75},"end":{"line":1143,"column":89}},"type":"binary-expr","locations":[{"start":{"line":1143,"column":75},"end":{"line":1143,"column":83}},{"start":{"line":1143,"column":87},"end":{"line":1143,"column":89}}],"line":1143},"154":{"loc":{"start":{"line":1144,"column":60},"end":{"line":1144,"column":103}},"type":"cond-expr","locations":[{"start":{"line":1144,"column":81},"end":{"line":1144,"column":83}},{"start":{"line":1144,"column":86},"end":{"line":1144,"column":103}}],"line":1144},"155":{"loc":{"start":{"line":1144,"column":86},"end":{"line":1144,"column":103}},"type":"binary-expr","locations":[{"start":{"line":1144,"column":86},"end":{"line":1144,"column":97}},{"start":{"line":1144,"column":101},"end":{"line":1144,"column":103}}],"line":1144},"156":{"loc":{"start":{"line":1145,"column":56},"end":{"line":1145,"column":103}},"type":"cond-expr","locations":[{"start":{"line":1145,"column":79},"end":{"line":1145,"column":81}},{"start":{"line":1145,"column":84},"end":{"line":1145,"column":103}}],"line":1145},"157":{"loc":{"start":{"line":1145,"column":84},"end":{"line":1145,"column":103}},"type":"binary-expr","locations":[{"start":{"line":1145,"column":84},"end":{"line":1145,"column":97}},{"start":{"line":1145,"column":101},"end":{"line":1145,"column":103}}],"line":1145},"158":{"loc":{"start":{"line":1146,"column":58},"end":{"line":1146,"column":85}},"type":"cond-expr","locations":[{"start":{"line":1146,"column":71},"end":{"line":1146,"column":73}},{"start":{"line":1146,"column":76},"end":{"line":1146,"column":85}}],"line":1146},"159":{"loc":{"start":{"line":1146,"column":76},"end":{"line":1146,"column":85}},"type":"binary-expr","locations":[{"start":{"line":1146,"column":76},"end":{"line":1146,"column":79}},{"start":{"line":1146,"column":83},"end":{"line":1146,"column":85}}],"line":1146},"160":{"loc":{"start":{"line":1147,"column":58},"end":{"line":1147,"column":85}},"type":"cond-expr","locations":[{"start":{"line":1147,"column":71},"end":{"line":1147,"column":73}},{"start":{"line":1147,"column":76},"end":{"line":1147,"column":85}}],"line":1147},"161":{"loc":{"start":{"line":1147,"column":76},"end":{"line":1147,"column":85}},"type":"binary-expr","locations":[{"start":{"line":1147,"column":76},"end":{"line":1147,"column":79}},{"start":{"line":1147,"column":83},"end":{"line":1147,"column":85}}],"line":1147},"162":{"loc":{"start":{"line":1148,"column":47},"end":{"line":1148,"column":76}},"type":"cond-expr","locations":[{"start":{"line":1148,"column":61},"end":{"line":1148,"column":63}},{"start":{"line":1148,"column":66},"end":{"line":1148,"column":76}}],"line":1148},"163":{"loc":{"start":{"line":1148,"column":66},"end":{"line":1148,"column":76}},"type":"binary-expr","locations":[{"start":{"line":1148,"column":66},"end":{"line":1148,"column":70}},{"start":{"line":1148,"column":74},"end":{"line":1148,"column":76}}],"line":1148},"164":{"loc":{"start":{"line":1149,"column":46},"end":{"line":1149,"column":73}},"type":"cond-expr","locations":[{"start":{"line":1149,"column":59},"end":{"line":1149,"column":61}},{"start":{"line":1149,"column":64},"end":{"line":1149,"column":73}}],"line":1149},"165":{"loc":{"start":{"line":1149,"column":64},"end":{"line":1149,"column":73}},"type":"binary-expr","locations":[{"start":{"line":1149,"column":64},"end":{"line":1149,"column":67}},{"start":{"line":1149,"column":71},"end":{"line":1149,"column":73}}],"line":1149},"166":{"loc":{"start":{"line":1150,"column":47},"end":{"line":1150,"column":76}},"type":"cond-expr","locations":[{"start":{"line":1150,"column":61},"end":{"line":1150,"column":63}},{"start":{"line":1150,"column":66},"end":{"line":1150,"column":76}}],"line":1150},"167":{"loc":{"start":{"line":1150,"column":66},"end":{"line":1150,"column":76}},"type":"binary-expr","locations":[{"start":{"line":1150,"column":66},"end":{"line":1150,"column":70}},{"start":{"line":1150,"column":74},"end":{"line":1150,"column":76}}],"line":1150},"168":{"loc":{"start":{"line":1151,"column":47},"end":{"line":1151,"column":76}},"type":"cond-expr","locations":[{"start":{"line":1151,"column":61},"end":{"line":1151,"column":63}},{"start":{"line":1151,"column":66},"end":{"line":1151,"column":76}}],"line":1151},"169":{"loc":{"start":{"line":1151,"column":66},"end":{"line":1151,"column":76}},"type":"binary-expr","locations":[{"start":{"line":1151,"column":66},"end":{"line":1151,"column":70}},{"start":{"line":1151,"column":74},"end":{"line":1151,"column":76}}],"line":1151},"170":{"loc":{"start":{"line":1152,"column":48},"end":{"line":1152,"column":79}},"type":"cond-expr","locations":[{"start":{"line":1152,"column":63},"end":{"line":1152,"column":65}},{"start":{"line":1152,"column":68},"end":{"line":1152,"column":79}}],"line":1152},"171":{"loc":{"start":{"line":1152,"column":68},"end":{"line":1152,"column":79}},"type":"binary-expr","locations":[{"start":{"line":1152,"column":68},"end":{"line":1152,"column":73}},{"start":{"line":1152,"column":77},"end":{"line":1152,"column":79}}],"line":1152},"172":{"loc":{"start":{"line":1180,"column":2},"end":{"line":1240,"column":3}},"type":"if","locations":[{"start":{"line":1180,"column":2},"end":{"line":1240,"column":3}},{"start":{},"end":{}}],"line":1180},"173":{"loc":{"start":{"line":1253,"column":4},"end":{"line":1255,"column":5}},"type":"if","locations":[{"start":{"line":1253,"column":4},"end":{"line":1255,"column":5}},{"start":{},"end":{}}],"line":1253},"174":{"loc":{"start":{"line":1253,"column":8},"end":{"line":1253,"column":27}},"type":"binary-expr","locations":[{"start":{"line":1253,"column":8},"end":{"line":1253,"column":14}},{"start":{"line":1253,"column":18},"end":{"line":1253,"column":27}}],"line":1253}},"s":{"0":10,"1":10,"2":10,"3":10,"4":10,"5":10,"6":10,"7":10,"8":10,"9":10,"10":10,"11":10,"12":10,"13":10,"14":10,"15":10,"16":10,"17":10,"18":10,"19":10,"20":4,"21":4,"22":4,"23":4,"24":4,"25":4,"26":10,"27":47,"28":10,"29":12,"30":12,"31":0,"32":12,"33":9,"34":3,"35":3,"36":0,"37":3,"38":10,"39":9,"40":9,"41":1,"42":10,"43":1,"44":1,"45":4,"46":0,"47":0,"48":10,"49":0,"50":0,"51":0,"52":0,"53":0,"54":0,"55":0,"56":0,"57":0,"58":0,"59":0,"60":0,"61":0,"62":0,"63":0,"64":0,"65":0,"66":0,"67":0,"68":0,"69":0,"70":0,"71":0,"72":0,"73":10,"74":0,"75":0,"76":0,"77":0,"78":0,"79":10,"80":18,"81":18,"82":18,"83":18,"84":18,"85":18,"86":18,"87":18,"88":18,"89":18,"90":8,"91":18,"92":18,"93":18,"94":18,"95":3,"96":3,"97":18,"98":3,"99":3,"100":18,"101":3,"102":3,"103":18,"104":3,"105":3,"106":18,"107":4,"108":18,"109":4,"110":18,"111":1,"112":18,"113":1,"114":1,"115":18,"116":1,"117":18,"118":0,"119":18,"120":18,"121":18,"122":18,"123":20,"124":20,"125":18,"126":22,"127":12,"128":10,"129":10,"130":0,"131":22,"132":44,"133":22,"134":22,"135":0,"136":0,"137":18,"138":0,"139":18,"140":0,"141":0,"142":10,"143":0,"144":0,"145":0,"146":0,"147":0,"148":0,"149":0,"150":0,"151":10,"152":4,"153":4,"154":4,"155":1,"156":3,"157":3,"158":3,"159":3,"160":3,"161":3,"162":10,"163":5,"164":5,"165":5,"166":1,"167":4,"168":4,"169":1,"170":3,"171":3,"172":3,"173":1,"174":2,"175":3,"176":10,"177":0,"178":0,"179":0,"180":0,"181":0,"182":0,"183":0,"184":0,"185":10,"186":1,"187":1,"188":10,"189":2,"190":1,"191":1,"192":10,"193":5,"194":5,"195":5,"196":1,"197":1,"198":4,"199":4,"200":4,"201":4,"202":4,"203":0,"204":10,"205":0,"206":0,"207":0,"208":0,"209":0,"210":0,"211":0,"212":0,"213":0,"214":0,"215":0,"216":0,"217":0,"218":0,"219":0,"220":0,"221":0,"222":0,"223":0,"224":0,"225":0,"226":0,"227":0,"228":0,"229":0,"230":0,"231":0,"232":0,"233":0,"234":0,"235":0,"236":0,"237":0,"238":0,"239":0,"240":0,"241":0,"242":0,"243":0,"244":0,"245":0,"246":0,"247":0,"248":0,"249":0,"250":0,"251":0,"252":0,"253":0,"254":0,"255":0,"256":0,"257":0,"258":0,"259":0,"260":0,"261":0,"262":0,"263":0,"264":0,"265":0,"266":0,"267":0,"268":0,"269":0,"270":0,"271":0,"272":0,"273":0,"274":0,"275":0,"276":0,"277":0,"278":0,"279":0,"280":0,"281":0,"282":0,"283":0,"284":0,"285":0,"286":0,"287":0,"288":0,"289":0,"290":0,"291":0,"292":0,"293":0,"294":0,"295":0,"296":0,"297":0,"298":0,"299":0,"300":0,"301":0,"302":0,"303":0,"304":0,"305":0,"306":0,"307":0,"308":0,"309":0,"310":0,"311":0,"312":0,"313":0,"314":0,"315":0,"316":0,"317":0,"318":0,"319":0,"320":0,"321":0,"322":0,"323":0,"324":0,"325":0,"326":0,"327":0,"328":0,"329":0,"330":0,"331":0,"332":0,"333":0,"334":0,"335":0,"336":0,"337":0,"338":0,"339":0,"340":0,"341":0,"342":0,"343":0,"344":0,"345":0,"346":0,"347":0,"348":10,"349":4,"350":4,"351":4,"352":4,"353":4,"354":4,"355":4,"356":4,"357":2,"358":2,"359":4,"360":4,"361":4,"362":4,"363":4,"364":0,"365":4,"366":4,"367":0,"368":0,"369":4,"370":4,"371":0,"372":0,"373":10,"374":0,"375":0,"376":0,"377":0,"378":0,"379":0,"380":0,"381":0,"382":0,"383":0,"384":0,"385":0,"386":0,"387":10,"388":0,"389":0,"390":0,"391":0,"392":0,"393":10,"394":0,"395":0,"396":0,"397":0,"398":10,"399":0,"400":0,"401":0,"402":0,"403":10,"404":4,"405":4,"406":4,"407":4,"408":4,"409":4,"410":4,"411":4,"412":4,"413":1,"414":1,"415":1,"416":1,"417":1,"418":1,"419":1,"420":1,"421":1,"422":1,"423":1,"424":1,"425":1,"426":1,"427":1,"428":1,"429":1,"430":1,"431":1,"432":1,"433":1,"434":1,"435":1,"436":1,"437":1,"438":1,"439":1,"440":1,"441":1,"442":1,"443":1,"444":1,"445":1,"446":1,"447":1,"448":1,"449":1,"450":1,"451":1,"452":1,"453":1,"454":14,"455":1,"456":1,"457":1,"458":1,"459":1,"460":1,"461":1,"462":1,"463":1,"464":0,"465":0,"466":4,"467":1,"468":1,"469":1,"470":1,"471":1,"472":1,"473":1,"474":1,"475":1,"476":1,"477":1,"478":1,"479":1,"480":1,"481":1,"482":1,"483":1,"484":1,"485":1,"486":1,"487":1,"488":1,"489":1,"490":1,"491":1,"492":1,"493":1,"494":1,"495":1,"496":1,"497":1,"498":1,"499":1,"500":1,"501":1,"502":1,"503":1,"504":1,"505":1,"506":1,"507":1,"508":1,"509":1,"510":1,"511":1,"512":1,"513":1,"514":0,"515":0,"516":0,"517":0,"518":0,"519":0,"520":0,"521":0,"522":0,"523":0,"524":0,"525":0,"526":0,"527":0,"528":1,"529":28,"530":1,"531":1,"532":1,"533":1,"534":1,"535":1,"536":1,"537":1,"538":1,"539":0,"540":0,"541":4,"542":1,"543":1,"544":1,"545":1,"546":1,"547":1,"548":1,"549":1,"550":1,"551":1,"552":1,"553":1,"554":1,"555":1,"556":1,"557":1,"558":1,"559":1,"560":1,"561":1,"562":1,"563":1,"564":1,"565":1,"566":1,"567":1,"568":1,"569":1,"570":1,"571":1,"572":1,"573":1,"574":1,"575":1,"576":1,"577":1,"578":1,"579":1,"580":1,"581":1,"582":1,"583":1,"584":17,"585":1,"586":1,"587":1,"588":1,"589":1,"590":1,"591":1,"592":1,"593":1,"594":0,"595":0,"596":4,"597":1,"598":1,"599":1,"600":1,"601":1,"602":1,"603":1,"604":1,"605":1,"606":1,"607":1,"608":1,"609":1,"610":1,"611":1,"612":1,"613":1,"614":1,"615":1,"616":1,"617":1,"618":1,"619":1,"620":1,"621":1,"622":1,"623":1,"624":1,"625":10,"626":1,"627":1,"628":1,"629":1,"630":1,"631":1,"632":1,"633":1,"634":1,"635":0,"636":0,"637":10,"638":2,"639":2,"640":2,"641":2,"642":2,"643":0,"644":2,"645":2,"646":2,"647":2,"648":2,"649":1,"650":1,"651":1,"652":10,"653":10,"654":10},"f":{"0":4,"1":47,"2":12,"3":0,"4":0,"5":0,"6":0,"7":0,"8":18,"9":20,"10":44,"11":0,"12":4,"13":5,"14":0,"15":0,"16":0,"17":1,"18":1,"19":2,"20":5,"21":0,"22":0,"23":0,"24":4,"25":0,"26":0,"27":0,"28":0,"29":4,"30":14,"31":28,"32":17,"33":10,"34":2,"35":10},"b":{"0":[10,10],"1":[0,12],"2":[12,12],"3":[9,3],"4":[0,3],"5":[3,3],"6":[2,1],"7":[9,1],"8":[8,1],"9":[1,9],"10":[0,0],"11":[0,0],"12":[0,0],"13":[0,0],"14":[0,0],"15":[18,0],"16":[18,12],"17":[3,15],"18":[18,18],"19":[3,15],"20":[18,18],"21":[3,15],"22":[18,18],"23":[3,15],"24":[18,18],"25":[4,14],"26":[4,14],"27":[1,17],"28":[18,18],"29":[1,17],"30":[18,18],"31":[1,17],"32":[18,18],"33":[0,18],"34":[12,10],"35":[10,0],"36":[18,26],"37":[0,22],"38":[0,18],"39":[0,0],"40":[1,3],"41":[1,4],"42":[1,3],"43":[1,2],"44":[0,0],"45":[0,0],"46":[1,1],"47":[1,4],"48":[0,4],"49":[0,0],"50":[0,0],"51":[0,0],"52":[0,0],"53":[0,0],"54":[0,0],"55":[0,0],"56":[0,0],"57":[0,0,0,0,0,0,0],"58":[0,0],"59":[0,0,0,0],"60":[0,0],"61":[0,0,0,0,0,0,0,0,0,0,0,0,0,0],"62":[0,0],"63":[0,0,0,0,0,0,0],"64":[4,0],"65":[2,2],"66":[4,0],"67":[4,0],"68":[0,4],"69":[0,4],"70":[0,0],"71":[1,3],"72":[0,1],"73":[1,0],"74":[0,1],"75":[1,1],"76":[0,1],"77":[1,1],"78":[0,1],"79":[1,1],"80":[0,1],"81":[1,1],"82":[0,1],"83":[1,1],"84":[0,1],"85":[1,1],"86":[0,1],"87":[1,1],"88":[0,1],"89":[1,1],"90":[0,1],"91":[1,1],"92":[1,3],"93":[1,0],"94":[1,1,0],"95":[0,1],"96":[1,0],"97":[0,1],"98":[1,1],"99":[0,1],"100":[1,1],"101":[0,1],"102":[1,1],"103":[0,1],"104":[1,1],"105":[0,1],"106":[1,0],"107":[0,1],"108":[1,1],"109":[0,1],"110":[1,1],"111":[0,1],"112":[1,1],"113":[0,1],"114":[1,1],"115":[0,1],"116":[1,1],"117":[0,0],"118":[0,0,0,0,0,0,0],"119":[0,0],"120":[0,0],"121":[0,0],"122":[0,0],"123":[0,0],"124":[0,0],"125":[0,0],"126":[0,0],"127":[0,0],"128":[0,0],"129":[0,0],"130":[0,0],"131":[0,0],"132":[0,0],"133":[0,0],"134":[0,0],"135":[0,0],"136":[0,0],"137":[0,0],"138":[0,0],"139":[0,0],"140":[0,0],"141":[0,0],"142":[0,0],"143":[0,0],"144":[0,0],"145":[1,3],"146":[0,1],"147":[1,1],"148":[0,1],"149":[1,1],"150":[0,1],"151":[1,1],"152":[0,1],"153":[1,1],"154":[0,1],"155":[1,1],"156":[0,1],"157":[1,1],"158":[0,1],"159":[1,1],"160":[0,1],"161":[1,0],"162":[0,1],"163":[1,0],"164":[0,1],"165":[1,0],"166":[0,1],"167":[1,1],"168":[0,1],"169":[1,1],"170":[0,1],"171":[1,1],"172":[1,3],"173":[0,2],"174":[2,2]},"_coverageSchema":"1a1c01bbd47fc00a2c39e90264f33305004495a9","hash":"00f9c38505843ed5532a2bb22cae5117130ef451"}
,"D:\\GitHub\\Bioscopic-LIS\\Server\\models\\data.js": {"path":"D:\\GitHub\\Bioscopic-LIS\\Server\\models\\data.js","statementMap":{"0":{"start":{"line":1,"column":17},"end":{"line":1,"column":36}},"1":{"start":{"line":3,"column":19},"end":{"line":16,"column":1}},"2":{"start":{"line":18,"column":18},"end":{"line":18,"column":53}},"3":{"start":{"line":20,"column":22},"end":{"line":35,"column":1}},"4":{"start":{"line":37,"column":21},"end":{"line":37,"column":62}},"5":{"start":{"line":39,"column":22},"end":{"line":53,"column":1}},"6":{"start":{"line":55,"column":21},"end":{"line":55,"column":62}},"7":{"start":{"line":57,"column":25},"end":{"line":86,"column":1}},"8":{"start":{"line":74,"column":20},"end":{"line":74,"column":86}},"9":{"start":{"line":88,"column":33},"end":{"line":120,"column":1}},"10":{"start":{"line":123,"column":24},"end":{"line":142,"column":1}},"11":{"start":{"line":144,"column":23},"end":{"line":156,"column":1}},"12":{"start":{"line":158,"column":26},"end":{"line":165,"column":1}},"13":{"start":{"line":167,"column":25},"end":{"line":167,"column":73}},"14":{"start":{"line":169,"column":23},"end":{"line":169,"column":76}},"15":{"start":{"line":170,"column":22},"end":{"line":170,"column":73}},"16":{"start":{"line":171,"column":24},"end":{"line":171,"column":79}},"17":{"start":{"line":172,"column":32},"end":{"line":172,"column":95}},"18":{"start":{"line":173,"column":23},"end":{"line":173,"column":76}},"19":{"start":{"line":174,"column":21},"end":{"line":174,"column":68}},"20":{"start":{"line":176,"column":14},"end":{"line":186,"column":1}},"21":{"start":{"line":188,"column":0},"end":{"line":188,"column":33}},"22":{"start":{"line":189,"column":0},"end":{"line":189,"column":35}}},"fnMap":{"0":{"name":"(anonymous_0)","decl":{"start":{"line":73,"column":27},"end":{"line":73,"column":28}},"loc":{"start":{"line":73,"column":39},"end":{"line":75,"column":17}},"line":73}},"branchMap":{"0":{"loc":{"start":{"line":74,"column":27},"end":{"line":74,"column":85}},"type":"cond-expr","locations":[{"start":{"line":74,"column":52},"end":{"line":74,"column":78}},{"start":{"line":74,"column":81},"end":{"line":74,"column":85}}],"line":74}},"s":{"0":10,"1":10,"2":10,"3":10,"4":10,"5":10,"6":10,"7":10,"8":0,"9":10,"10":10,"11":10,"12":10,"13":10,"14":10,"15":10,"16":10,"17":10,"18":10,"19":10,"20":10,"21":10,"22":10},"f":{"0":0},"b":{"0":[0,0]},"_coverageSchema":"1a1c01bbd47fc00a2c39e90264f33305004495a9","hash":"ea8451bbd07545289fbcca412d3b98785a78f35d"}
}
