TN:
SF:db.js
FN:3,(anonymous_0)
FNF:1
FNH:1
FNDA:9,(anonymous_0)
DA:1,9
DA:3,9
DA:4,9
DA:5,0
DA:6,0
DA:7,0
DA:9,0
DA:10,0
DA:15,9
LF:9
LH:4
BRDA:4,0,0,0
BRDA:4,0,1,9
BRF:2
BRH:1
end_of_record
TN:
SF:index.js
FN:30,(anonymous_0)
FN:61,(anonymous_1)
FN:73,(anonymous_2)
FN:77,(anonymous_3)
FN:139,(anonymous_4)
FN:162,(anonymous_5)
FN:258,(anonymous_6)
FN:274,(anonymous_7)
FN:320,(anonymous_8)
FN:362,(anonymous_9)
FN:382,(anonymous_10)
FN:434,(anonymous_11)
FN:436,(anonymous_12)
FN:446,(anonymous_13)
FN:678,(anonymous_14)
FN:719,(anonymous_15)
FN:729,(anonymous_16)
FN:738,(anonymous_17)
FNF:18
FNH:11
FNDA:0,(anonymous_0)
FNDA:4,(anonymous_1)
FNDA:47,(anonymous_2)
FNDA:12,(anonymous_3)
FNDA:0,(anonymous_4)
FNDA:14,(anonymous_5)
FNDA:8,(anonymous_6)
FNDA:34,(anonymous_7)
FNDA:4,(anonymous_8)
FNDA:3,(anonymous_9)
FNDA:5,(anonymous_10)
FNDA:0,(anonymous_11)
FNDA:0,(anonymous_12)
FNDA:0,(anonymous_13)
FNDA:3,(anonymous_14)
FNDA:0,(anonymous_15)
FNDA:0,(anonymous_16)
FNDA:9,(anonymous_17)
DA:3,9
DA:4,9
DA:5,9
DA:6,9
DA:7,9
DA:21,9
DA:23,9
DA:24,9
DA:26,9
DA:27,9
DA:28,9
DA:30,9
DA:31,0
DA:33,0
DA:34,0
DA:35,0
DA:36,0
DA:37,0
DA:38,0
DA:39,0
DA:40,0
DA:41,0
DA:44,0
DA:56,0
DA:57,0
DA:61,9
DA:62,4
DA:64,4
DA:65,4
DA:66,4
DA:69,4
DA:70,4
DA:72,10
DA:73,47
DA:77,10
DA:78,12
DA:81,12
DA:82,0
DA:86,12
DA:87,9
DA:90,3
DA:93,3
DA:94,0
DA:98,3
DA:104,10
DA:105,9
DA:112,9
DA:119,1
DA:126,10
DA:127,1
DA:128,1
DA:132,4
DA:134,0
DA:135,0
DA:139,9
DA:140,0
DA:141,0
DA:155,0
DA:157,0
DA:158,0
DA:162,9
DA:163,14
DA:165,14
DA:166,14
DA:167,14
DA:168,14
DA:169,14
DA:171,14
DA:172,14
DA:173,14
DA:174,14
DA:177,3
DA:179,14
DA:189,14
DA:190,14
DA:191,14
DA:195,3
DA:196,3
DA:199,14
DA:203,3
DA:204,3
DA:207,14
DA:211,3
DA:212,3
DA:215,14
DA:219,3
DA:220,3
DA:224,14
DA:225,4
DA:227,14
DA:228,4
DA:231,14
DA:233,1
DA:236,14
DA:238,1
DA:239,1
DA:242,14
DA:244,1
DA:248,14
DA:249,0
DA:252,14
DA:257,14
DA:258,14
DA:259,8
DA:263,14
DA:265,17
DA:266,10
DA:267,7
DA:268,7
DA:270,0
DA:274,17
DA:275,34
DA:287,17
DA:302,17
DA:303,0
DA:304,0
DA:309,14
DA:310,0
DA:313,14
DA:315,0
DA:316,0
DA:320,9
DA:331,4
DA:333,4
DA:334,4
DA:335,4
DA:336,1
DA:338,3
DA:339,3
DA:340,3
DA:341,3
DA:352,3
DA:353,3
DA:355,0
DA:356,0
DA:362,9
DA:363,3
DA:365,3
DA:366,3
DA:367,3
DA:368,1
DA:371,2
DA:372,2
DA:373,1
DA:375,1
DA:377,0
DA:378,0
DA:382,9
DA:395,5
DA:396,5
DA:397,5
DA:398,1
DA:399,1
DA:404,4
DA:407,4
DA:411,4
DA:424,4
DA:425,4
DA:428,0
DA:434,9
DA:435,0
DA:436,0
DA:437,0
DA:438,0
DA:439,0
DA:440,0
DA:442,0
DA:443,0
DA:446,0
DA:447,0
DA:448,0
DA:456,0
DA:457,0
DA:458,0
DA:459,0
DA:460,0
DA:462,0
DA:465,0
DA:466,0
DA:470,0
DA:473,0
DA:474,0
DA:476,0
DA:478,0
DA:480,0
DA:488,0
DA:490,0
DA:491,0
DA:492,0
DA:493,0
DA:494,0
DA:495,0
DA:496,0
DA:497,0
DA:501,0
DA:502,0
DA:504,0
DA:505,0
DA:518,0
DA:520,0
DA:524,0
DA:525,0
DA:527,0
DA:528,0
DA:530,0
DA:531,0
DA:532,0
DA:533,0
DA:534,0
DA:535,0
DA:536,0
DA:537,0
DA:538,0
DA:540,0
DA:541,0
DA:543,0
DA:544,0
DA:546,0
DA:547,0
DA:549,0
DA:550,0
DA:552,0
DA:553,0
DA:555,0
DA:556,0
DA:557,0
DA:558,0
DA:559,0
DA:560,0
DA:562,0
DA:563,0
DA:564,0
DA:565,0
DA:566,0
DA:567,0
DA:568,0
DA:569,0
DA:571,0
DA:572,0
DA:573,0
DA:574,0
DA:575,0
DA:576,0
DA:577,0
DA:578,0
DA:579,0
DA:580,0
DA:582,0
DA:583,0
DA:585,0
DA:586,0
DA:588,0
DA:589,0
DA:591,0
DA:592,0
DA:594,0
DA:595,0
DA:597,0
DA:598,0
DA:600,0
DA:601,0
DA:603,0
DA:604,0
DA:606,0
DA:607,0
DA:609,0
DA:610,0
DA:612,0
DA:613,0
DA:615,0
DA:616,0
DA:618,0
DA:619,0
DA:621,0
DA:622,0
DA:624,0
DA:625,0
DA:627,0
DA:628,0
DA:630,0
DA:631,0
DA:634,0
DA:635,0
DA:637,0
DA:638,0
DA:640,0
DA:641,0
DA:643,0
DA:644,0
DA:646,0
DA:647,0
DA:649,0
DA:650,0
DA:652,0
DA:653,0
DA:655,0
DA:656,0
DA:659,0
DA:661,0
DA:663,0
DA:666,0
DA:673,0
DA:674,0
DA:678,9
DA:679,3
DA:680,3
DA:682,3
DA:687,3
DA:694,3
DA:695,1
DA:697,2
DA:700,3
DA:706,3
DA:707,0
DA:708,0
DA:711,3
DA:712,3
DA:714,0
DA:715,0
DA:719,9
DA:720,0
DA:721,0
DA:722,0
DA:724,0
DA:725,0
DA:729,9
DA:730,0
DA:731,0
DA:732,0
DA:734,0
DA:738,9
DA:739,9
DA:742,9
LF:333
LH:143
BRDA:24,0,0,9
BRDA:24,0,1,9
BRDA:81,1,0,0
BRDA:81,1,1,12
BRDA:81,2,0,12
BRDA:81,2,1,12
BRDA:86,3,0,9
BRDA:86,3,1,3
BRDA:93,4,0,0
BRDA:93,4,1,3
BRDA:93,5,0,3
BRDA:93,5,1,3
BRDA:98,6,0,2
BRDA:98,6,1,1
BRDA:104,7,0,9
BRDA:104,7,1,1
BRDA:105,8,0,8
BRDA:105,8,1,1
BRDA:126,9,0,1
BRDA:126,9,1,9
BRDA:171,10,0,14
BRDA:171,10,1,0
BRDA:171,11,0,14
BRDA:171,11,1,11
BRDA:191,12,0,3
BRDA:191,12,1,11
BRDA:192,13,0,14
BRDA:192,13,1,14
BRDA:199,14,0,3
BRDA:199,14,1,11
BRDA:200,15,0,14
BRDA:200,15,1,14
BRDA:207,16,0,3
BRDA:207,16,1,11
BRDA:208,17,0,14
BRDA:208,17,1,14
BRDA:215,18,0,3
BRDA:215,18,1,11
BRDA:216,19,0,14
BRDA:216,19,1,14
BRDA:224,20,0,4
BRDA:224,20,1,10
BRDA:227,21,0,4
BRDA:227,21,1,10
BRDA:231,22,0,1
BRDA:231,22,1,13
BRDA:231,23,0,14
BRDA:231,23,1,14
BRDA:236,24,0,1
BRDA:236,24,1,13
BRDA:236,25,0,14
BRDA:236,25,1,14
BRDA:242,26,0,1
BRDA:242,26,1,13
BRDA:242,27,0,14
BRDA:242,27,1,14
BRDA:248,28,0,0
BRDA:248,28,1,14
BRDA:265,29,0,10
BRDA:265,29,1,7
BRDA:267,30,0,7
BRDA:267,30,1,0
BRDA:275,31,0,18
BRDA:275,31,1,16
BRDA:302,32,0,0
BRDA:302,32,1,17
BRDA:309,33,0,0
BRDA:309,33,1,14
BRDA:335,34,0,1
BRDA:335,34,1,3
BRDA:367,35,0,1
BRDA:367,35,1,2
BRDA:372,36,0,1
BRDA:372,36,1,1
BRDA:397,37,0,1
BRDA:397,37,1,4
BRDA:407,38,0,0
BRDA:407,38,1,4
BRDA:457,39,0,0
BRDA:457,39,1,0
BRDA:473,40,0,0
BRDA:473,40,1,0
BRDA:490,41,0,0
BRDA:490,41,1,0
BRDA:492,42,0,0
BRDA:492,42,1,0
BRDA:494,43,0,0
BRDA:494,43,1,0
BRDA:496,44,0,0
BRDA:496,44,1,0
BRDA:502,45,0,0
BRDA:502,45,1,0
BRDA:524,46,0,0
BRDA:524,46,1,0
BRDA:525,47,0,0
BRDA:525,47,1,0
BRDA:525,47,2,0
BRDA:525,47,3,0
BRDA:525,47,4,0
BRDA:525,47,5,0
BRDA:525,47,6,0
BRDA:555,48,0,0
BRDA:555,48,1,0
BRDA:560,49,0,0
BRDA:560,49,1,0
BRDA:560,49,2,0
BRDA:560,49,3,0
BRDA:588,50,0,0
BRDA:588,50,1,0
BRDA:589,51,0,0
BRDA:589,51,1,0
BRDA:589,51,2,0
BRDA:589,51,3,0
BRDA:589,51,4,0
BRDA:589,51,5,0
BRDA:589,51,6,0
BRDA:589,51,7,0
BRDA:589,51,8,0
BRDA:589,51,9,0
BRDA:589,51,10,0
BRDA:589,51,11,0
BRDA:589,51,12,0
BRDA:589,51,13,0
BRDA:634,52,0,0
BRDA:634,52,1,0
BRDA:635,53,0,0
BRDA:635,53,1,0
BRDA:635,53,2,0
BRDA:635,53,3,0
BRDA:635,53,4,0
BRDA:635,53,5,0
BRDA:635,53,6,0
BRDA:694,54,0,1
BRDA:694,54,1,2
BRDA:706,55,0,0
BRDA:706,55,1,3
BRF:136
BRH:73
end_of_record
TN:
SF:models\data.js
FN:73,(anonymous_0)
FNF:1
FNH:0
FNDA:0,(anonymous_0)
DA:1,9
DA:3,9
DA:18,9
DA:20,9
DA:37,9
DA:39,9
DA:55,9
DA:57,9
DA:74,0
DA:88,9
DA:123,9
DA:144,9
DA:158,9
DA:167,9
DA:169,9
DA:170,9
DA:171,9
DA:172,9
DA:173,9
DA:174,9
DA:176,9
DA:188,9
DA:189,9
LF:23
LH:22
BRDA:74,0,0,0
BRDA:74,0,1,0
BRF:2
BRH:0
end_of_record
